INFO	[2015-04-02 16:26:38:79] <25044> ===============================================================
INFO	[2015-04-02 16:26:38:79] <25044> START AgsPay40 php (OS:Linux2.6.18-348.4.1.el5,PHP:5.2.9p2)
INFO	[2015-04-02 16:26:38:79] <25044> card Pay Start!
INFO	[2015-04-02 16:26:38:79] <25044> AgsPayHome:../agspay
INFO	[2015-04-02 16:26:38:79] <25044> StoreId:clovergd
INFO	[2015-04-02 16:26:38:79] <25044> log:true
INFO	[2015-04-02 16:26:38:79] <25044> logLevel:INFO
INFO	[2015-04-02 16:26:38:79] <25044> UseNetCancel:true
INFO	[2015-04-02 16:26:38:79] <25044> Type:Pay
INFO	[2015-04-02 16:26:38:79] <25044> RecvLen:7
INFO	[2015-04-02 16:26:38:79] <25044> AuthTy:card
INFO	[2015-04-02 16:26:38:79] <25044> SubTy:visa3d
INFO	[2015-04-02 16:26:38:79] <25044> OrdNo:20150402_042120_
INFO	[2015-04-02 16:26:38:79] <25044> Amt:1000
INFO	[2015-04-02 16:26:38:79] <25044> UserEmail:dcmdcm1@naver.com@
INFO	[2015-04-02 16:26:38:79] <25044> ProdNm:안산평화의집
INFO	[2015-04-02 16:26:38:79] <25044> MallUrl:http://www.clovergarden.com
INFO	[2015-04-02 16:26:38:79] <25044> UserId:test
INFO	[2015-04-02 16:26:38:79] <25044> OrdNm:이명석
INFO	[2015-04-02 16:26:38:79] <25044> OrdPhone:010-2532-9289
INFO	[2015-04-02 16:26:38:79] <25044> OrdAddr:
INFO	[2015-04-02 16:26:38:79] <25044> RcpNm:
INFO	[2015-04-02 16:26:38:79] <25044> RcpPhone:
INFO	[2015-04-02 16:26:38:80] <25044> DlvAddr:
INFO	[2015-04-02 16:26:38:80] <25044> Remark:
INFO	[2015-04-02 16:26:38:80] <25044> DeviId:9000400001
INFO	[2015-04-02 16:26:38:80] <25044> AuthYn:N;121.160.6.71;N;;1000;;;;;
INFO	[2015-04-02 16:26:38:80] <25044> Instmt:00
INFO	[2015-04-02 16:26:38:80] <25044> UserIp:121.160.6.71
INFO	[2015-04-02 16:26:38:80] <25044> partial_mm:
INFO	[2015-04-02 16:26:38:80] <25044> noIntMonth:
INFO	[2015-04-02 16:26:38:80] <25044> KVP_CURRENCY:WON
INFO	[2015-04-02 16:26:38:80] <25044> KVP_CARDCODE:
INFO	[2015-04-02 16:26:38:80] <25044> KVP_SESSIONKEY:
INFO	[2015-04-02 16:26:38:80] <25044> KVP_ENCDATA:
INFO	[2015-04-02 16:26:38:80] <25044> KVP_CONAME:
INFO	[2015-04-02 16:26:38:80] <25044> KVP_NOINT:
INFO	[2015-04-02 16:26:38:80] <25044> KVP_QUOTA:
INFO	[2015-04-02 16:26:38:80] <25044> CardNo:4658875873428033
INFO	[2015-04-02 16:26:38:80] <25044> MPI_CAVV:AAABApiQFyAVBAIWJpAXAAAAAAA=
INFO	[2015-04-02 16:26:38:80] <25044> MPI_ECI:05
INFO	[2015-04-02 16:26:38:80] <25044> MPI_MD64:MjAxNTA0MDIxNjM0NDY0MDMxMjA=
INFO	[2015-04-02 16:26:38:80] <25044> ExpMon:12
INFO	[2015-04-02 16:26:38:80] <25044> ExpYear:2049
INFO	[2015-04-02 16:26:38:80] <25044> Passwd:
INFO	[2015-04-02 16:26:38:80] <25044> SocId:
INFO	[2015-04-02 16:26:38:80] <25044> ICHE_OUTBANKNAME:
INFO	[2015-04-02 16:26:38:80] <25044> ICHE_OUTACCTNO:
INFO	[2015-04-02 16:26:38:80] <25044> ICHE_OUTBANKMASTER:
INFO	[2015-04-02 16:26:38:80] <25044> ICHE_AMOUNT:
INFO	[2015-04-02 16:26:38:80] <25044> HP_SERVERINFO:
INFO	[2015-04-02 16:26:38:80] <25044> HP_HANDPHONE:
INFO	[2015-04-02 16:26:38:80] <25044> HP_COMPANY:
INFO	[2015-04-02 16:26:38:80] <25044> HP_ID:
INFO	[2015-04-02 16:26:38:80] <25044> HP_SUBID:
INFO	[2015-04-02 16:26:38:80] <25044> HP_UNITType:
INFO	[2015-04-02 16:26:38:80] <25044> HP_IDEN:
INFO	[2015-04-02 16:26:38:80] <25044> HP_IPADDR:
INFO	[2015-04-02 16:26:38:80] <25044> ARS_NAME:
INFO	[2015-04-02 16:26:38:80] <25044> ARS_PHONE:
INFO	[2015-04-02 16:26:38:80] <25044> VIRTUAL_CENTERCD:99
INFO	[2015-04-02 16:26:38:80] <25044> VIRTUAL_DEPODT:
INFO	[2015-04-02 16:26:38:80] <25044> ZuminCode:
INFO	[2015-04-02 16:26:38:80] <25044> MallPage:
INFO	[2015-04-02 16:26:38:80] <25044> VIRTUAL_NO:
INFO	[2015-04-02 16:26:38:80] <25044> ES_SENDNO:
INFO	[2015-04-02 16:26:38:80] <25044> ICHE_SOCKETYN:Y
INFO	[2015-04-02 16:26:38:81] <25044> ICHE_POSMTID:
INFO	[2015-04-02 16:26:38:81] <25044> ICHE_FNBCMTID:
INFO	[2015-04-02 16:26:38:81] <25044> ICHE_APTRTS:
INFO	[2015-04-02 16:26:38:81] <25044> ICHE_REMARK1:
INFO	[2015-04-02 16:26:38:81] <25044> ICHE_REMARK2:
INFO	[2015-04-02 16:26:38:81] <25044> ICHE_ECWYN:
INFO	[2015-04-02 16:26:38:81] <25044> ICHE_ECWID:
INFO	[2015-04-02 16:26:38:81] <25044> ICHE_ECWAMT1:
INFO	[2015-04-02 16:26:38:81] <25044> ICHE_ECWAMT2:
INFO	[2015-04-02 16:26:38:81] <25044> ICHE_CASHYN:N
INFO	[2015-04-02 16:26:38:81] <25044> ICHE_CASHGUBUN_CD:
INFO	[2015-04-02 16:26:38:81] <25044> ICHE_CASHID_NO:
INFO	[2015-04-02 16:26:38:81] <25044> ICHEARS_SOCKETYN:Y
INFO	[2015-04-02 16:26:38:81] <25044> ICHEARS_ADMNO:
INFO	[2015-04-02 16:26:38:81] <25044> ICHEARS_POSMTID:
INFO	[2015-04-02 16:26:38:81] <25044> ICHEARS_CENTERCD:
INFO	[2015-04-02 16:26:38:81] <25044> ICHEARS_HPNO:
INFO	[2015-04-02 16:26:38:81] <25044> Make NetCancel ID Start
INFO	[2015-04-02 16:26:38:81] <25044> AEGIS_VISAclovergd_20150402162638081788
INFO	[2015-04-02 16:26:38:81] <25044> Make NetCancel ID End
INFO	[2015-04-02 16:26:38:81] <25044> Make NetCancelID OK
INFO	[2015-04-02 16:26:38:81] <25044> Make Msg Start
INFO	[2015-04-02 16:26:38:81] <25044> Encrypt Start
INFO	[2015-04-02 16:26:38:81] <25044> Encrypt End
INFO	[2015-04-02 16:26:38:81] <25044> Encrypt Start
INFO	[2015-04-02 16:26:38:81] <25044> Encrypt End
INFO	[2015-04-02 16:26:38:81] <25044> Encrypt Start
INFO	[2015-04-02 16:26:38:81] <25044> Encrypt End
INFO	[2015-04-02 16:26:38:82] <25044> Encrypt Start
INFO	[2015-04-02 16:26:38:82] <25044> Encrypt End
INFO	[2015-04-02 16:26:38:82] <25044> card-visa3d Make MSG OK 
INFO	[2015-04-02 16:26:38:82] <25044> Make Msg End
INFO	[2015-04-02 16:26:38:82] <25044> Make Pay Msg OK
INFO	[2015-04-02 16:26:38:82] <25044> Send & Recv Msg Start
INFO	[2015-04-02 16:26:38:82] <25044> Send Data To PG Start [ 
INFO	[2015-04-02 16:26:38:82] <25044> 0:0003020plug15
INFO	[2015-04-02 16:26:38:82] <25044> 1:clovergd
INFO	[2015-04-02 16:26:38:82] <25044> 2:test
INFO	[2015-04-02 16:26:38:82] <25044> 3:1000
INFO	[2015-04-02 16:26:38:82] <25044> 4:20150402_042120_
INFO	[2015-04-02 16:26:38:82] <25044> 5:9000400001
INFO	[2015-04-02 16:26:38:82] <25044> 6:3049095648752649
INFO	[2015-04-02 16:26:38:82] <25044> 7:283587
INFO	[2015-04-02 16:26:38:82] <25044> 8:00
INFO	[2015-04-02 16:26:38:82] <25044> 9:N;121.160.6.71;N;;1000;;;;;
INFO	[2015-04-02 16:26:38:82] <25044> 10:
INFO	[2015-04-02 16:26:38:82] <25044> 11:
INFO	[2015-04-02 16:26:38:82] <25044> 12:
INFO	[2015-04-02 16:26:38:82] <25044> 13:
INFO	[2015-04-02 16:26:38:82] <25044> 14:
INFO	[2015-04-02 16:26:38:82] <25044> 15:이명석
INFO	[2015-04-02 16:26:38:82] <25044> 16:121.160.6.71;010-2532-9289
INFO	[2015-04-02 16:26:38:82] <25044> 17:dcmdcm1@naver.com@;
INFO	[2015-04-02 16:26:38:82] <25044> 18:안산평화의집
INFO	[2015-04-02 16:26:38:82] <25044> 19:AAABApiQFyAVBAIWJpAXAAAAAAA=
INFO	[2015-04-02 16:26:38:82] <25044> 20:MjAxNTA0MDIxNjM0NDY0MDMxMjA=
INFO	[2015-04-02 16:26:38:82] <25044> 21:05
INFO	[2015-04-02 16:26:38:82] <25044> 22:dcmdcm1@naver.com@
INFO	[2015-04-02 16:26:38:82] <25044> 23:AEGIS_VISAclovergd_20150402162638081788
INFO	[2015-04-02 16:26:38:82] <25044> 24:
INFO	[2015-04-02 16:26:38:82] <25044> ] Send Data To PG End 
INFO	[2015-04-02 16:26:38:82] <25044> SendMsg : [0003020plug15|clovergd|test|1000|20150402_042120_|9000400001|3049095648752649|283587|00|N;121.160.6.71;N;;1000;;;;;||||||이명석|121.160.6.71;010-2532-9289|dcmdcm1@naver.com@;|안산평화의집|AAABApiQFyAVBAIWJpAXAAAAAAA=|MjAxNTA0MDIxNjM0NDY0MDMxMjA=|05|dcmdcm1@naver.com@|AEGIS_VISAclovergd_20150402162638081788|]
INFO	[2015-04-02 16:26:38:82] <25044> Connect IP:[220.85.12.3] Port:[29760]
INFO	[2015-04-02 16:26:38:86] <25044> Socket Open OK
INFO	[2015-04-02 16:26:39:226] <25044> RecvMsg Length : [000116]
INFO	[2015-04-02 16:26:39:226] <25044> RecvMsg : [clovergd|0610|20150402_042120_|10023547|000000001000|y|정상승인|신한|20150402162856|0500|18570317|0500|신한|520564|
]
INFO	[2015-04-02 16:26:39:226] <25044> Socket Close OK
INFO	[2015-04-02 16:26:39:226] <25044> RecvMsg Length Check OK
INFO	[2015-04-02 16:26:39:226] <25044> Send & Recv Msg End
INFO	[2015-04-02 16:26:39:226] <25044> Send & Recv Msg OK
INFO	[2015-04-02 16:26:39:226] <25044> Parse Msg Start
INFO	[2015-04-02 16:26:39:226] <25044> card-visa3d RECV MSG Parsing OK 
INFO	[2015-04-02 16:26:39:226] <25044> Parse Msg End
INFO	[2015-04-02 16:26:39:226] <25044> Msg Parsing OK
INFO	[2015-04-02 16:26:39:227] <25044> card Pay Result Value [
INFO	[2015-04-02 16:26:39:227] <25044> NetCancID:AEGIS_VISAclovergd_20150402162638081788
INFO	[2015-04-02 16:26:39:227] <25044> rStoreId:clovergd
INFO	[2015-04-02 16:26:39:227] <25044> rBusiCd:0610
INFO	[2015-04-02 16:26:39:227] <25044> rOrdNo:20150402_042120_
INFO	[2015-04-02 16:26:39:227] <25044> rApprNo:10023547
INFO	[2015-04-02 16:26:39:227] <25044> rInstmt:00
INFO	[2015-04-02 16:26:39:227] <25044> rAmt:000000001000
INFO	[2015-04-02 16:26:39:227] <25044> rSuccYn:y
INFO	[2015-04-02 16:26:39:227] <25044> rResMsg:정상승인
INFO	[2015-04-02 16:26:39:227] <25044> rCardNm:신한
INFO	[2015-04-02 16:26:39:227] <25044> rApprTm:20150402162856
INFO	[2015-04-02 16:26:39:227] <25044> rCardCd:0500
INFO	[2015-04-02 16:26:39:227] <25044> rMembNo:18570317
INFO	[2015-04-02 16:26:39:227] <25044> rAquiCd:0500
INFO	[2015-04-02 16:26:39:227] <25044> rAquiNm:신한
INFO	[2015-04-02 16:26:39:227] <25044> rDealNo:520564
INFO	[2015-04-02 16:26:39:227] <25044> rProdNm:안산평화의집
INFO	[2015-04-02 16:26:39:227] <25044> ]
INFO	[2015-04-02 16:26:39:227] <25044> END  정상승인 Transaction time:[1.15sec]
INFO	[2015-04-02 16:26:39:227] <25044> ===============================================================
