INFO	[2015-08-31 17:50:13:613] <30108> ===============================================================
INFO	[2015-08-31 17:50:13:613] <30108> START AgsPay40 php (OS:Linux2.6.18-348.4.1.el5,PHP:5.2.9p2)
INFO	[2015-08-31 17:50:13:613] <30108> card Pay Start!
INFO	[2015-08-31 17:50:13:613] <30108> AgsPayHome:../agspay
INFO	[2015-08-31 17:50:13:613] <30108> StoreId:clovergd
INFO	[2015-08-31 17:50:13:613] <30108> log:true
INFO	[2015-08-31 17:50:13:613] <30108> logLevel:INFO
INFO	[2015-08-31 17:50:13:613] <30108> UseNetCancel:true
INFO	[2015-08-31 17:50:13:613] <30108> Type:Pay
INFO	[2015-08-31 17:50:13:613] <30108> RecvLen:7
INFO	[2015-08-31 17:50:13:613] <30108> AuthTy:card
INFO	[2015-08-31 17:50:13:613] <30108> SubTy:visa3d
INFO	[2015-08-31 17:50:13:613] <30108> OrdNo:20150831_054559_i01
INFO	[2015-08-31 17:50:13:613] <30108> Amt:10000
INFO	[2015-08-31 17:50:13:613] <30108> UserEmail:kdhlove741@
INFO	[2015-08-31 17:50:13:613] <30108> ProdNm:안산평화의집
INFO	[2015-08-31 17:50:13:613] <30108> MallUrl:http://www.clovergarden.com
INFO	[2015-08-31 17:50:13:613] <30108> UserId:kdhlove741@naver.com
INFO	[2015-08-31 17:50:13:613] <30108> OrdNm:김대호
INFO	[2015-08-31 17:50:13:613] <30108> OrdPhone:010-5511-6166
INFO	[2015-08-31 17:50:13:613] <30108> OrdAddr:
INFO	[2015-08-31 17:50:13:613] <30108> RcpNm:
INFO	[2015-08-31 17:50:13:613] <30108> RcpPhone:
INFO	[2015-08-31 17:50:13:613] <30108> DlvAddr:
INFO	[2015-08-31 17:50:13:613] <30108> Remark:
INFO	[2015-08-31 17:50:13:613] <30108> DeviId:9000400001
INFO	[2015-08-31 17:50:13:613] <30108> AuthYn:N;221.156.14.154;N;;10000;;;;;
INFO	[2015-08-31 17:50:13:613] <30108> Instmt:00
INFO	[2015-08-31 17:50:13:613] <30108> UserIp:221.156.14.154
INFO	[2015-08-31 17:50:13:613] <30108> partial_mm:
INFO	[2015-08-31 17:50:13:613] <30108> noIntMonth:
INFO	[2015-08-31 17:50:13:613] <30108> KVP_CURRENCY:WON
INFO	[2015-08-31 17:50:13:613] <30108> KVP_CARDCODE:
INFO	[2015-08-31 17:50:13:614] <30108> KVP_SESSIONKEY:
INFO	[2015-08-31 17:50:13:614] <30108> KVP_ENCDATA:
INFO	[2015-08-31 17:50:13:614] <30108> KVP_CONAME:
INFO	[2015-08-31 17:50:13:614] <30108> KVP_NOINT:
INFO	[2015-08-31 17:50:13:614] <30108> KVP_QUOTA:
INFO	[2015-08-31 17:50:13:614] <30108> CardNo:5428796653072955
INFO	[2015-08-31 17:50:13:614] <30108> MPI_CAVV:AAABAmE2cCAVCDEXSTZwAAAAERA=
INFO	[2015-08-31 17:50:13:614] <30108> MPI_ECI:05
INFO	[2015-08-31 17:50:13:614] <30108> MPI_MD64:MjAxNTA4MzExODA1NTYwNjIxMjA=
INFO	[2015-08-31 17:50:13:614] <30108> ExpMon:12
INFO	[2015-08-31 17:50:13:614] <30108> ExpYear:2049
INFO	[2015-08-31 17:50:13:614] <30108> Passwd:
INFO	[2015-08-31 17:50:13:614] <30108> SocId:
INFO	[2015-08-31 17:50:13:614] <30108> ICHE_OUTBANKNAME:
INFO	[2015-08-31 17:50:13:614] <30108> ICHE_OUTACCTNO:
INFO	[2015-08-31 17:50:13:614] <30108> ICHE_OUTBANKMASTER:
INFO	[2015-08-31 17:50:13:614] <30108> ICHE_AMOUNT:
INFO	[2015-08-31 17:50:13:614] <30108> HP_SERVERINFO:
INFO	[2015-08-31 17:50:13:614] <30108> HP_HANDPHONE:
INFO	[2015-08-31 17:50:13:614] <30108> HP_COMPANY:
INFO	[2015-08-31 17:50:13:614] <30108> HP_ID:
INFO	[2015-08-31 17:50:13:614] <30108> HP_SUBID:
INFO	[2015-08-31 17:50:13:614] <30108> HP_UNITType:
INFO	[2015-08-31 17:50:13:614] <30108> HP_IDEN:
INFO	[2015-08-31 17:50:13:614] <30108> HP_IPADDR:
INFO	[2015-08-31 17:50:13:614] <30108> ARS_NAME:
INFO	[2015-08-31 17:50:13:614] <30108> ARS_PHONE:
INFO	[2015-08-31 17:50:13:614] <30108> VIRTUAL_CENTERCD:99
INFO	[2015-08-31 17:50:13:614] <30108> VIRTUAL_DEPODT:
INFO	[2015-08-31 17:50:13:614] <30108> ZuminCode:
INFO	[2015-08-31 17:50:13:614] <30108> MallPage:
INFO	[2015-08-31 17:50:13:614] <30108> VIRTUAL_NO:
INFO	[2015-08-31 17:50:13:614] <30108> ES_SENDNO:
INFO	[2015-08-31 17:50:13:614] <30108> ICHE_SOCKETYN:Y
INFO	[2015-08-31 17:50:13:614] <30108> ICHE_POSMTID:
INFO	[2015-08-31 17:50:13:614] <30108> ICHE_FNBCMTID:
INFO	[2015-08-31 17:50:13:614] <30108> ICHE_APTRTS:
INFO	[2015-08-31 17:50:13:614] <30108> ICHE_REMARK1:
INFO	[2015-08-31 17:50:13:614] <30108> ICHE_REMARK2:
INFO	[2015-08-31 17:50:13:614] <30108> ICHE_ECWYN:
INFO	[2015-08-31 17:50:13:614] <30108> ICHE_ECWID:
INFO	[2015-08-31 17:50:13:614] <30108> ICHE_ECWAMT1:
INFO	[2015-08-31 17:50:13:614] <30108> ICHE_ECWAMT2:
INFO	[2015-08-31 17:50:13:614] <30108> ICHE_CASHYN:N
INFO	[2015-08-31 17:50:13:614] <30108> ICHE_CASHGUBUN_CD:
INFO	[2015-08-31 17:50:13:614] <30108> ICHE_CASHID_NO:
INFO	[2015-08-31 17:50:13:614] <30108> ICHEARS_SOCKETYN:Y
INFO	[2015-08-31 17:50:13:614] <30108> ICHEARS_ADMNO:
INFO	[2015-08-31 17:50:13:614] <30108> ICHEARS_POSMTID:
INFO	[2015-08-31 17:50:13:614] <30108> ICHEARS_CENTERCD:
INFO	[2015-08-31 17:50:13:615] <30108> ICHEARS_HPNO:
INFO	[2015-08-31 17:50:13:615] <30108> Make NetCancel ID Start
INFO	[2015-08-31 17:50:13:615] <30108> AEGIS_VISAclovergd_20150831175013615944
INFO	[2015-08-31 17:50:13:615] <30108> Make NetCancel ID End
INFO	[2015-08-31 17:50:13:615] <30108> Make NetCancelID OK
INFO	[2015-08-31 17:50:13:615] <30108> Make Msg Start
INFO	[2015-08-31 17:50:13:615] <30108> Encrypt Start
INFO	[2015-08-31 17:50:13:615] <30108> Encrypt End
INFO	[2015-08-31 17:50:13:615] <30108> Encrypt Start
INFO	[2015-08-31 17:50:13:615] <30108> Encrypt End
INFO	[2015-08-31 17:50:13:615] <30108> Encrypt Start
INFO	[2015-08-31 17:50:13:615] <30108> Encrypt End
INFO	[2015-08-31 17:50:13:615] <30108> Encrypt Start
INFO	[2015-08-31 17:50:13:615] <30108> Encrypt End
INFO	[2015-08-31 17:50:13:615] <30108> card-visa3d Make MSG OK 
INFO	[2015-08-31 17:50:13:615] <30108> Make Msg End
INFO	[2015-08-31 17:50:13:615] <30108> Make Pay Msg OK
INFO	[2015-08-31 17:50:13:615] <30108> Send & Recv Msg Start
INFO	[2015-08-31 17:50:13:615] <30108> Send Data To PG Start [ 
INFO	[2015-08-31 17:50:13:615] <30108> 0:0003130plug15
INFO	[2015-08-31 17:50:13:615] <30108> 1:clovergd
INFO	[2015-08-31 17:50:13:615] <30108> 2:kdhlove741@naver.com
INFO	[2015-08-31 17:50:13:615] <30108> 3:10000
INFO	[2015-08-31 17:50:13:615] <30108> 4:20150831_054559_i01
INFO	[2015-08-31 17:50:13:615] <30108> 5:9000400001
INFO	[2015-08-31 17:50:13:615] <30108> 6:5233555429942320
INFO	[2015-08-31 17:50:13:615] <30108> 7:283587
INFO	[2015-08-31 17:50:13:615] <30108> 8:00
INFO	[2015-08-31 17:50:13:615] <30108> 9:N;221.156.14.154;N;;10000;;;;;
INFO	[2015-08-31 17:50:13:615] <30108> 10:
INFO	[2015-08-31 17:50:13:615] <30108> 11:
INFO	[2015-08-31 17:50:13:615] <30108> 12:
INFO	[2015-08-31 17:50:13:615] <30108> 13:
INFO	[2015-08-31 17:50:13:615] <30108> 14:
INFO	[2015-08-31 17:50:13:615] <30108> 15:김대호
INFO	[2015-08-31 17:50:13:615] <30108> 16:221.156.14.154;010-5511-6166
INFO	[2015-08-31 17:50:13:615] <30108> 17:kdhlove741@;
INFO	[2015-08-31 17:50:13:615] <30108> 18:안산평화의집
INFO	[2015-08-31 17:50:13:615] <30108> 19:AAABAmE2cCAVCDEXSTZwAAAAERA=
INFO	[2015-08-31 17:50:13:615] <30108> 20:MjAxNTA4MzExODA1NTYwNjIxMjA=
INFO	[2015-08-31 17:50:13:615] <30108> 21:05
INFO	[2015-08-31 17:50:13:615] <30108> 22:kdhlove741@
INFO	[2015-08-31 17:50:13:615] <30108> 23:AEGIS_VISAclovergd_20150831175013615944
INFO	[2015-08-31 17:50:13:615] <30108> 24:
INFO	[2015-08-31 17:50:13:615] <30108> ] Send Data To PG End 
INFO	[2015-08-31 17:50:13:615] <30108> SendMsg : [0003130plug15|clovergd|kdhlove741@naver.com|10000|20150831_054559_i01|9000400001|5233555429942320|283587|00|N;221.156.14.154;N;;10000;;;;;||||||김대호|221.156.14.154;010-5511-6166|kdhlove741@;|안산평화의집|AAABAmE2cCAVCDEXSTZwAAAAERA=|MjAxNTA4MzExODA1NTYwNjIxMjA=|05|kdhlove741@|AEGIS_VISAclovergd_20150831175013615944|]
INFO	[2015-08-31 17:50:13:615] <30108> Connect IP:[220.85.12.3] Port:[29760]
INFO	[2015-08-31 17:50:13:619] <30108> Socket Open OK
INFO	[2015-08-31 17:50:14:823] <30108> RecvMsg Length : [000119]
INFO	[2015-08-31 17:50:14:823] <30108> RecvMsg : [clovergd|0610|20150831_054559_i01|04534351|000000010000|y|정상승인|신한|20150831175040|0500|18570317|0500|신한|546740|
]
INFO	[2015-08-31 17:50:14:823] <30108> Socket Close OK
INFO	[2015-08-31 17:50:14:823] <30108> RecvMsg Length Check OK
INFO	[2015-08-31 17:50:14:823] <30108> Send & Recv Msg End
INFO	[2015-08-31 17:50:14:823] <30108> Send & Recv Msg OK
INFO	[2015-08-31 17:50:14:823] <30108> Parse Msg Start
INFO	[2015-08-31 17:50:14:823] <30108> card-visa3d RECV MSG Parsing OK 
INFO	[2015-08-31 17:50:14:823] <30108> Parse Msg End
INFO	[2015-08-31 17:50:14:823] <30108> Msg Parsing OK
INFO	[2015-08-31 17:50:14:823] <30108> card Pay Result Value [
INFO	[2015-08-31 17:50:14:823] <30108> NetCancID:AEGIS_VISAclovergd_20150831175013615944
INFO	[2015-08-31 17:50:14:823] <30108> rStoreId:clovergd
INFO	[2015-08-31 17:50:14:823] <30108> rBusiCd:0610
INFO	[2015-08-31 17:50:14:823] <30108> rOrdNo:20150831_054559_i01
INFO	[2015-08-31 17:50:14:823] <30108> rApprNo:04534351
INFO	[2015-08-31 17:50:14:823] <30108> rInstmt:00
INFO	[2015-08-31 17:50:14:823] <30108> rAmt:000000010000
INFO	[2015-08-31 17:50:14:823] <30108> rSuccYn:y
INFO	[2015-08-31 17:50:14:823] <30108> rResMsg:정상승인
INFO	[2015-08-31 17:50:14:823] <30108> rCardNm:신한
INFO	[2015-08-31 17:50:14:823] <30108> rApprTm:20150831175040
INFO	[2015-08-31 17:50:14:823] <30108> rCardCd:0500
INFO	[2015-08-31 17:50:14:823] <30108> rMembNo:18570317
INFO	[2015-08-31 17:50:14:823] <30108> rAquiCd:0500
INFO	[2015-08-31 17:50:14:823] <30108> rAquiNm:신한
INFO	[2015-08-31 17:50:14:823] <30108> rDealNo:546740
INFO	[2015-08-31 17:50:14:823] <30108> rProdNm:안산평화의집
INFO	[2015-08-31 17:50:14:823] <30108> ]
INFO	[2015-08-31 17:50:14:823] <30108> END  정상승인 Transaction time:[1.21sec]
INFO	[2015-08-31 17:50:14:823] <30108> ===============================================================
