INFO	[2015-03-19 23:44:29:82] <13911> ===============================================================
INFO	[2015-03-19 23:44:29:82] <13911> START AgsPay40 php (OS:Linux2.6.18-348.4.1.el5,PHP:5.2.9p2)
INFO	[2015-03-19 23:44:29:82] <13911>  Pay Start!
INFO	[2015-03-19 23:44:29:82] <13911> AgsPayHome:../agspay
INFO	[2015-03-19 23:44:29:82] <13911> StoreId:aegis
INFO	[2015-03-19 23:44:29:82] <13911> log:true
INFO	[2015-03-19 23:44:29:82] <13911> logLevel:INFO
INFO	[2015-03-19 23:44:29:82] <13911> UseNetCancel:true
INFO	[2015-03-19 23:44:29:82] <13911> Type:Pay
INFO	[2015-03-19 23:44:29:82] <13911> RecvLen:7
INFO	[2015-03-19 23:44:29:82] <13911> AuthTy:
INFO	[2015-03-19 23:44:29:82] <13911> SubTy:
INFO	[2015-03-19 23:44:29:82] <13911> OrdNo:1000000001
INFO	[2015-03-19 23:44:29:82] <13911> Amt:1000
INFO	[2015-03-19 23:44:29:82] <13911> UserEmail:test@test.com
INFO	[2015-03-19 23:44:29:82] <13911> ProdNm:마우스
INFO	[2015-03-19 23:44:29:82] <13911> MallUrl:http://www.allthegate.com
INFO	[2015-03-19 23:44:29:82] <13911> UserId:
INFO	[2015-03-19 23:44:29:82] <13911> OrdNm:홍길동
INFO	[2015-03-19 23:44:29:82] <13911> OrdPhone:02-111-1111
INFO	[2015-03-19 23:44:29:82] <13911> OrdAddr:서울시 강남구 청담동
INFO	[2015-03-19 23:44:29:82] <13911> RcpNm:김길동
INFO	[2015-03-19 23:44:29:82] <13911> RcpPhone:02-111-1111
INFO	[2015-03-19 23:44:29:82] <13911> DlvAddr:서울시 강남구 청담동
INFO	[2015-03-19 23:44:29:82] <13911> Remark:오후에 배송요망
INFO	[2015-03-19 23:44:29:82] <13911> DeviId:9000400001
INFO	[2015-03-19 23:44:29:82] <13911> AuthYn:
INFO	[2015-03-19 23:44:29:82] <13911> Instmt:
INFO	[2015-03-19 23:44:29:82] <13911> UserIp:121.168.57.24
INFO	[2015-03-19 23:44:29:82] <13911> partial_mm:
INFO	[2015-03-19 23:44:29:82] <13911> noIntMonth:
INFO	[2015-03-19 23:44:29:82] <13911> KVP_CURRENCY:
INFO	[2015-03-19 23:44:29:82] <13911> KVP_CARDCODE:
INFO	[2015-03-19 23:44:29:82] <13911> KVP_SESSIONKEY:
INFO	[2015-03-19 23:44:29:82] <13911> KVP_ENCDATA:
INFO	[2015-03-19 23:44:29:82] <13911> KVP_CONAME:
INFO	[2015-03-19 23:44:29:82] <13911> KVP_NOINT:
INFO	[2015-03-19 23:44:29:82] <13911> KVP_QUOTA:
INFO	[2015-03-19 23:44:29:83] <13911> CardNo:
INFO	[2015-03-19 23:44:29:83] <13911> MPI_CAVV:
INFO	[2015-03-19 23:44:29:83] <13911> MPI_ECI:
INFO	[2015-03-19 23:44:29:83] <13911> MPI_MD64:
INFO	[2015-03-19 23:44:29:83] <13911> ExpMon:
INFO	[2015-03-19 23:44:29:83] <13911> ExpYear:
INFO	[2015-03-19 23:44:29:83] <13911> Passwd:
INFO	[2015-03-19 23:44:29:83] <13911> SocId:
INFO	[2015-03-19 23:44:29:83] <13911> ICHE_OUTBANKNAME:
INFO	[2015-03-19 23:44:29:83] <13911> ICHE_OUTACCTNO:
INFO	[2015-03-19 23:44:29:83] <13911> ICHE_OUTBANKMASTER:
INFO	[2015-03-19 23:44:29:83] <13911> ICHE_AMOUNT:
INFO	[2015-03-19 23:44:29:83] <13911> HP_SERVERINFO:
INFO	[2015-03-19 23:44:29:83] <13911> HP_HANDPHONE:
INFO	[2015-03-19 23:44:29:83] <13911> HP_COMPANY:
INFO	[2015-03-19 23:44:29:83] <13911> HP_ID:
INFO	[2015-03-19 23:44:29:83] <13911> HP_SUBID:
INFO	[2015-03-19 23:44:29:83] <13911> HP_UNITType:
INFO	[2015-03-19 23:44:29:83] <13911> HP_IDEN:
INFO	[2015-03-19 23:44:29:83] <13911> HP_IPADDR:
INFO	[2015-03-19 23:44:29:83] <13911> ARS_NAME:
INFO	[2015-03-19 23:44:29:83] <13911> ARS_PHONE:
INFO	[2015-03-19 23:44:29:83] <13911> VIRTUAL_CENTERCD:
INFO	[2015-03-19 23:44:29:83] <13911> VIRTUAL_DEPODT:
INFO	[2015-03-19 23:44:29:83] <13911> ZuminCode:
INFO	[2015-03-19 23:44:29:83] <13911> MallPage:
INFO	[2015-03-19 23:44:29:83] <13911> VIRTUAL_NO:
INFO	[2015-03-19 23:44:29:83] <13911> ES_SENDNO:
INFO	[2015-03-19 23:44:29:83] <13911> ICHE_SOCKETYN:
INFO	[2015-03-19 23:44:29:83] <13911> ICHE_POSMTID:
INFO	[2015-03-19 23:44:29:83] <13911> ICHE_FNBCMTID:
INFO	[2015-03-19 23:44:29:83] <13911> ICHE_APTRTS:
INFO	[2015-03-19 23:44:29:83] <13911> ICHE_REMARK1:
INFO	[2015-03-19 23:44:29:83] <13911> ICHE_REMARK2:
INFO	[2015-03-19 23:44:29:83] <13911> ICHE_ECWYN:
INFO	[2015-03-19 23:44:29:83] <13911> ICHE_ECWID:
INFO	[2015-03-19 23:44:29:83] <13911> ICHE_ECWAMT1:
INFO	[2015-03-19 23:44:29:83] <13911> ICHE_ECWAMT2:
INFO	[2015-03-19 23:44:29:83] <13911> ICHE_CASHYN:
INFO	[2015-03-19 23:44:29:83] <13911> ICHE_CASHGUBUN_CD:
INFO	[2015-03-19 23:44:29:83] <13911> ICHE_CASHID_NO:
INFO	[2015-03-19 23:44:29:83] <13911> ICHEARS_SOCKETYN:
INFO	[2015-03-19 23:44:29:83] <13911> ICHEARS_ADMNO:
INFO	[2015-03-19 23:44:29:83] <13911> ICHEARS_POSMTID:
INFO	[2015-03-19 23:44:29:83] <13911> ICHEARS_CENTERCD:
INFO	[2015-03-19 23:44:29:83] <13911> ICHEARS_HPNO:
INFO	[2015-03-19 23:44:29:83] <13911>  Pay Result Value [
INFO	[2015-03-19 23:44:29:83] <13911> rSuccYn:n
INFO	[2015-03-19 23:44:29:83] <13911> rResMsg:인증여부 입력여부 확인요망 <br>
INFO	[2015-03-19 23:44:29:84] <13911> ]
INFO	[2015-03-19 23:44:29:84] <13911> END  인증여부 입력여부 확인요망 <br> Transaction time:[0sec]
INFO	[2015-03-19 23:44:29:84] <13911> ===============================================================
INFO	[2015-03-19 23:44:30:280] <13909> ===============================================================
INFO	[2015-03-19 23:44:30:280] <13909> START AgsPay40 php (OS:Linux2.6.18-348.4.1.el5,PHP:5.2.9p2)
INFO	[2015-03-19 23:44:30:280] <13909>  Pay Start!
INFO	[2015-03-19 23:44:30:280] <13909> AgsPayHome:../agspay
INFO	[2015-03-19 23:44:30:280] <13909> StoreId:aegis
INFO	[2015-03-19 23:44:30:280] <13909> log:true
INFO	[2015-03-19 23:44:30:280] <13909> logLevel:INFO
INFO	[2015-03-19 23:44:30:280] <13909> UseNetCancel:true
INFO	[2015-03-19 23:44:30:280] <13909> Type:Pay
INFO	[2015-03-19 23:44:30:280] <13909> RecvLen:7
INFO	[2015-03-19 23:44:30:280] <13909> AuthTy:
INFO	[2015-03-19 23:44:30:280] <13909> SubTy:
INFO	[2015-03-19 23:44:30:280] <13909> OrdNo:1000000001
INFO	[2015-03-19 23:44:30:281] <13909> Amt:1000
INFO	[2015-03-19 23:44:30:281] <13909> UserEmail:test@test.com
INFO	[2015-03-19 23:44:30:281] <13909> ProdNm:마우스
INFO	[2015-03-19 23:44:30:281] <13909> MallUrl:http://www.allthegate.com
INFO	[2015-03-19 23:44:30:281] <13909> UserId:
INFO	[2015-03-19 23:44:30:281] <13909> OrdNm:홍길동
INFO	[2015-03-19 23:44:30:281] <13909> OrdPhone:02-111-1111
INFO	[2015-03-19 23:44:30:281] <13909> OrdAddr:서울시 강남구 청담동
INFO	[2015-03-19 23:44:30:281] <13909> RcpNm:김길동
INFO	[2015-03-19 23:44:30:281] <13909> RcpPhone:02-111-1111
INFO	[2015-03-19 23:44:30:281] <13909> DlvAddr:서울시 강남구 청담동
INFO	[2015-03-19 23:44:30:281] <13909> Remark:오후에 배송요망
INFO	[2015-03-19 23:44:30:281] <13909> DeviId:9000400001
INFO	[2015-03-19 23:44:30:281] <13909> AuthYn:
INFO	[2015-03-19 23:44:30:281] <13909> Instmt:
INFO	[2015-03-19 23:44:30:281] <13909> UserIp:121.168.57.24
INFO	[2015-03-19 23:44:30:281] <13909> partial_mm:
INFO	[2015-03-19 23:44:30:281] <13909> noIntMonth:
INFO	[2015-03-19 23:44:30:281] <13909> KVP_CURRENCY:
INFO	[2015-03-19 23:44:30:281] <13909> KVP_CARDCODE:
INFO	[2015-03-19 23:44:30:281] <13909> KVP_SESSIONKEY:
INFO	[2015-03-19 23:44:30:281] <13909> KVP_ENCDATA:
INFO	[2015-03-19 23:44:30:281] <13909> KVP_CONAME:
INFO	[2015-03-19 23:44:30:281] <13909> KVP_NOINT:
INFO	[2015-03-19 23:44:30:281] <13909> KVP_QUOTA:
INFO	[2015-03-19 23:44:30:281] <13909> CardNo:
INFO	[2015-03-19 23:44:30:281] <13909> MPI_CAVV:
INFO	[2015-03-19 23:44:30:281] <13909> MPI_ECI:
INFO	[2015-03-19 23:44:30:281] <13909> MPI_MD64:
INFO	[2015-03-19 23:44:30:281] <13909> ExpMon:
INFO	[2015-03-19 23:44:30:281] <13909> ExpYear:
INFO	[2015-03-19 23:44:30:281] <13909> Passwd:
INFO	[2015-03-19 23:44:30:281] <13909> SocId:
INFO	[2015-03-19 23:44:30:281] <13909> ICHE_OUTBANKNAME:
INFO	[2015-03-19 23:44:30:281] <13909> ICHE_OUTACCTNO:
INFO	[2015-03-19 23:44:30:281] <13909> ICHE_OUTBANKMASTER:
INFO	[2015-03-19 23:44:30:281] <13909> ICHE_AMOUNT:
INFO	[2015-03-19 23:44:30:281] <13909> HP_SERVERINFO:
INFO	[2015-03-19 23:44:30:281] <13909> HP_HANDPHONE:
INFO	[2015-03-19 23:44:30:281] <13909> HP_COMPANY:
INFO	[2015-03-19 23:44:30:281] <13909> HP_ID:
INFO	[2015-03-19 23:44:30:281] <13909> HP_SUBID:
INFO	[2015-03-19 23:44:30:281] <13909> HP_UNITType:
INFO	[2015-03-19 23:44:30:281] <13909> HP_IDEN:
INFO	[2015-03-19 23:44:30:281] <13909> HP_IPADDR:
INFO	[2015-03-19 23:44:30:281] <13909> ARS_NAME:
INFO	[2015-03-19 23:44:30:281] <13909> ARS_PHONE:
INFO	[2015-03-19 23:44:30:281] <13909> VIRTUAL_CENTERCD:
INFO	[2015-03-19 23:44:30:281] <13909> VIRTUAL_DEPODT:
INFO	[2015-03-19 23:44:30:281] <13909> ZuminCode:
INFO	[2015-03-19 23:44:30:282] <13909> MallPage:
INFO	[2015-03-19 23:44:30:282] <13909> VIRTUAL_NO:
INFO	[2015-03-19 23:44:30:282] <13909> ES_SENDNO:
INFO	[2015-03-19 23:44:30:282] <13909> ICHE_SOCKETYN:
INFO	[2015-03-19 23:44:30:282] <13909> ICHE_POSMTID:
INFO	[2015-03-19 23:44:30:282] <13909> ICHE_FNBCMTID:
INFO	[2015-03-19 23:44:30:282] <13909> ICHE_APTRTS:
INFO	[2015-03-19 23:44:30:282] <13909> ICHE_REMARK1:
INFO	[2015-03-19 23:44:30:282] <13909> ICHE_REMARK2:
INFO	[2015-03-19 23:44:30:282] <13909> ICHE_ECWYN:
INFO	[2015-03-19 23:44:30:282] <13909> ICHE_ECWID:
INFO	[2015-03-19 23:44:30:282] <13909> ICHE_ECWAMT1:
INFO	[2015-03-19 23:44:30:282] <13909> ICHE_ECWAMT2:
INFO	[2015-03-19 23:44:30:282] <13909> ICHE_CASHYN:
INFO	[2015-03-19 23:44:30:282] <13909> ICHE_CASHGUBUN_CD:
INFO	[2015-03-19 23:44:30:282] <13909> ICHE_CASHID_NO:
INFO	[2015-03-19 23:44:30:282] <13909> ICHEARS_SOCKETYN:
INFO	[2015-03-19 23:44:30:282] <13909> ICHEARS_ADMNO:
INFO	[2015-03-19 23:44:30:282] <13909> ICHEARS_POSMTID:
INFO	[2015-03-19 23:44:30:282] <13909> ICHEARS_CENTERCD:
INFO	[2015-03-19 23:44:30:282] <13909> ICHEARS_HPNO:
INFO	[2015-03-19 23:44:30:282] <13909>  Pay Result Value [
INFO	[2015-03-19 23:44:30:282] <13909> rSuccYn:n
INFO	[2015-03-19 23:44:30:282] <13909> rResMsg:인증여부 입력여부 확인요망 <br>
INFO	[2015-03-19 23:44:30:282] <13909> ]
INFO	[2015-03-19 23:44:30:282] <13909> END  인증여부 입력여부 확인요망 <br> Transaction time:[0sec]
INFO	[2015-03-19 23:44:30:282] <13909> ===============================================================
INFO	[2015-03-19 23:44:30:986] <13908> ===============================================================
INFO	[2015-03-19 23:44:30:986] <13908> START AgsPay40 php (OS:Linux2.6.18-348.4.1.el5,PHP:5.2.9p2)
INFO	[2015-03-19 23:44:30:986] <13908>  Pay Start!
INFO	[2015-03-19 23:44:30:986] <13908> AgsPayHome:../agspay
INFO	[2015-03-19 23:44:30:986] <13908> StoreId:aegis
INFO	[2015-03-19 23:44:30:986] <13908> log:true
INFO	[2015-03-19 23:44:30:986] <13908> logLevel:INFO
INFO	[2015-03-19 23:44:30:986] <13908> UseNetCancel:true
INFO	[2015-03-19 23:44:30:986] <13908> Type:Pay
INFO	[2015-03-19 23:44:30:986] <13908> RecvLen:7
INFO	[2015-03-19 23:44:30:986] <13908> AuthTy:
INFO	[2015-03-19 23:44:30:986] <13908> SubTy:
INFO	[2015-03-19 23:44:30:986] <13908> OrdNo:1000000001
INFO	[2015-03-19 23:44:30:986] <13908> Amt:1000
INFO	[2015-03-19 23:44:30:986] <13908> UserEmail:test@test.com
INFO	[2015-03-19 23:44:30:986] <13908> ProdNm:마우스
INFO	[2015-03-19 23:44:30:986] <13908> MallUrl:http://www.allthegate.com
INFO	[2015-03-19 23:44:30:986] <13908> UserId:
INFO	[2015-03-19 23:44:30:986] <13908> OrdNm:홍길동
INFO	[2015-03-19 23:44:30:986] <13908> OrdPhone:02-111-1111
INFO	[2015-03-19 23:44:30:986] <13908> OrdAddr:서울시 강남구 청담동
INFO	[2015-03-19 23:44:30:986] <13908> RcpNm:김길동
INFO	[2015-03-19 23:44:30:986] <13908> RcpPhone:02-111-1111
INFO	[2015-03-19 23:44:30:986] <13908> DlvAddr:서울시 강남구 청담동
INFO	[2015-03-19 23:44:30:986] <13908> Remark:오후에 배송요망
INFO	[2015-03-19 23:44:30:986] <13908> DeviId:9000400001
INFO	[2015-03-19 23:44:30:986] <13908> AuthYn:
INFO	[2015-03-19 23:44:30:986] <13908> Instmt:
INFO	[2015-03-19 23:44:30:986] <13908> UserIp:121.168.57.24
INFO	[2015-03-19 23:44:30:986] <13908> partial_mm:
INFO	[2015-03-19 23:44:30:986] <13908> noIntMonth:
INFO	[2015-03-19 23:44:30:986] <13908> KVP_CURRENCY:
INFO	[2015-03-19 23:44:30:986] <13908> KVP_CARDCODE:
INFO	[2015-03-19 23:44:30:986] <13908> KVP_SESSIONKEY:
INFO	[2015-03-19 23:44:30:986] <13908> KVP_ENCDATA:
INFO	[2015-03-19 23:44:30:986] <13908> KVP_CONAME:
INFO	[2015-03-19 23:44:30:986] <13908> KVP_NOINT:
INFO	[2015-03-19 23:44:30:986] <13908> KVP_QUOTA:
INFO	[2015-03-19 23:44:30:986] <13908> CardNo:
INFO	[2015-03-19 23:44:30:986] <13908> MPI_CAVV:
INFO	[2015-03-19 23:44:30:986] <13908> MPI_ECI:
INFO	[2015-03-19 23:44:30:986] <13908> MPI_MD64:
INFO	[2015-03-19 23:44:30:986] <13908> ExpMon:
INFO	[2015-03-19 23:44:30:987] <13908> ExpYear:
INFO	[2015-03-19 23:44:30:987] <13908> Passwd:
INFO	[2015-03-19 23:44:30:987] <13908> SocId:
INFO	[2015-03-19 23:44:30:987] <13908> ICHE_OUTBANKNAME:
INFO	[2015-03-19 23:44:30:987] <13908> ICHE_OUTACCTNO:
INFO	[2015-03-19 23:44:30:987] <13908> ICHE_OUTBANKMASTER:
INFO	[2015-03-19 23:44:30:987] <13908> ICHE_AMOUNT:
INFO	[2015-03-19 23:44:30:987] <13908> HP_SERVERINFO:
INFO	[2015-03-19 23:44:30:987] <13908> HP_HANDPHONE:
INFO	[2015-03-19 23:44:30:987] <13908> HP_COMPANY:
INFO	[2015-03-19 23:44:30:987] <13908> HP_ID:
INFO	[2015-03-19 23:44:30:987] <13908> HP_SUBID:
INFO	[2015-03-19 23:44:30:987] <13908> HP_UNITType:
INFO	[2015-03-19 23:44:30:987] <13908> HP_IDEN:
INFO	[2015-03-19 23:44:30:987] <13908> HP_IPADDR:
INFO	[2015-03-19 23:44:30:987] <13908> ARS_NAME:
INFO	[2015-03-19 23:44:30:987] <13908> ARS_PHONE:
INFO	[2015-03-19 23:44:30:987] <13908> VIRTUAL_CENTERCD:
INFO	[2015-03-19 23:44:30:987] <13908> VIRTUAL_DEPODT:
INFO	[2015-03-19 23:44:30:987] <13908> ZuminCode:
INFO	[2015-03-19 23:44:30:987] <13908> MallPage:
INFO	[2015-03-19 23:44:30:987] <13908> VIRTUAL_NO:
INFO	[2015-03-19 23:44:30:987] <13908> ES_SENDNO:
INFO	[2015-03-19 23:44:30:987] <13908> ICHE_SOCKETYN:
INFO	[2015-03-19 23:44:30:987] <13908> ICHE_POSMTID:
INFO	[2015-03-19 23:44:30:987] <13908> ICHE_FNBCMTID:
INFO	[2015-03-19 23:44:30:987] <13908> ICHE_APTRTS:
INFO	[2015-03-19 23:44:30:987] <13908> ICHE_REMARK1:
INFO	[2015-03-19 23:44:30:987] <13908> ICHE_REMARK2:
INFO	[2015-03-19 23:44:30:987] <13908> ICHE_ECWYN:
INFO	[2015-03-19 23:44:30:987] <13908> ICHE_ECWID:
INFO	[2015-03-19 23:44:30:987] <13908> ICHE_ECWAMT1:
INFO	[2015-03-19 23:44:30:987] <13908> ICHE_ECWAMT2:
INFO	[2015-03-19 23:44:30:987] <13908> ICHE_CASHYN:
INFO	[2015-03-19 23:44:30:987] <13908> ICHE_CASHGUBUN_CD:
INFO	[2015-03-19 23:44:30:987] <13908> ICHE_CASHID_NO:
INFO	[2015-03-19 23:44:30:987] <13908> ICHEARS_SOCKETYN:
INFO	[2015-03-19 23:44:30:987] <13908> ICHEARS_ADMNO:
INFO	[2015-03-19 23:44:30:987] <13908> ICHEARS_POSMTID:
INFO	[2015-03-19 23:44:30:987] <13908> ICHEARS_CENTERCD:
INFO	[2015-03-19 23:44:30:987] <13908> ICHEARS_HPNO:
INFO	[2015-03-19 23:44:30:987] <13908>  Pay Result Value [
INFO	[2015-03-19 23:44:30:987] <13908> rSuccYn:n
INFO	[2015-03-19 23:44:30:987] <13908> rResMsg:인증여부 입력여부 확인요망 <br>
INFO	[2015-03-19 23:44:30:987] <13908> ]
INFO	[2015-03-19 23:44:30:987] <13908> END  인증여부 입력여부 확인요망 <br> Transaction time:[0sec]
INFO	[2015-03-19 23:44:30:987] <13908> ===============================================================
INFO	[2015-03-19 23:44:31:722] <13842> ===============================================================
INFO	[2015-03-19 23:44:31:722] <13842> START AgsPay40 php (OS:Linux2.6.18-348.4.1.el5,PHP:5.2.9p2)
INFO	[2015-03-19 23:44:31:722] <13842>  Pay Start!
INFO	[2015-03-19 23:44:31:722] <13842> AgsPayHome:../agspay
INFO	[2015-03-19 23:44:31:722] <13842> StoreId:aegis
INFO	[2015-03-19 23:44:31:722] <13842> log:true
INFO	[2015-03-19 23:44:31:722] <13842> logLevel:INFO
INFO	[2015-03-19 23:44:31:722] <13842> UseNetCancel:true
INFO	[2015-03-19 23:44:31:723] <13842> Type:Pay
INFO	[2015-03-19 23:44:31:723] <13842> RecvLen:7
INFO	[2015-03-19 23:44:31:723] <13842> AuthTy:
INFO	[2015-03-19 23:44:31:723] <13842> SubTy:
INFO	[2015-03-19 23:44:31:723] <13842> OrdNo:1000000001
INFO	[2015-03-19 23:44:31:723] <13842> Amt:1000
INFO	[2015-03-19 23:44:31:723] <13842> UserEmail:test@test.com
INFO	[2015-03-19 23:44:31:723] <13842> ProdNm:마우스
INFO	[2015-03-19 23:44:31:723] <13842> MallUrl:http://www.allthegate.com
INFO	[2015-03-19 23:44:31:723] <13842> UserId:
INFO	[2015-03-19 23:44:31:723] <13842> OrdNm:홍길동
INFO	[2015-03-19 23:44:31:723] <13842> OrdPhone:02-111-1111
INFO	[2015-03-19 23:44:31:723] <13842> OrdAddr:서울시 강남구 청담동
INFO	[2015-03-19 23:44:31:723] <13842> RcpNm:김길동
INFO	[2015-03-19 23:44:31:723] <13842> RcpPhone:02-111-1111
INFO	[2015-03-19 23:44:31:723] <13842> DlvAddr:서울시 강남구 청담동
INFO	[2015-03-19 23:44:31:723] <13842> Remark:오후에 배송요망
INFO	[2015-03-19 23:44:31:723] <13842> DeviId:9000400001
INFO	[2015-03-19 23:44:31:723] <13842> AuthYn:
INFO	[2015-03-19 23:44:31:723] <13842> Instmt:
INFO	[2015-03-19 23:44:31:723] <13842> UserIp:121.168.57.24
INFO	[2015-03-19 23:44:31:723] <13842> partial_mm:
INFO	[2015-03-19 23:44:31:723] <13842> noIntMonth:
INFO	[2015-03-19 23:44:31:723] <13842> KVP_CURRENCY:
INFO	[2015-03-19 23:44:31:723] <13842> KVP_CARDCODE:
INFO	[2015-03-19 23:44:31:723] <13842> KVP_SESSIONKEY:
INFO	[2015-03-19 23:44:31:723] <13842> KVP_ENCDATA:
INFO	[2015-03-19 23:44:31:723] <13842> KVP_CONAME:
INFO	[2015-03-19 23:44:31:723] <13842> KVP_NOINT:
INFO	[2015-03-19 23:44:31:723] <13842> KVP_QUOTA:
INFO	[2015-03-19 23:44:31:723] <13842> CardNo:
INFO	[2015-03-19 23:44:31:723] <13842> MPI_CAVV:
INFO	[2015-03-19 23:44:31:723] <13842> MPI_ECI:
INFO	[2015-03-19 23:44:31:723] <13842> MPI_MD64:
INFO	[2015-03-19 23:44:31:723] <13842> ExpMon:
INFO	[2015-03-19 23:44:31:723] <13842> ExpYear:
INFO	[2015-03-19 23:44:31:723] <13842> Passwd:
INFO	[2015-03-19 23:44:31:723] <13842> SocId:
INFO	[2015-03-19 23:44:31:723] <13842> ICHE_OUTBANKNAME:
INFO	[2015-03-19 23:44:31:723] <13842> ICHE_OUTACCTNO:
INFO	[2015-03-19 23:44:31:723] <13842> ICHE_OUTBANKMASTER:
INFO	[2015-03-19 23:44:31:723] <13842> ICHE_AMOUNT:
INFO	[2015-03-19 23:44:31:723] <13842> HP_SERVERINFO:
INFO	[2015-03-19 23:44:31:723] <13842> HP_HANDPHONE:
INFO	[2015-03-19 23:44:31:723] <13842> HP_COMPANY:
INFO	[2015-03-19 23:44:31:723] <13842> HP_ID:
INFO	[2015-03-19 23:44:31:723] <13842> HP_SUBID:
INFO	[2015-03-19 23:44:31:723] <13842> HP_UNITType:
INFO	[2015-03-19 23:44:31:723] <13842> HP_IDEN:
INFO	[2015-03-19 23:44:31:723] <13842> HP_IPADDR:
INFO	[2015-03-19 23:44:31:724] <13842> ARS_NAME:
INFO	[2015-03-19 23:44:31:724] <13842> ARS_PHONE:
INFO	[2015-03-19 23:44:31:724] <13842> VIRTUAL_CENTERCD:
INFO	[2015-03-19 23:44:31:724] <13842> VIRTUAL_DEPODT:
INFO	[2015-03-19 23:44:31:724] <13842> ZuminCode:
INFO	[2015-03-19 23:44:31:724] <13842> MallPage:
INFO	[2015-03-19 23:44:31:724] <13842> VIRTUAL_NO:
INFO	[2015-03-19 23:44:31:724] <13842> ES_SENDNO:
INFO	[2015-03-19 23:44:31:724] <13842> ICHE_SOCKETYN:
INFO	[2015-03-19 23:44:31:724] <13842> ICHE_POSMTID:
INFO	[2015-03-19 23:44:31:724] <13842> ICHE_FNBCMTID:
INFO	[2015-03-19 23:44:31:724] <13842> ICHE_APTRTS:
INFO	[2015-03-19 23:44:31:724] <13842> ICHE_REMARK1:
INFO	[2015-03-19 23:44:31:724] <13842> ICHE_REMARK2:
INFO	[2015-03-19 23:44:31:724] <13842> ICHE_ECWYN:
INFO	[2015-03-19 23:44:31:724] <13842> ICHE_ECWID:
INFO	[2015-03-19 23:44:31:724] <13842> ICHE_ECWAMT1:
INFO	[2015-03-19 23:44:31:724] <13842> ICHE_ECWAMT2:
INFO	[2015-03-19 23:44:31:724] <13842> ICHE_CASHYN:
INFO	[2015-03-19 23:44:31:724] <13842> ICHE_CASHGUBUN_CD:
INFO	[2015-03-19 23:44:31:724] <13842> ICHE_CASHID_NO:
INFO	[2015-03-19 23:44:31:724] <13842> ICHEARS_SOCKETYN:
INFO	[2015-03-19 23:44:31:724] <13842> ICHEARS_ADMNO:
INFO	[2015-03-19 23:44:31:724] <13842> ICHEARS_POSMTID:
INFO	[2015-03-19 23:44:31:724] <13842> ICHEARS_CENTERCD:
INFO	[2015-03-19 23:44:31:724] <13842> ICHEARS_HPNO:
INFO	[2015-03-19 23:44:31:724] <13842>  Pay Result Value [
INFO	[2015-03-19 23:44:31:724] <13842> rSuccYn:n
INFO	[2015-03-19 23:44:31:724] <13842> rResMsg:인증여부 입력여부 확인요망 <br>
INFO	[2015-03-19 23:44:31:724] <13842> ]
INFO	[2015-03-19 23:44:31:724] <13842> END  인증여부 입력여부 확인요망 <br> Transaction time:[0sec]
INFO	[2015-03-19 23:44:31:724] <13842> ===============================================================
INFO	[2015-03-19 23:45:05:771] <13962> ===============================================================
INFO	[2015-03-19 23:45:05:771] <13962> START AgsPay40 php (OS:Linux2.6.18-348.4.1.el5,PHP:5.2.9p2)
INFO	[2015-03-19 23:45:05:771] <13962>  Pay Start!
INFO	[2015-03-19 23:45:05:771] <13962> AgsPayHome:../agspay
INFO	[2015-03-19 23:45:05:771] <13962> StoreId:aegis
INFO	[2015-03-19 23:45:05:771] <13962> log:true
INFO	[2015-03-19 23:45:05:771] <13962> logLevel:INFO
INFO	[2015-03-19 23:45:05:771] <13962> UseNetCancel:true
INFO	[2015-03-19 23:45:05:771] <13962> Type:Pay
INFO	[2015-03-19 23:45:05:771] <13962> RecvLen:7
INFO	[2015-03-19 23:45:05:771] <13962> AuthTy:
INFO	[2015-03-19 23:45:05:771] <13962> SubTy:
INFO	[2015-03-19 23:45:05:771] <13962> OrdNo:1000000001
INFO	[2015-03-19 23:45:05:771] <13962> Amt:1000
INFO	[2015-03-19 23:45:05:771] <13962> UserEmail:test@test.com
INFO	[2015-03-19 23:45:05:771] <13962> ProdNm:마우스
INFO	[2015-03-19 23:45:05:771] <13962> MallUrl:http://www.allthegate.com
INFO	[2015-03-19 23:45:05:771] <13962> UserId:
INFO	[2015-03-19 23:45:05:771] <13962> OrdNm:홍길동
INFO	[2015-03-19 23:45:05:771] <13962> OrdPhone:02-111-1111
INFO	[2015-03-19 23:45:05:771] <13962> OrdAddr:서울시 강남구 청담동
INFO	[2015-03-19 23:45:05:771] <13962> RcpNm:김길동
INFO	[2015-03-19 23:45:05:771] <13962> RcpPhone:02-111-1111
INFO	[2015-03-19 23:45:05:771] <13962> DlvAddr:서울시 강남구 청담동
INFO	[2015-03-19 23:45:05:771] <13962> Remark:오후에 배송요망
INFO	[2015-03-19 23:45:05:771] <13962> DeviId:9000400001
INFO	[2015-03-19 23:45:05:771] <13962> AuthYn:
INFO	[2015-03-19 23:45:05:771] <13962> Instmt:
INFO	[2015-03-19 23:45:05:771] <13962> UserIp:121.168.57.24
INFO	[2015-03-19 23:45:05:771] <13962> partial_mm:
INFO	[2015-03-19 23:45:05:771] <13962> noIntMonth:
INFO	[2015-03-19 23:45:05:771] <13962> KVP_CURRENCY:
INFO	[2015-03-19 23:45:05:771] <13962> KVP_CARDCODE:
INFO	[2015-03-19 23:45:05:771] <13962> KVP_SESSIONKEY:
INFO	[2015-03-19 23:45:05:771] <13962> KVP_ENCDATA:
INFO	[2015-03-19 23:45:05:771] <13962> KVP_CONAME:
INFO	[2015-03-19 23:45:05:771] <13962> KVP_NOINT:
INFO	[2015-03-19 23:45:05:771] <13962> KVP_QUOTA:
INFO	[2015-03-19 23:45:05:771] <13962> CardNo:
INFO	[2015-03-19 23:45:05:771] <13962> MPI_CAVV:
INFO	[2015-03-19 23:45:05:771] <13962> MPI_ECI:
INFO	[2015-03-19 23:45:05:771] <13962> MPI_MD64:
INFO	[2015-03-19 23:45:05:771] <13962> ExpMon:
INFO	[2015-03-19 23:45:05:772] <13962> ExpYear:
INFO	[2015-03-19 23:45:05:772] <13962> Passwd:
INFO	[2015-03-19 23:45:05:772] <13962> SocId:
INFO	[2015-03-19 23:45:05:772] <13962> ICHE_OUTBANKNAME:
INFO	[2015-03-19 23:45:05:772] <13962> ICHE_OUTACCTNO:
INFO	[2015-03-19 23:45:05:772] <13962> ICHE_OUTBANKMASTER:
INFO	[2015-03-19 23:45:05:772] <13962> ICHE_AMOUNT:
INFO	[2015-03-19 23:45:05:772] <13962> HP_SERVERINFO:
INFO	[2015-03-19 23:45:05:772] <13962> HP_HANDPHONE:
INFO	[2015-03-19 23:45:05:772] <13962> HP_COMPANY:
INFO	[2015-03-19 23:45:05:772] <13962> HP_ID:
INFO	[2015-03-19 23:45:05:772] <13962> HP_SUBID:
INFO	[2015-03-19 23:45:05:772] <13962> HP_UNITType:
INFO	[2015-03-19 23:45:05:772] <13962> HP_IDEN:
INFO	[2015-03-19 23:45:05:772] <13962> HP_IPADDR:
INFO	[2015-03-19 23:45:05:772] <13962> ARS_NAME:
INFO	[2015-03-19 23:45:05:772] <13962> ARS_PHONE:
INFO	[2015-03-19 23:45:05:772] <13962> VIRTUAL_CENTERCD:
INFO	[2015-03-19 23:45:05:772] <13962> VIRTUAL_DEPODT:
INFO	[2015-03-19 23:45:05:772] <13962> ZuminCode:
INFO	[2015-03-19 23:45:05:772] <13962> MallPage:
INFO	[2015-03-19 23:45:05:772] <13962> VIRTUAL_NO:
INFO	[2015-03-19 23:45:05:772] <13962> ES_SENDNO:
INFO	[2015-03-19 23:45:05:772] <13962> ICHE_SOCKETYN:
INFO	[2015-03-19 23:45:05:772] <13962> ICHE_POSMTID:
INFO	[2015-03-19 23:45:05:772] <13962> ICHE_FNBCMTID:
INFO	[2015-03-19 23:45:05:772] <13962> ICHE_APTRTS:
INFO	[2015-03-19 23:45:05:772] <13962> ICHE_REMARK1:
INFO	[2015-03-19 23:45:05:772] <13962> ICHE_REMARK2:
INFO	[2015-03-19 23:45:05:772] <13962> ICHE_ECWYN:
INFO	[2015-03-19 23:45:05:772] <13962> ICHE_ECWID:
INFO	[2015-03-19 23:45:05:772] <13962> ICHE_ECWAMT1:
INFO	[2015-03-19 23:45:05:772] <13962> ICHE_ECWAMT2:
INFO	[2015-03-19 23:45:05:772] <13962> ICHE_CASHYN:
INFO	[2015-03-19 23:45:05:772] <13962> ICHE_CASHGUBUN_CD:
INFO	[2015-03-19 23:45:05:772] <13962> ICHE_CASHID_NO:
INFO	[2015-03-19 23:45:05:772] <13962> ICHEARS_SOCKETYN:
INFO	[2015-03-19 23:45:05:772] <13962> ICHEARS_ADMNO:
INFO	[2015-03-19 23:45:05:772] <13962> ICHEARS_POSMTID:
INFO	[2015-03-19 23:45:05:772] <13962> ICHEARS_CENTERCD:
INFO	[2015-03-19 23:45:05:772] <13962> ICHEARS_HPNO:
INFO	[2015-03-19 23:45:05:772] <13962>  Pay Result Value [
INFO	[2015-03-19 23:45:05:772] <13962> rSuccYn:n
INFO	[2015-03-19 23:45:05:772] <13962> rResMsg:인증여부 입력여부 확인요망 <br>
INFO	[2015-03-19 23:45:05:772] <13962> ]
INFO	[2015-03-19 23:45:05:772] <13962> END  인증여부 입력여부 확인요망 <br> Transaction time:[0sec]
INFO	[2015-03-19 23:45:05:772] <13962> ===============================================================
INFO	[2015-03-19 23:45:33:704] <13866> ===============================================================
INFO	[2015-03-19 23:45:33:704] <13866> START AgsPay40 php (OS:Linux2.6.18-348.4.1.el5,PHP:5.2.9p2)
INFO	[2015-03-19 23:45:33:704] <13866>  Pay Start!
INFO	[2015-03-19 23:45:33:704] <13866> AgsPayHome:../agspay
INFO	[2015-03-19 23:45:33:704] <13866> StoreId:aegis
INFO	[2015-03-19 23:45:33:704] <13866> log:true
INFO	[2015-03-19 23:45:33:704] <13866> logLevel:INFO
INFO	[2015-03-19 23:45:33:704] <13866> UseNetCancel:true
INFO	[2015-03-19 23:45:33:704] <13866> Type:Pay
INFO	[2015-03-19 23:45:33:704] <13866> RecvLen:7
INFO	[2015-03-19 23:45:33:704] <13866> AuthTy:
INFO	[2015-03-19 23:45:33:705] <13866> SubTy:
INFO	[2015-03-19 23:45:33:705] <13866> OrdNo:1000000001
INFO	[2015-03-19 23:45:33:705] <13866> Amt:1000
INFO	[2015-03-19 23:45:33:705] <13866> UserEmail:test@test.com
INFO	[2015-03-19 23:45:33:705] <13866> ProdNm:마우스
INFO	[2015-03-19 23:45:33:705] <13866> MallUrl:http://www.allthegate.com
INFO	[2015-03-19 23:45:33:705] <13866> UserId:
INFO	[2015-03-19 23:45:33:705] <13866> OrdNm:홍길동
INFO	[2015-03-19 23:45:33:705] <13866> OrdPhone:02-111-1111
INFO	[2015-03-19 23:45:33:705] <13866> OrdAddr:서울시 강남구 청담동
INFO	[2015-03-19 23:45:33:705] <13866> RcpNm:김길동
INFO	[2015-03-19 23:45:33:705] <13866> RcpPhone:02-111-1111
INFO	[2015-03-19 23:45:33:705] <13866> DlvAddr:서울시 강남구 청담동
INFO	[2015-03-19 23:45:33:705] <13866> Remark:오후에 배송요망
INFO	[2015-03-19 23:45:33:705] <13866> DeviId:9000400001
INFO	[2015-03-19 23:45:33:705] <13866> AuthYn:
INFO	[2015-03-19 23:45:33:705] <13866> Instmt:
INFO	[2015-03-19 23:45:33:705] <13866> UserIp:121.168.57.24
INFO	[2015-03-19 23:45:33:705] <13866> partial_mm:
INFO	[2015-03-19 23:45:33:705] <13866> noIntMonth:
INFO	[2015-03-19 23:45:33:705] <13866> KVP_CURRENCY:
INFO	[2015-03-19 23:45:33:705] <13866> KVP_CARDCODE:
INFO	[2015-03-19 23:45:33:705] <13866> KVP_SESSIONKEY:
INFO	[2015-03-19 23:45:33:705] <13866> KVP_ENCDATA:
INFO	[2015-03-19 23:45:33:705] <13866> KVP_CONAME:
INFO	[2015-03-19 23:45:33:705] <13866> KVP_NOINT:
INFO	[2015-03-19 23:45:33:705] <13866> KVP_QUOTA:
INFO	[2015-03-19 23:45:33:705] <13866> CardNo:
INFO	[2015-03-19 23:45:33:705] <13866> MPI_CAVV:
INFO	[2015-03-19 23:45:33:705] <13866> MPI_ECI:
INFO	[2015-03-19 23:45:33:705] <13866> MPI_MD64:
INFO	[2015-03-19 23:45:33:705] <13866> ExpMon:
INFO	[2015-03-19 23:45:33:705] <13866> ExpYear:
INFO	[2015-03-19 23:45:33:705] <13866> Passwd:
INFO	[2015-03-19 23:45:33:705] <13866> SocId:
INFO	[2015-03-19 23:45:33:705] <13866> ICHE_OUTBANKNAME:
INFO	[2015-03-19 23:45:33:705] <13866> ICHE_OUTACCTNO:
INFO	[2015-03-19 23:45:33:705] <13866> ICHE_OUTBANKMASTER:
INFO	[2015-03-19 23:45:33:705] <13866> ICHE_AMOUNT:
INFO	[2015-03-19 23:45:33:705] <13866> HP_SERVERINFO:
INFO	[2015-03-19 23:45:33:705] <13866> HP_HANDPHONE:
INFO	[2015-03-19 23:45:33:705] <13866> HP_COMPANY:
INFO	[2015-03-19 23:45:33:705] <13866> HP_ID:
INFO	[2015-03-19 23:45:33:705] <13866> HP_SUBID:
INFO	[2015-03-19 23:45:33:705] <13866> HP_UNITType:
INFO	[2015-03-19 23:45:33:705] <13866> HP_IDEN:
INFO	[2015-03-19 23:45:33:705] <13866> HP_IPADDR:
INFO	[2015-03-19 23:45:33:705] <13866> ARS_NAME:
INFO	[2015-03-19 23:45:33:705] <13866> ARS_PHONE:
INFO	[2015-03-19 23:45:33:705] <13866> VIRTUAL_CENTERCD:
INFO	[2015-03-19 23:45:33:705] <13866> VIRTUAL_DEPODT:
INFO	[2015-03-19 23:45:33:706] <13866> ZuminCode:
INFO	[2015-03-19 23:45:33:706] <13866> MallPage:
INFO	[2015-03-19 23:45:33:706] <13866> VIRTUAL_NO:
INFO	[2015-03-19 23:45:33:706] <13866> ES_SENDNO:
INFO	[2015-03-19 23:45:33:706] <13866> ICHE_SOCKETYN:
INFO	[2015-03-19 23:45:33:706] <13866> ICHE_POSMTID:
INFO	[2015-03-19 23:45:33:706] <13866> ICHE_FNBCMTID:
INFO	[2015-03-19 23:45:33:706] <13866> ICHE_APTRTS:
INFO	[2015-03-19 23:45:33:706] <13866> ICHE_REMARK1:
INFO	[2015-03-19 23:45:33:706] <13866> ICHE_REMARK2:
INFO	[2015-03-19 23:45:33:706] <13866> ICHE_ECWYN:
INFO	[2015-03-19 23:45:33:706] <13866> ICHE_ECWID:
INFO	[2015-03-19 23:45:33:706] <13866> ICHE_ECWAMT1:
INFO	[2015-03-19 23:45:33:706] <13866> ICHE_ECWAMT2:
INFO	[2015-03-19 23:45:33:706] <13866> ICHE_CASHYN:
INFO	[2015-03-19 23:45:33:706] <13866> ICHE_CASHGUBUN_CD:
INFO	[2015-03-19 23:45:33:706] <13866> ICHE_CASHID_NO:
INFO	[2015-03-19 23:45:33:706] <13866> ICHEARS_SOCKETYN:
INFO	[2015-03-19 23:45:33:706] <13866> ICHEARS_ADMNO:
INFO	[2015-03-19 23:45:33:706] <13866> ICHEARS_POSMTID:
INFO	[2015-03-19 23:45:33:706] <13866> ICHEARS_CENTERCD:
INFO	[2015-03-19 23:45:33:706] <13866> ICHEARS_HPNO:
INFO	[2015-03-19 23:45:33:706] <13866>  Pay Result Value [
INFO	[2015-03-19 23:45:33:706] <13866> rSuccYn:n
INFO	[2015-03-19 23:45:33:706] <13866> rResMsg:인증여부 입력여부 확인요망 <br>
INFO	[2015-03-19 23:45:33:706] <13866> ]
INFO	[2015-03-19 23:45:33:706] <13866> END  인증여부 입력여부 확인요망 <br> Transaction time:[0.01sec]
INFO	[2015-03-19 23:45:33:706] <13866> ===============================================================
