INFO	[2015-03-20 01:45:23:533] <29830> ===============================================================
INFO	[2015-03-20 01:45:23:533] <29830> START AgsPay40 php (OS:Linux2.6.18-348.4.1.el5,PHP:5.2.9p2)
INFO	[2015-03-20 01:45:23:533] <29830> card Pay Start!
INFO	[2015-03-20 01:45:23:533] <29830> AgsPayHome:../agspay
INFO	[2015-03-20 01:45:23:533] <29830> StoreId:clovergd
INFO	[2015-03-20 01:45:23:533] <29830> log:true
INFO	[2015-03-20 01:45:23:533] <29830> logLevel:INFO
INFO	[2015-03-20 01:45:23:533] <29830> UseNetCancel:true
INFO	[2015-03-20 01:45:23:533] <29830> Type:Pay
INFO	[2015-03-20 01:45:23:533] <29830> RecvLen:7
INFO	[2015-03-20 01:45:23:533] <29830> AuthTy:card
INFO	[2015-03-20 01:45:23:533] <29830> SubTy:visa3d
INFO	[2015-03-20 01:45:23:533] <29830> OrdNo:20150320_014339_
INFO	[2015-03-20 01:45:23:533] <29830> Amt:1000
INFO	[2015-03-20 01:45:23:533] <29830> UserEmail:@
INFO	[2015-03-20 01:45:23:533] <29830> ProdNm:남산원
INFO	[2015-03-20 01:45:23:533] <29830> MallUrl:http://www.clovergarden.com
INFO	[2015-03-20 01:45:23:533] <29830> UserId:test
INFO	[2015-03-20 01:45:23:533] <29830> OrdNm:
INFO	[2015-03-20 01:45:23:533] <29830> OrdPhone:--
INFO	[2015-03-20 01:45:23:533] <29830> OrdAddr:
INFO	[2015-03-20 01:45:23:533] <29830> RcpNm:
INFO	[2015-03-20 01:45:23:533] <29830> RcpPhone:
INFO	[2015-03-20 01:45:23:533] <29830> DlvAddr:
INFO	[2015-03-20 01:45:23:533] <29830> Remark:
INFO	[2015-03-20 01:45:23:533] <29830> DeviId:9000400001
INFO	[2015-03-20 01:45:23:533] <29830> AuthYn:N;59.7.56.7;N;;1000;;null;;;
INFO	[2015-03-20 01:45:23:533] <29830> Instmt:00
INFO	[2015-03-20 01:45:23:533] <29830> UserIp:59.7.56.7
INFO	[2015-03-20 01:45:23:534] <29830> partial_mm:
INFO	[2015-03-20 01:45:23:534] <29830> noIntMonth:
INFO	[2015-03-20 01:45:23:534] <29830> KVP_CURRENCY:WON
INFO	[2015-03-20 01:45:23:534] <29830> KVP_CARDCODE:
INFO	[2015-03-20 01:45:23:534] <29830> KVP_SESSIONKEY:
INFO	[2015-03-20 01:45:23:534] <29830> KVP_ENCDATA:
INFO	[2015-03-20 01:45:23:534] <29830> KVP_CONAME:
INFO	[2015-03-20 01:45:23:534] <29830> KVP_NOINT:
INFO	[2015-03-20 01:45:23:534] <29830> KVP_QUOTA:
INFO	[2015-03-20 01:45:23:534] <29830> CardNo:4658875873428033
INFO	[2015-03-20 01:45:23:534] <29830> MPI_CAVV:AAABBYcXQCAVAyABRRdAAAAAAAA=
INFO	[2015-03-20 01:45:23:534] <29830> MPI_ECI:05
INFO	[2015-03-20 01:45:23:534] <29830> MPI_MD64:MjAxNTAzMjAwMTQ0MTg1NjgxMDY=
INFO	[2015-03-20 01:45:23:534] <29830> ExpMon:12
INFO	[2015-03-20 01:45:23:534] <29830> ExpYear:2049
INFO	[2015-03-20 01:45:23:534] <29830> Passwd:
INFO	[2015-03-20 01:45:23:534] <29830> SocId:
INFO	[2015-03-20 01:45:23:534] <29830> ICHE_OUTBANKNAME:
INFO	[2015-03-20 01:45:23:534] <29830> ICHE_OUTACCTNO:
INFO	[2015-03-20 01:45:23:534] <29830> ICHE_OUTBANKMASTER:
INFO	[2015-03-20 01:45:23:534] <29830> ICHE_AMOUNT:
INFO	[2015-03-20 01:45:23:534] <29830> HP_SERVERINFO:
INFO	[2015-03-20 01:45:23:534] <29830> HP_HANDPHONE:
INFO	[2015-03-20 01:45:23:534] <29830> HP_COMPANY:
INFO	[2015-03-20 01:45:23:534] <29830> HP_ID:
INFO	[2015-03-20 01:45:23:534] <29830> HP_SUBID:
INFO	[2015-03-20 01:45:23:534] <29830> HP_UNITType:
INFO	[2015-03-20 01:45:23:534] <29830> HP_IDEN:
INFO	[2015-03-20 01:45:23:534] <29830> HP_IPADDR:
INFO	[2015-03-20 01:45:23:534] <29830> ARS_NAME:
INFO	[2015-03-20 01:45:23:534] <29830> ARS_PHONE:
INFO	[2015-03-20 01:45:23:534] <29830> VIRTUAL_CENTERCD:99
INFO	[2015-03-20 01:45:23:534] <29830> VIRTUAL_DEPODT:
INFO	[2015-03-20 01:45:23:534] <29830> ZuminCode:
INFO	[2015-03-20 01:45:23:534] <29830> MallPage:
INFO	[2015-03-20 01:45:23:534] <29830> VIRTUAL_NO:
INFO	[2015-03-20 01:45:23:534] <29830> ES_SENDNO:
INFO	[2015-03-20 01:45:23:534] <29830> ICHE_SOCKETYN:Y
INFO	[2015-03-20 01:45:23:534] <29830> ICHE_POSMTID:
INFO	[2015-03-20 01:45:23:534] <29830> ICHE_FNBCMTID:
INFO	[2015-03-20 01:45:23:534] <29830> ICHE_APTRTS:
INFO	[2015-03-20 01:45:23:534] <29830> ICHE_REMARK1:
INFO	[2015-03-20 01:45:23:534] <29830> ICHE_REMARK2:
INFO	[2015-03-20 01:45:23:534] <29830> ICHE_ECWYN:
INFO	[2015-03-20 01:45:23:534] <29830> ICHE_ECWID:
INFO	[2015-03-20 01:45:23:534] <29830> ICHE_ECWAMT1:
INFO	[2015-03-20 01:45:23:534] <29830> ICHE_ECWAMT2:
INFO	[2015-03-20 01:45:23:534] <29830> ICHE_CASHYN:N
INFO	[2015-03-20 01:45:23:534] <29830> ICHE_CASHGUBUN_CD:
INFO	[2015-03-20 01:45:23:535] <29830> ICHE_CASHID_NO:
INFO	[2015-03-20 01:45:23:535] <29830> ICHEARS_SOCKETYN:Y
INFO	[2015-03-20 01:45:23:535] <29830> ICHEARS_ADMNO:
INFO	[2015-03-20 01:45:23:535] <29830> ICHEARS_POSMTID:
INFO	[2015-03-20 01:45:23:535] <29830> ICHEARS_CENTERCD:
INFO	[2015-03-20 01:45:23:535] <29830> ICHEARS_HPNO:
INFO	[2015-03-20 01:45:23:535] <29830> Make NetCancel ID Start
INFO	[2015-03-20 01:45:23:535] <29830> AEGIS_VISAclovergd_20150320014523535307
INFO	[2015-03-20 01:45:23:535] <29830> Make NetCancel ID End
INFO	[2015-03-20 01:45:23:535] <29830> Make NetCancelID OK
INFO	[2015-03-20 01:45:23:535] <29830> Make Msg Start
INFO	[2015-03-20 01:45:23:535] <29830> Encrypt Start
INFO	[2015-03-20 01:45:23:535] <29830> Encrypt End
INFO	[2015-03-20 01:45:23:535] <29830> Encrypt Start
INFO	[2015-03-20 01:45:23:535] <29830> Encrypt End
INFO	[2015-03-20 01:45:23:535] <29830> Encrypt Start
INFO	[2015-03-20 01:45:23:535] <29830> Encrypt End
INFO	[2015-03-20 01:45:23:535] <29830> Encrypt Start
INFO	[2015-03-20 01:45:23:535] <29830> Encrypt End
INFO	[2015-03-20 01:45:23:535] <29830> card-visa3d Make MSG OK 
INFO	[2015-03-20 01:45:23:535] <29830> Make Msg End
INFO	[2015-03-20 01:45:23:535] <29830> Make Pay Msg OK
INFO	[2015-03-20 01:45:23:535] <29830> Send & Recv Msg Start
INFO	[2015-03-20 01:45:23:535] <29830> Send Data To PG Start [ 
INFO	[2015-03-20 01:45:23:535] <29830> 0:0002430plug15
INFO	[2015-03-20 01:45:23:535] <29830> 1:clovergd
INFO	[2015-03-20 01:45:23:535] <29830> 2:test
INFO	[2015-03-20 01:45:23:535] <29830> 3:1000
INFO	[2015-03-20 01:45:23:535] <29830> 4:20150320_014339_
INFO	[2015-03-20 01:45:23:535] <29830> 5:9000400001
INFO	[2015-03-20 01:45:23:535] <29830> 6:3049095648752649
INFO	[2015-03-20 01:45:23:535] <29830> 7:283587
INFO	[2015-03-20 01:45:23:535] <29830> 8:00
INFO	[2015-03-20 01:45:23:535] <29830> 9:N;59.7.56.7;N;;1000;;null;;;
INFO	[2015-03-20 01:45:23:535] <29830> 10:
INFO	[2015-03-20 01:45:23:535] <29830> 11:
INFO	[2015-03-20 01:45:23:535] <29830> 12:
INFO	[2015-03-20 01:45:23:535] <29830> 13:
INFO	[2015-03-20 01:45:23:535] <29830> 14:
INFO	[2015-03-20 01:45:23:535] <29830> 15:
INFO	[2015-03-20 01:45:23:535] <29830> 16:59.7.56.7;--
INFO	[2015-03-20 01:45:23:535] <29830> 17:@;
INFO	[2015-03-20 01:45:23:535] <29830> 18:남산원
INFO	[2015-03-20 01:45:23:535] <29830> 19:AAABBYcXQCAVAyABRRdAAAAAAAA=
INFO	[2015-03-20 01:45:23:535] <29830> 20:MjAxNTAzMjAwMTQ0MTg1NjgxMDY=
INFO	[2015-03-20 01:45:23:535] <29830> 21:05
INFO	[2015-03-20 01:45:23:535] <29830> 22:@
INFO	[2015-03-20 01:45:23:535] <29830> 23:AEGIS_VISAclovergd_20150320014523535307
INFO	[2015-03-20 01:45:23:535] <29830> 24:
INFO	[2015-03-20 01:45:23:535] <29830> ] Send Data To PG End 
INFO	[2015-03-20 01:45:23:535] <29830> SendMsg : [0002430plug15|clovergd|test|1000|20150320_014339_|9000400001|3049095648752649|283587|00|N;59.7.56.7;N;;1000;;null;;;|||||||59.7.56.7;--|@;|남산원|AAABBYcXQCAVAyABRRdAAAAAAAA=|MjAxNTAzMjAwMTQ0MTg1NjgxMDY=|05|@|AEGIS_VISAclovergd_20150320014523535307|]
INFO	[2015-03-20 01:45:23:535] <29830> Connect IP:[220.85.12.3] Port:[29760]
INFO	[2015-03-20 01:45:23:539] <29830> Socket Open OK
INFO	[2015-03-20 01:45:24:360] <29830> RecvMsg Length : [000116]
INFO	[2015-03-20 01:45:24:360] <29830> RecvMsg : [clovergd|0610|20150320_014339_|05157671|000000001000|y|정상승인|신한|20150320014738|0500|18570317|0500|신한|501203|
]
INFO	[2015-03-20 01:45:24:360] <29830> Socket Close OK
INFO	[2015-03-20 01:45:24:360] <29830> RecvMsg Length Check OK
INFO	[2015-03-20 01:45:24:360] <29830> Send & Recv Msg End
INFO	[2015-03-20 01:45:24:360] <29830> Send & Recv Msg OK
INFO	[2015-03-20 01:45:24:360] <29830> Parse Msg Start
INFO	[2015-03-20 01:45:24:360] <29830> card-visa3d RECV MSG Parsing OK 
INFO	[2015-03-20 01:45:24:360] <29830> Parse Msg End
INFO	[2015-03-20 01:45:24:361] <29830> Msg Parsing OK
INFO	[2015-03-20 01:45:24:361] <29830> card Pay Result Value [
INFO	[2015-03-20 01:45:24:361] <29830> NetCancID:AEGIS_VISAclovergd_20150320014523535307
INFO	[2015-03-20 01:45:24:361] <29830> rStoreId:clovergd
INFO	[2015-03-20 01:45:24:361] <29830> rBusiCd:0610
INFO	[2015-03-20 01:45:24:361] <29830> rOrdNo:20150320_014339_
INFO	[2015-03-20 01:45:24:361] <29830> rApprNo:05157671
INFO	[2015-03-20 01:45:24:361] <29830> rInstmt:00
INFO	[2015-03-20 01:45:24:361] <29830> rAmt:000000001000
INFO	[2015-03-20 01:45:24:361] <29830> rSuccYn:y
INFO	[2015-03-20 01:45:24:361] <29830> rResMsg:정상승인
INFO	[2015-03-20 01:45:24:361] <29830> rCardNm:신한
INFO	[2015-03-20 01:45:24:361] <29830> rApprTm:20150320014738
INFO	[2015-03-20 01:45:24:361] <29830> rCardCd:0500
INFO	[2015-03-20 01:45:24:361] <29830> rMembNo:18570317
INFO	[2015-03-20 01:45:24:361] <29830> rAquiCd:0500
INFO	[2015-03-20 01:45:24:361] <29830> rAquiNm:신한
INFO	[2015-03-20 01:45:24:361] <29830> rDealNo:501203
INFO	[2015-03-20 01:45:24:361] <29830> rProdNm:남산원
INFO	[2015-03-20 01:45:24:361] <29830> ]
INFO	[2015-03-20 01:45:24:361] <29830> END  정상승인 Transaction time:[0.83sec]
INFO	[2015-03-20 01:45:24:361] <29830> ===============================================================
