INFO	[2015-04-05 23:16:45:333] <19527> ===============================================================
INFO	[2015-04-05 23:16:45:333] <19527> START AgsPay40 php (OS:Linux2.6.18-348.4.1.el5,PHP:5.2.9p2)
INFO	[2015-04-05 23:16:45:333] <19527> card Pay Start!
INFO	[2015-04-05 23:16:45:333] <19527> AgsPayHome:../agspay
INFO	[2015-04-05 23:16:45:333] <19527> StoreId:clovergd
INFO	[2015-04-05 23:16:45:333] <19527> log:true
INFO	[2015-04-05 23:16:45:333] <19527> logLevel:INFO
INFO	[2015-04-05 23:16:45:333] <19527> UseNetCancel:true
INFO	[2015-04-05 23:16:45:333] <19527> Type:Pay
INFO	[2015-04-05 23:16:45:333] <19527> RecvLen:7
INFO	[2015-04-05 23:16:45:333] <19527> AuthTy:card
INFO	[2015-04-05 23:16:45:333] <19527> SubTy:visa3d
INFO	[2015-04-05 23:16:45:333] <19527> OrdNo:20150405_111305_i01
INFO	[2015-04-05 23:16:45:333] <19527> Amt:1000
INFO	[2015-04-05 23:16:45:333] <19527> UserEmail:dcmdcm1@
INFO	[2015-04-05 23:16:45:333] <19527> ProdNm:안산평화의집
INFO	[2015-04-05 23:16:45:333] <19527> MallUrl:http://www.clovergarden.com
INFO	[2015-04-05 23:16:45:333] <19527> UserId:dcmdcm1@naver.com
INFO	[2015-04-05 23:16:45:333] <19527> OrdNm:이명석
INFO	[2015-04-05 23:16:45:333] <19527> OrdPhone:010-2532-9289
INFO	[2015-04-05 23:16:45:333] <19527> OrdAddr:411
INFO	[2015-04-05 23:16:45:333] <19527> RcpNm:
INFO	[2015-04-05 23:16:45:333] <19527> RcpPhone:
INFO	[2015-04-05 23:16:45:333] <19527> DlvAddr:
INFO	[2015-04-05 23:16:45:333] <19527> Remark:
INFO	[2015-04-05 23:16:45:333] <19527> DeviId:9000400001
INFO	[2015-04-05 23:16:45:333] <19527> AuthYn:N;59.7.56.7;N;;1000;;;;;
INFO	[2015-04-05 23:16:45:333] <19527> Instmt:00
INFO	[2015-04-05 23:16:45:333] <19527> UserIp:59.7.56.7
INFO	[2015-04-05 23:16:45:333] <19527> partial_mm:
INFO	[2015-04-05 23:16:45:333] <19527> noIntMonth:
INFO	[2015-04-05 23:16:45:333] <19527> KVP_CURRENCY:WON
INFO	[2015-04-05 23:16:45:334] <19527> KVP_CARDCODE:
INFO	[2015-04-05 23:16:45:334] <19527> KVP_SESSIONKEY:
INFO	[2015-04-05 23:16:45:334] <19527> KVP_ENCDATA:
INFO	[2015-04-05 23:16:45:334] <19527> KVP_CONAME:
INFO	[2015-04-05 23:16:45:334] <19527> KVP_NOINT:
INFO	[2015-04-05 23:16:45:334] <19527> KVP_QUOTA:
INFO	[2015-04-05 23:16:45:334] <19527> CardNo:4658875873428033
INFO	[2015-04-05 23:16:45:334] <19527> MPI_CAVV:AAABBWURciAVBAUjFhFyAAAAAAA=
INFO	[2015-04-05 23:16:45:334] <19527> MPI_ECI:05
INFO	[2015-04-05 23:16:45:334] <19527> MPI_MD64:MjAxNTA0MDUyMzI2MTg2NjAxMjA=
INFO	[2015-04-05 23:16:45:334] <19527> ExpMon:12
INFO	[2015-04-05 23:16:45:334] <19527> ExpYear:2049
INFO	[2015-04-05 23:16:45:334] <19527> Passwd:
INFO	[2015-04-05 23:16:45:334] <19527> SocId:
INFO	[2015-04-05 23:16:45:334] <19527> ICHE_OUTBANKNAME:
INFO	[2015-04-05 23:16:45:334] <19527> ICHE_OUTACCTNO:
INFO	[2015-04-05 23:16:45:334] <19527> ICHE_OUTBANKMASTER:
INFO	[2015-04-05 23:16:45:334] <19527> ICHE_AMOUNT:
INFO	[2015-04-05 23:16:45:334] <19527> HP_SERVERINFO:
INFO	[2015-04-05 23:16:45:334] <19527> HP_HANDPHONE:
INFO	[2015-04-05 23:16:45:334] <19527> HP_COMPANY:
INFO	[2015-04-05 23:16:45:334] <19527> HP_ID:
INFO	[2015-04-05 23:16:45:334] <19527> HP_SUBID:
INFO	[2015-04-05 23:16:45:334] <19527> HP_UNITType:
INFO	[2015-04-05 23:16:45:334] <19527> HP_IDEN:
INFO	[2015-04-05 23:16:45:334] <19527> HP_IPADDR:
INFO	[2015-04-05 23:16:45:334] <19527> ARS_NAME:
INFO	[2015-04-05 23:16:45:334] <19527> ARS_PHONE:
INFO	[2015-04-05 23:16:45:334] <19527> VIRTUAL_CENTERCD:99
INFO	[2015-04-05 23:16:45:334] <19527> VIRTUAL_DEPODT:
INFO	[2015-04-05 23:16:45:334] <19527> ZuminCode:
INFO	[2015-04-05 23:16:45:334] <19527> MallPage:
INFO	[2015-04-05 23:16:45:334] <19527> VIRTUAL_NO:
INFO	[2015-04-05 23:16:45:334] <19527> ES_SENDNO:
INFO	[2015-04-05 23:16:45:334] <19527> ICHE_SOCKETYN:Y
INFO	[2015-04-05 23:16:45:334] <19527> ICHE_POSMTID:
INFO	[2015-04-05 23:16:45:334] <19527> ICHE_FNBCMTID:
INFO	[2015-04-05 23:16:45:334] <19527> ICHE_APTRTS:
INFO	[2015-04-05 23:16:45:334] <19527> ICHE_REMARK1:
INFO	[2015-04-05 23:16:45:334] <19527> ICHE_REMARK2:
INFO	[2015-04-05 23:16:45:334] <19527> ICHE_ECWYN:
INFO	[2015-04-05 23:16:45:334] <19527> ICHE_ECWID:
INFO	[2015-04-05 23:16:45:334] <19527> ICHE_ECWAMT1:
INFO	[2015-04-05 23:16:45:334] <19527> ICHE_ECWAMT2:
INFO	[2015-04-05 23:16:45:334] <19527> ICHE_CASHYN:N
INFO	[2015-04-05 23:16:45:334] <19527> ICHE_CASHGUBUN_CD:
INFO	[2015-04-05 23:16:45:334] <19527> ICHE_CASHID_NO:
INFO	[2015-04-05 23:16:45:334] <19527> ICHEARS_SOCKETYN:Y
INFO	[2015-04-05 23:16:45:335] <19527> ICHEARS_ADMNO:
INFO	[2015-04-05 23:16:45:335] <19527> ICHEARS_POSMTID:
INFO	[2015-04-05 23:16:45:335] <19527> ICHEARS_CENTERCD:
INFO	[2015-04-05 23:16:45:335] <19527> ICHEARS_HPNO:
INFO	[2015-04-05 23:16:45:335] <19527> Make NetCancel ID Start
INFO	[2015-04-05 23:16:45:335] <19527> AEGIS_VISAclovergd_20150405231645335583
INFO	[2015-04-05 23:16:45:335] <19527> Make NetCancel ID End
INFO	[2015-04-05 23:16:45:335] <19527> Make NetCancelID OK
INFO	[2015-04-05 23:16:45:335] <19527> Make Msg Start
INFO	[2015-04-05 23:16:45:335] <19527> Encrypt Start
INFO	[2015-04-05 23:16:45:335] <19527> Encrypt End
INFO	[2015-04-05 23:16:45:335] <19527> Encrypt Start
INFO	[2015-04-05 23:16:45:335] <19527> Encrypt End
INFO	[2015-04-05 23:16:45:335] <19527> Encrypt Start
INFO	[2015-04-05 23:16:45:335] <19527> Encrypt End
INFO	[2015-04-05 23:16:45:335] <19527> Encrypt Start
INFO	[2015-04-05 23:16:45:335] <19527> Encrypt End
INFO	[2015-04-05 23:16:45:335] <19527> card-visa3d Make MSG OK 
INFO	[2015-04-05 23:16:45:335] <19527> Make Msg End
INFO	[2015-04-05 23:16:45:335] <19527> Make Pay Msg OK
INFO	[2015-04-05 23:16:45:335] <19527> Send & Recv Msg Start
INFO	[2015-04-05 23:16:45:335] <19527> Send Data To PG Start [ 
INFO	[2015-04-05 23:16:45:335] <19527> 0:0002920plug15
INFO	[2015-04-05 23:16:45:335] <19527> 1:clovergd
INFO	[2015-04-05 23:16:45:335] <19527> 2:dcmdcm1@naver.com
INFO	[2015-04-05 23:16:45:335] <19527> 3:1000
INFO	[2015-04-05 23:16:45:335] <19527> 4:20150405_111305_i01
INFO	[2015-04-05 23:16:45:335] <19527> 5:9000400001
INFO	[2015-04-05 23:16:45:335] <19527> 6:3049095648752649
INFO	[2015-04-05 23:16:45:335] <19527> 7:283587
INFO	[2015-04-05 23:16:45:335] <19527> 8:00
INFO	[2015-04-05 23:16:45:335] <19527> 9:N;59.7.56.7;N;;1000;;;;;
INFO	[2015-04-05 23:16:45:335] <19527> 10:
INFO	[2015-04-05 23:16:45:335] <19527> 11:
INFO	[2015-04-05 23:16:45:335] <19527> 12:
INFO	[2015-04-05 23:16:45:335] <19527> 13:
INFO	[2015-04-05 23:16:45:335] <19527> 14:
INFO	[2015-04-05 23:16:45:335] <19527> 15:이명석
INFO	[2015-04-05 23:16:45:335] <19527> 16:59.7.56.7;010-2532-9289
INFO	[2015-04-05 23:16:45:335] <19527> 17:dcmdcm1@;
INFO	[2015-04-05 23:16:45:335] <19527> 18:안산평화의집
INFO	[2015-04-05 23:16:45:335] <19527> 19:AAABBWURciAVBAUjFhFyAAAAAAA=
INFO	[2015-04-05 23:16:45:335] <19527> 20:MjAxNTA0MDUyMzI2MTg2NjAxMjA=
INFO	[2015-04-05 23:16:45:335] <19527> 21:05
INFO	[2015-04-05 23:16:45:335] <19527> 22:dcmdcm1@
INFO	[2015-04-05 23:16:45:335] <19527> 23:AEGIS_VISAclovergd_20150405231645335583
INFO	[2015-04-05 23:16:45:335] <19527> 24:
INFO	[2015-04-05 23:16:45:335] <19527> ] Send Data To PG End 
INFO	[2015-04-05 23:16:45:335] <19527> SendMsg : [0002920plug15|clovergd|dcmdcm1@naver.com|1000|20150405_111305_i01|9000400001|3049095648752649|283587|00|N;59.7.56.7;N;;1000;;;;;||||||이명석|59.7.56.7;010-2532-9289|dcmdcm1@;|안산평화의집|AAABBWURciAVBAUjFhFyAAAAAAA=|MjAxNTA0MDUyMzI2MTg2NjAxMjA=|05|dcmdcm1@|AEGIS_VISAclovergd_20150405231645335583|]
INFO	[2015-04-05 23:16:45:335] <19527> Connect IP:[220.85.12.3] Port:[29760]
INFO	[2015-04-05 23:16:45:340] <19527> Socket Open OK
INFO	[2015-04-05 23:16:47:41] <19527> RecvMsg Length : [000119]
INFO	[2015-04-05 23:16:47:41] <19527> RecvMsg : [clovergd|0610|20150405_111305_i01|35545233|000000001000|y|정상승인|신한|20150405231904|0500|18570317|0500|신한|510029|
]
INFO	[2015-04-05 23:16:47:41] <19527> Socket Close OK
INFO	[2015-04-05 23:16:47:41] <19527> RecvMsg Length Check OK
INFO	[2015-04-05 23:16:47:42] <19527> Send & Recv Msg End
INFO	[2015-04-05 23:16:47:42] <19527> Send & Recv Msg OK
INFO	[2015-04-05 23:16:47:42] <19527> Parse Msg Start
INFO	[2015-04-05 23:16:47:42] <19527> card-visa3d RECV MSG Parsing OK 
INFO	[2015-04-05 23:16:47:42] <19527> Parse Msg End
INFO	[2015-04-05 23:16:47:42] <19527> Msg Parsing OK
INFO	[2015-04-05 23:16:47:42] <19527> card Pay Result Value [
INFO	[2015-04-05 23:16:47:42] <19527> NetCancID:AEGIS_VISAclovergd_20150405231645335583
INFO	[2015-04-05 23:16:47:42] <19527> rStoreId:clovergd
INFO	[2015-04-05 23:16:47:42] <19527> rBusiCd:0610
INFO	[2015-04-05 23:16:47:42] <19527> rOrdNo:20150405_111305_i01
INFO	[2015-04-05 23:16:47:42] <19527> rApprNo:35545233
INFO	[2015-04-05 23:16:47:42] <19527> rInstmt:00
INFO	[2015-04-05 23:16:47:42] <19527> rAmt:000000001000
INFO	[2015-04-05 23:16:47:42] <19527> rSuccYn:y
INFO	[2015-04-05 23:16:47:42] <19527> rResMsg:정상승인
INFO	[2015-04-05 23:16:47:42] <19527> rCardNm:신한
INFO	[2015-04-05 23:16:47:42] <19527> rApprTm:20150405231904
INFO	[2015-04-05 23:16:47:42] <19527> rCardCd:0500
INFO	[2015-04-05 23:16:47:42] <19527> rMembNo:18570317
INFO	[2015-04-05 23:16:47:42] <19527> rAquiCd:0500
INFO	[2015-04-05 23:16:47:42] <19527> rAquiNm:신한
INFO	[2015-04-05 23:16:47:42] <19527> rDealNo:510029
INFO	[2015-04-05 23:16:47:42] <19527> rProdNm:안산평화의집
INFO	[2015-04-05 23:16:47:42] <19527> ]
INFO	[2015-04-05 23:16:47:42] <19527> END  정상승인 Transaction time:[1.71sec]
INFO	[2015-04-05 23:16:47:42] <19527> ===============================================================
INFO	[2015-04-05 23:29:20:14] <19527> ===============================================================
INFO	[2015-04-05 23:29:20:14] <19527> START AgsPay40 php (OS:Linux2.6.18-348.4.1.el5,PHP:5.2.9p2)
INFO	[2015-04-05 23:29:20:14] <19527> card Pay Start!
INFO	[2015-04-05 23:29:20:14] <19527> AgsPayHome:../agspay
INFO	[2015-04-05 23:29:20:14] <19527> StoreId:clovergd
INFO	[2015-04-05 23:29:20:14] <19527> log:true
INFO	[2015-04-05 23:29:20:14] <19527> logLevel:INFO
INFO	[2015-04-05 23:29:20:14] <19527> UseNetCancel:true
INFO	[2015-04-05 23:29:20:14] <19527> Type:Pay
INFO	[2015-04-05 23:29:20:14] <19527> RecvLen:7
INFO	[2015-04-05 23:29:20:14] <19527> AuthTy:card
INFO	[2015-04-05 23:29:20:14] <19527> SubTy:visa3d
INFO	[2015-04-05 23:29:20:14] <19527> OrdNo:20150405_112752_i01
INFO	[2015-04-05 23:29:20:14] <19527> Amt:1000
INFO	[2015-04-05 23:29:20:14] <19527> UserEmail:dcmdcm1@
INFO	[2015-04-05 23:29:20:14] <19527> ProdNm:안산평화의집
INFO	[2015-04-05 23:29:20:14] <19527> MallUrl:http://www.clovergarden.com
INFO	[2015-04-05 23:29:20:14] <19527> UserId:dcmdcm1@naver.com
INFO	[2015-04-05 23:29:20:14] <19527> OrdNm:이명석
INFO	[2015-04-05 23:29:20:14] <19527> OrdPhone:010-2532-9289
INFO	[2015-04-05 23:29:20:14] <19527> OrdAddr:411
INFO	[2015-04-05 23:29:20:15] <19527> RcpNm:
INFO	[2015-04-05 23:29:20:15] <19527> RcpPhone:
INFO	[2015-04-05 23:29:20:15] <19527> DlvAddr:
INFO	[2015-04-05 23:29:20:15] <19527> Remark:
INFO	[2015-04-05 23:29:20:15] <19527> DeviId:9000400001
INFO	[2015-04-05 23:29:20:15] <19527> AuthYn:N;59.7.56.7;N;;1000;;;;;
INFO	[2015-04-05 23:29:20:15] <19527> Instmt:00
INFO	[2015-04-05 23:29:20:15] <19527> UserIp:59.7.56.7
INFO	[2015-04-05 23:29:20:15] <19527> partial_mm:
INFO	[2015-04-05 23:29:20:15] <19527> noIntMonth:
INFO	[2015-04-05 23:29:20:15] <19527> KVP_CURRENCY:WON
INFO	[2015-04-05 23:29:20:15] <19527> KVP_CARDCODE:
INFO	[2015-04-05 23:29:20:15] <19527> KVP_SESSIONKEY:
INFO	[2015-04-05 23:29:20:15] <19527> KVP_ENCDATA:
INFO	[2015-04-05 23:29:20:15] <19527> KVP_CONAME:
INFO	[2015-04-05 23:29:20:15] <19527> KVP_NOINT:
INFO	[2015-04-05 23:29:20:15] <19527> KVP_QUOTA:
INFO	[2015-04-05 23:29:20:15] <19527> CardNo:4658875873428033
INFO	[2015-04-05 23:29:20:15] <19527> MPI_CAVV:AAABAQaTNSAVBAUjKZM1AAAAAAA=
INFO	[2015-04-05 23:29:20:15] <19527> MPI_ECI:05
INFO	[2015-04-05 23:29:20:15] <19527> MPI_MD64:MjAxNTA0MDUyMzM5MzE2MDAxMjA=
INFO	[2015-04-05 23:29:20:15] <19527> ExpMon:12
INFO	[2015-04-05 23:29:20:15] <19527> ExpYear:2049
INFO	[2015-04-05 23:29:20:15] <19527> Passwd:
INFO	[2015-04-05 23:29:20:15] <19527> SocId:
INFO	[2015-04-05 23:29:20:15] <19527> ICHE_OUTBANKNAME:
INFO	[2015-04-05 23:29:20:15] <19527> ICHE_OUTACCTNO:
INFO	[2015-04-05 23:29:20:15] <19527> ICHE_OUTBANKMASTER:
INFO	[2015-04-05 23:29:20:15] <19527> ICHE_AMOUNT:
INFO	[2015-04-05 23:29:20:15] <19527> HP_SERVERINFO:
INFO	[2015-04-05 23:29:20:15] <19527> HP_HANDPHONE:
INFO	[2015-04-05 23:29:20:15] <19527> HP_COMPANY:
INFO	[2015-04-05 23:29:20:15] <19527> HP_ID:
INFO	[2015-04-05 23:29:20:15] <19527> HP_SUBID:
INFO	[2015-04-05 23:29:20:15] <19527> HP_UNITType:
INFO	[2015-04-05 23:29:20:15] <19527> HP_IDEN:
INFO	[2015-04-05 23:29:20:15] <19527> HP_IPADDR:
INFO	[2015-04-05 23:29:20:15] <19527> ARS_NAME:
INFO	[2015-04-05 23:29:20:15] <19527> ARS_PHONE:
INFO	[2015-04-05 23:29:20:15] <19527> VIRTUAL_CENTERCD:99
INFO	[2015-04-05 23:29:20:15] <19527> VIRTUAL_DEPODT:
INFO	[2015-04-05 23:29:20:15] <19527> ZuminCode:
INFO	[2015-04-05 23:29:20:15] <19527> MallPage:
INFO	[2015-04-05 23:29:20:15] <19527> VIRTUAL_NO:
INFO	[2015-04-05 23:29:20:15] <19527> ES_SENDNO:
INFO	[2015-04-05 23:29:20:15] <19527> ICHE_SOCKETYN:Y
INFO	[2015-04-05 23:29:20:15] <19527> ICHE_POSMTID:
INFO	[2015-04-05 23:29:20:15] <19527> ICHE_FNBCMTID:
INFO	[2015-04-05 23:29:20:15] <19527> ICHE_APTRTS:
INFO	[2015-04-05 23:29:20:16] <19527> ICHE_REMARK1:
INFO	[2015-04-05 23:29:20:16] <19527> ICHE_REMARK2:
INFO	[2015-04-05 23:29:20:16] <19527> ICHE_ECWYN:
INFO	[2015-04-05 23:29:20:16] <19527> ICHE_ECWID:
INFO	[2015-04-05 23:29:20:16] <19527> ICHE_ECWAMT1:
INFO	[2015-04-05 23:29:20:16] <19527> ICHE_ECWAMT2:
INFO	[2015-04-05 23:29:20:16] <19527> ICHE_CASHYN:N
INFO	[2015-04-05 23:29:20:16] <19527> ICHE_CASHGUBUN_CD:
INFO	[2015-04-05 23:29:20:16] <19527> ICHE_CASHID_NO:
INFO	[2015-04-05 23:29:20:16] <19527> ICHEARS_SOCKETYN:Y
INFO	[2015-04-05 23:29:20:16] <19527> ICHEARS_ADMNO:
INFO	[2015-04-05 23:29:20:16] <19527> ICHEARS_POSMTID:
INFO	[2015-04-05 23:29:20:16] <19527> ICHEARS_CENTERCD:
INFO	[2015-04-05 23:29:20:16] <19527> ICHEARS_HPNO:
INFO	[2015-04-05 23:29:20:16] <19527> Make NetCancel ID Start
INFO	[2015-04-05 23:29:20:16] <19527> AEGIS_VISAclovergd_20150405232920016994
INFO	[2015-04-05 23:29:20:16] <19527> Make NetCancel ID End
INFO	[2015-04-05 23:29:20:16] <19527> Make NetCancelID OK
INFO	[2015-04-05 23:29:20:16] <19527> Make Msg Start
INFO	[2015-04-05 23:29:20:16] <19527> Encrypt Start
INFO	[2015-04-05 23:29:20:16] <19527> Encrypt End
INFO	[2015-04-05 23:29:20:16] <19527> Encrypt Start
INFO	[2015-04-05 23:29:20:16] <19527> Encrypt End
INFO	[2015-04-05 23:29:20:16] <19527> Encrypt Start
INFO	[2015-04-05 23:29:20:16] <19527> Encrypt End
INFO	[2015-04-05 23:29:20:16] <19527> Encrypt Start
INFO	[2015-04-05 23:29:20:16] <19527> Encrypt End
INFO	[2015-04-05 23:29:20:16] <19527> card-visa3d Make MSG OK 
INFO	[2015-04-05 23:29:20:16] <19527> Make Msg End
INFO	[2015-04-05 23:29:20:16] <19527> Make Pay Msg OK
INFO	[2015-04-05 23:29:20:16] <19527> Send & Recv Msg Start
INFO	[2015-04-05 23:29:20:16] <19527> Send Data To PG Start [ 
INFO	[2015-04-05 23:29:20:16] <19527> 0:0002920plug15
INFO	[2015-04-05 23:29:20:16] <19527> 1:clovergd
INFO	[2015-04-05 23:29:20:16] <19527> 2:dcmdcm1@naver.com
INFO	[2015-04-05 23:29:20:16] <19527> 3:1000
INFO	[2015-04-05 23:29:20:16] <19527> 4:20150405_112752_i01
INFO	[2015-04-05 23:29:20:16] <19527> 5:9000400001
INFO	[2015-04-05 23:29:20:16] <19527> 6:3049095648752649
INFO	[2015-04-05 23:29:20:16] <19527> 7:283587
INFO	[2015-04-05 23:29:20:16] <19527> 8:00
INFO	[2015-04-05 23:29:20:16] <19527> 9:N;59.7.56.7;N;;1000;;;;;
INFO	[2015-04-05 23:29:20:16] <19527> 10:
INFO	[2015-04-05 23:29:20:16] <19527> 11:
INFO	[2015-04-05 23:29:20:16] <19527> 12:
INFO	[2015-04-05 23:29:20:16] <19527> 13:
INFO	[2015-04-05 23:29:20:16] <19527> 14:
INFO	[2015-04-05 23:29:20:16] <19527> 15:이명석
INFO	[2015-04-05 23:29:20:16] <19527> 16:59.7.56.7;010-2532-9289
INFO	[2015-04-05 23:29:20:16] <19527> 17:dcmdcm1@;
INFO	[2015-04-05 23:29:20:16] <19527> 18:안산평화의집
INFO	[2015-04-05 23:29:20:16] <19527> 19:AAABAQaTNSAVBAUjKZM1AAAAAAA=
INFO	[2015-04-05 23:29:20:16] <19527> 20:MjAxNTA0MDUyMzM5MzE2MDAxMjA=
INFO	[2015-04-05 23:29:20:16] <19527> 21:05
INFO	[2015-04-05 23:29:20:16] <19527> 22:dcmdcm1@
INFO	[2015-04-05 23:29:20:16] <19527> 23:AEGIS_VISAclovergd_20150405232920016994
INFO	[2015-04-05 23:29:20:16] <19527> 24:
INFO	[2015-04-05 23:29:20:16] <19527> ] Send Data To PG End 
INFO	[2015-04-05 23:29:20:16] <19527> SendMsg : [0002920plug15|clovergd|dcmdcm1@naver.com|1000|20150405_112752_i01|9000400001|3049095648752649|283587|00|N;59.7.56.7;N;;1000;;;;;||||||이명석|59.7.56.7;010-2532-9289|dcmdcm1@;|안산평화의집|AAABAQaTNSAVBAUjKZM1AAAAAAA=|MjAxNTA0MDUyMzM5MzE2MDAxMjA=|05|dcmdcm1@|AEGIS_VISAclovergd_20150405232920016994|]
INFO	[2015-04-05 23:29:20:16] <19527> Connect IP:[220.85.12.3] Port:[29760]
INFO	[2015-04-05 23:29:20:21] <19527> Socket Open OK
INFO	[2015-04-05 23:29:20:823] <19527> RecvMsg Length : [000119]
INFO	[2015-04-05 23:29:20:823] <19527> RecvMsg : [clovergd|0610|20150405_112752_i01|35573743|000000001000|y|정상승인|신한|20150405232411|0500|18570317|0500|신한|510242|
]
INFO	[2015-04-05 23:29:20:823] <19527> Socket Close OK
INFO	[2015-04-05 23:29:20:823] <19527> RecvMsg Length Check OK
INFO	[2015-04-05 23:29:20:823] <19527> Send & Recv Msg End
INFO	[2015-04-05 23:29:20:823] <19527> Send & Recv Msg OK
INFO	[2015-04-05 23:29:20:823] <19527> Parse Msg Start
INFO	[2015-04-05 23:29:20:823] <19527> card-visa3d RECV MSG Parsing OK 
INFO	[2015-04-05 23:29:20:823] <19527> Parse Msg End
INFO	[2015-04-05 23:29:20:823] <19527> Msg Parsing OK
INFO	[2015-04-05 23:29:20:823] <19527> card Pay Result Value [
INFO	[2015-04-05 23:29:20:823] <19527> NetCancID:AEGIS_VISAclovergd_20150405232920016994
INFO	[2015-04-05 23:29:20:823] <19527> rStoreId:clovergd
INFO	[2015-04-05 23:29:20:823] <19527> rBusiCd:0610
INFO	[2015-04-05 23:29:20:823] <19527> rOrdNo:20150405_112752_i01
INFO	[2015-04-05 23:29:20:823] <19527> rApprNo:35573743
INFO	[2015-04-05 23:29:20:823] <19527> rInstmt:00
INFO	[2015-04-05 23:29:20:823] <19527> rAmt:000000001000
INFO	[2015-04-05 23:29:20:823] <19527> rSuccYn:y
INFO	[2015-04-05 23:29:20:823] <19527> rResMsg:정상승인
INFO	[2015-04-05 23:29:20:823] <19527> rCardNm:신한
INFO	[2015-04-05 23:29:20:823] <19527> rApprTm:20150405232411
INFO	[2015-04-05 23:29:20:823] <19527> rCardCd:0500
INFO	[2015-04-05 23:29:20:823] <19527> rMembNo:18570317
INFO	[2015-04-05 23:29:20:823] <19527> rAquiCd:0500
INFO	[2015-04-05 23:29:20:823] <19527> rAquiNm:신한
INFO	[2015-04-05 23:29:20:823] <19527> rDealNo:510242
INFO	[2015-04-05 23:29:20:823] <19527> rProdNm:안산평화의집
INFO	[2015-04-05 23:29:20:823] <19527> ]
INFO	[2015-04-05 23:29:20:823] <19527> END  정상승인 Transaction time:[0.81sec]
INFO	[2015-04-05 23:29:20:823] <19527> ===============================================================
