INFO	[2015-09-07 18:06:25:38] <30233> ===============================================================
INFO	[2015-09-07 18:06:25:38] <30233> START AgsPay40 php (OS:Linux2.6.18-348.4.1.el5,PHP:5.2.9p2)
INFO	[2015-09-07 18:06:25:38] <30233> card Pay Start!
INFO	[2015-09-07 18:06:25:38] <30233> AgsPayHome:../agspay
INFO	[2015-09-07 18:06:25:38] <30233> StoreId:clovergd
INFO	[2015-09-07 18:06:25:38] <30233> log:true
INFO	[2015-09-07 18:06:25:38] <30233> logLevel:INFO
INFO	[2015-09-07 18:06:25:39] <30233> UseNetCancel:true
INFO	[2015-09-07 18:06:25:39] <30233> Type:Pay
INFO	[2015-09-07 18:06:25:39] <30233> RecvLen:7
INFO	[2015-09-07 18:06:25:39] <30233> AuthTy:card
INFO	[2015-09-07 18:06:25:39] <30233> SubTy:isp
INFO	[2015-09-07 18:06:25:39] <30233> OrdNo:20150907_060529_z01
INFO	[2015-09-07 18:06:25:39] <30233> Amt:10000
INFO	[2015-09-07 18:06:25:39] <30233> UserEmail:eusoulmate@
INFO	[2015-09-07 18:06:25:39] <30233> ProdNm:z01
INFO	[2015-09-07 18:06:25:39] <30233> MallUrl:http://www.clovergarden.com
INFO	[2015-09-07 18:06:25:39] <30233> UserId:eusoulmate@naver.com
INFO	[2015-09-07 18:06:25:39] <30233> OrdNm:이유진
INFO	[2015-09-07 18:06:25:39] <30233> OrdPhone:010-9147-3878
INFO	[2015-09-07 18:06:25:39] <30233> OrdAddr:
INFO	[2015-09-07 18:06:25:39] <30233> RcpNm:
INFO	[2015-09-07 18:06:25:39] <30233> RcpPhone:
INFO	[2015-09-07 18:06:25:39] <30233> DlvAddr:
INFO	[2015-09-07 18:06:25:39] <30233> Remark:
INFO	[2015-09-07 18:06:25:39] <30233> DeviId:9000400001
INFO	[2015-09-07 18:06:25:39] <30233> AuthYn:N;121.128.59.183
INFO	[2015-09-07 18:06:25:39] <30233> Instmt:
INFO	[2015-09-07 18:06:25:39] <30233> UserIp:121.128.59.183
INFO	[2015-09-07 18:06:25:39] <30233> partial_mm:00
INFO	[2015-09-07 18:06:25:39] <30233> noIntMonth:
INFO	[2015-09-07 18:06:25:39] <30233> KVP_CURRENCY:WON
INFO	[2015-09-07 18:06:25:39] <30233> KVP_CARDCODE:000100202233081;121.128.59.183;N;;10000;;;;
INFO	[2015-09-07 18:06:25:39] <30233> KVP_SESSIONKEY:QdUrDQlznTNbEwFG7/L0fTX1b9oTCkM95Fh2HJMpUAXhTniWWJ3y11WUCIFXhBaI 
Q6r2+LsiwKb748pd+qGdr+VVFoV+VUgCGs3ZaG74Ib9owT82Xia6QGvKf22gf52H 
u8rh8FOXn27ewOYAIsebVL0wvj+1cse0YMdK4paaCxI= 

INFO	[2015-09-07 18:06:25:39] <30233> KVP_ENCDATA:Version=1.0&amp;KeyFlag=1&amp;KeyNum=1&amp;EncryptAlgorithm=SEED-CBC&amp;SignAlgorithm=&amp;Data=8xF11oEY4%2b3CnJyOZ03wtuvAkE7xbxypyidNMeQ1TJdGj3IUxlM70pfOP8wTNevz%0aiXzGGeevJSMICWfst2csYKoVhx7eFvkPwQoDRrRgzDyW3a%2brmgK9zLa6y%2bVT28q/%0aIzO9nv8yE7785DoSri6vOAqz8BtxL92T1G9RB39qR86mFY1oBIXtIaDUbEEtadGW%0aE/G8x4LUrEBNZ%2bUfR77CBbiYs9N7qobwnQjhqnQl6p0jyW8pFvCJMFAMUh6RuLza%0axJ6ORTM1jqxmG5TO88z9njtT%2beBhg2HGewZBiXtxwb6tAJav5vbfd5v1KRtJBb6a%0afoPd4BtwzeHnnBkIc6OG6amNDT7eumn49pi1HyBw9hDZWEWTK0ZtSpbuEN9i0KkI%0aab40qU/oO8my%2b5APREdJftFKKchn/TTkR395zJ%2bD/OqwvOyWDM2nYOHm0efOPcBp%0af/A6uy72BOjkdSK642wiy31COLtWN1c1zedQ1Tt70ijmQT9Pzd0%2buY/hUxyVkrK1%0acE2zMBgDR6WP7DLBpO6wSCPRMdvsUT7RXqtlxWzTflOkcHchzA1pWc1BOwc0/nC7%0aPKkZynRjPUxRjmQnoCodLHoEiohYCN5flX44oTvenJPdCwdZOCNLP2ZiEINT/2bm%0aXdKd0fsstp0XxMeDgCwFsNKTjaCsjupGYKCYng9mlKejh41fWUYjkXtqDpXTtPbq%0av6006VMwXMHDeHNL%2b5mLJdNonRwkpZwycig5lhytqKpmGVsey5bxAkNwOeob7qeW%0akGmwk0sot83tLH30aKS75Eis/SUn1nrbEExOlK6HqXsbH0eKBEE/Vbo4v0itcdog%0af62JdHydlPIHAR4fxHTkYw%3d%3d%0a&amp;PubCert=
INFO	[2015-09-07 18:06:25:39] <30233> KVP_CONAME:ISP
INFO	[2015-09-07 18:06:25:39] <30233> KVP_NOINT:0
INFO	[2015-09-07 18:06:25:39] <30233> KVP_QUOTA:00
INFO	[2015-09-07 18:06:25:39] <30233> CardNo:
INFO	[2015-09-07 18:06:25:39] <30233> MPI_CAVV:
INFO	[2015-09-07 18:06:25:39] <30233> MPI_ECI:
INFO	[2015-09-07 18:06:25:39] <30233> MPI_MD64:
INFO	[2015-09-07 18:06:25:39] <30233> ExpMon:
INFO	[2015-09-07 18:06:25:39] <30233> ExpYear:
INFO	[2015-09-07 18:06:25:39] <30233> Passwd:
INFO	[2015-09-07 18:06:25:39] <30233> SocId:
INFO	[2015-09-07 18:06:25:39] <30233> ICHE_OUTBANKNAME:
INFO	[2015-09-07 18:06:25:39] <30233> ICHE_OUTACCTNO:
INFO	[2015-09-07 18:06:25:39] <30233> ICHE_OUTBANKMASTER:
INFO	[2015-09-07 18:06:25:39] <30233> ICHE_AMOUNT:
INFO	[2015-09-07 18:06:25:39] <30233> HP_SERVERINFO:
INFO	[2015-09-07 18:06:25:39] <30233> HP_HANDPHONE:
INFO	[2015-09-07 18:06:25:39] <30233> HP_COMPANY:
INFO	[2015-09-07 18:06:25:39] <30233> HP_ID:
INFO	[2015-09-07 18:06:25:39] <30233> HP_SUBID:
INFO	[2015-09-07 18:06:25:39] <30233> HP_UNITType:
INFO	[2015-09-07 18:06:25:39] <30233> HP_IDEN:
INFO	[2015-09-07 18:06:25:39] <30233> HP_IPADDR:
INFO	[2015-09-07 18:06:25:40] <30233> ARS_NAME:
INFO	[2015-09-07 18:06:25:40] <30233> ARS_PHONE:
INFO	[2015-09-07 18:06:25:40] <30233> VIRTUAL_CENTERCD:99
INFO	[2015-09-07 18:06:25:40] <30233> VIRTUAL_DEPODT:
INFO	[2015-09-07 18:06:25:40] <30233> ZuminCode:
INFO	[2015-09-07 18:06:25:40] <30233> MallPage:
INFO	[2015-09-07 18:06:25:40] <30233> VIRTUAL_NO:
INFO	[2015-09-07 18:06:25:40] <30233> ES_SENDNO:
INFO	[2015-09-07 18:06:25:40] <30233> ICHE_SOCKETYN:Y
INFO	[2015-09-07 18:06:25:40] <30233> ICHE_POSMTID:
INFO	[2015-09-07 18:06:25:40] <30233> ICHE_FNBCMTID:
INFO	[2015-09-07 18:06:25:40] <30233> ICHE_APTRTS:
INFO	[2015-09-07 18:06:25:40] <30233> ICHE_REMARK1:
INFO	[2015-09-07 18:06:25:40] <30233> ICHE_REMARK2:
INFO	[2015-09-07 18:06:25:40] <30233> ICHE_ECWYN:
INFO	[2015-09-07 18:06:25:40] <30233> ICHE_ECWID:
INFO	[2015-09-07 18:06:25:40] <30233> ICHE_ECWAMT1:
INFO	[2015-09-07 18:06:25:40] <30233> ICHE_ECWAMT2:
INFO	[2015-09-07 18:06:25:40] <30233> ICHE_CASHYN:N
INFO	[2015-09-07 18:06:25:40] <30233> ICHE_CASHGUBUN_CD:
INFO	[2015-09-07 18:06:25:40] <30233> ICHE_CASHID_NO:
INFO	[2015-09-07 18:06:25:40] <30233> ICHEARS_SOCKETYN:Y
INFO	[2015-09-07 18:06:25:40] <30233> ICHEARS_ADMNO:
INFO	[2015-09-07 18:06:25:40] <30233> ICHEARS_POSMTID:
INFO	[2015-09-07 18:06:25:40] <30233> ICHEARS_CENTERCD:
INFO	[2015-09-07 18:06:25:40] <30233> ICHEARS_HPNO:
INFO	[2015-09-07 18:06:25:40] <30233> Make NetCancel ID Start
INFO	[2015-09-07 18:06:25:40] <30233> AEGIS_ISP_clovergd_20150907180625040757
INFO	[2015-09-07 18:06:25:40] <30233> Make NetCancel ID End
INFO	[2015-09-07 18:06:25:40] <30233> Make NetCancelID OK
INFO	[2015-09-07 18:06:25:40] <30233> Make Msg Start
INFO	[2015-09-07 18:06:25:40] <30233> card-isp Make MSG OK 
INFO	[2015-09-07 18:06:25:40] <30233> Make Msg End
INFO	[2015-09-07 18:06:25:40] <30233> Make Pay Msg OK
INFO	[2015-09-07 18:06:25:40] <30233> Send & Recv Msg Start
INFO	[2015-09-07 18:06:25:40] <30233> Send Data To PG Start [ 
INFO	[2015-09-07 18:06:25:40] <30233> 0:0014402plug15
INFO	[2015-09-07 18:06:25:40] <30233> 1:clovergd
INFO	[2015-09-07 18:06:25:40] <30233> 2:eusoulmate@naver.com
INFO	[2015-09-07 18:06:25:40] <30233> 3:10000
INFO	[2015-09-07 18:06:25:40] <30233> 4:20150907_060529_z01
INFO	[2015-09-07 18:06:25:40] <30233> 5:9000400001
INFO	[2015-09-07 18:06:25:40] <30233> 6:
INFO	[2015-09-07 18:06:25:40] <30233> 7:
INFO	[2015-09-07 18:06:25:40] <30233> 8:
INFO	[2015-09-07 18:06:25:40] <30233> 9:이유진
INFO	[2015-09-07 18:06:25:40] <30233> 10:010-9147-3878
INFO	[2015-09-07 18:06:25:40] <30233> 11:
INFO	[2015-09-07 18:06:25:40] <30233> 12:z01
INFO	[2015-09-07 18:06:25:40] <30233> 13:WON
INFO	[2015-09-07 18:06:25:40] <30233> 14:00
INFO	[2015-09-07 18:06:25:40] <30233> 15:
INFO	[2015-09-07 18:06:25:40] <30233> 16:000100202233081;121.128.59.183;N;;10000;;;;
INFO	[2015-09-07 18:06:25:40] <30233> 17:QdUrDQlznTNbEwFG7/L0fTX1b9oTCkM95Fh2HJMpUAXhTniWWJ3y11WUCIFXhBaI 
Q6r2+LsiwKb748pd+qGdr+VVFoV+VUgCGs3ZaG74Ib9owT82Xia6QGvKf22gf52H 
u8rh8FOXn27ewOYAIsebVL0wvj+1cse0YMdK4paaCxI= 

INFO	[2015-09-07 18:06:25:40] <30233> 18:Version=1.0&amp;KeyFlag=1&amp;KeyNum=1&amp;EncryptAlgorithm=SEED-CBC&amp;SignAlgorithm=&amp;Data=8xF11oEY4%2b3CnJyOZ03wtuvAkE7xbxypyidNMeQ1TJdGj3IUxlM70pfOP8wTNevz%0aiXzGGeevJSMICWfst2csYKoVhx7eFvkPwQoDRrRgzDyW3a%2brmgK9zLa6y%2bVT28q/%0aIzO9nv8yE7785DoSri6vOAqz8BtxL92T1G9RB39qR86mFY1oBIXtIaDUbEEtadGW%0aE/G8x4LUrEBNZ%2bUfR77CBbiYs9N7qobwnQjhqnQl6p0jyW8pFvCJMFAMUh6RuLza%0axJ6ORTM1jqxmG5TO88z9njtT%2beBhg2HGewZBiXtxwb6tAJav5vbfd5v1KRtJBb6a%0afoPd4BtwzeHnnBkIc6OG6amNDT7eumn49pi1HyBw9hDZWEWTK0ZtSpbuEN9i0KkI%0aab40qU/oO8my%2b5APREdJftFKKchn/TTkR395zJ%2bD/OqwvOyWDM2nYOHm0efOPcBp%0af/A6uy72BOjkdSK642wiy31COLtWN1c1zedQ1Tt70ijmQT9Pzd0%2buY/hUxyVkrK1%0acE2zMBgDR6WP7DLBpO6wSCPRMdvsUT7RXqtlxWzTflOkcHchzA1pWc1BOwc0/nC7%0aPKkZynRjPUxRjmQnoCodLHoEiohYCN5flX44oTvenJPdCwdZOCNLP2ZiEINT/2bm%0aXdKd0fsstp0XxMeDgCwFsNKTjaCsjupGYKCYng9mlKejh41fWUYjkXtqDpXTtPbq%0av6006VMwXMHDeHNL%2b5mLJdNonRwkpZwycig5lhytqKpmGVsey5bxAkNwOeob7qeW%0akGmwk0sot83tLH30aKS75Eis/SUn1nrbEExOlK6HqXsbH0eKBEE/Vbo4v0itcdog%0af62JdHydlPIHAR4fxHTkYw%3d%3d%0a&amp;PubCert=
INFO	[2015-09-07 18:06:25:40] <30233> 19:ISP
INFO	[2015-09-07 18:06:25:40] <30233> 20:121.128.59.183
INFO	[2015-09-07 18:06:25:40] <30233> 21:eusoulmate@
INFO	[2015-09-07 18:06:25:40] <30233> 22:AEGIS_ISP_clovergd_20150907180625040757
INFO	[2015-09-07 18:06:25:40] <30233> 23:
INFO	[2015-09-07 18:06:25:40] <30233> ] Send Data To PG End 
INFO	[2015-09-07 18:06:25:40] <30233> SendMsg : [0014402plug15|clovergd|eusoulmate@naver.com|10000|20150907_060529_z01|9000400001||||이유진|010-9147-3878||z01|WON|00||000100202233081;121.128.59.183;N;;10000;;;;|QdUrDQlznTNbEwFG7/L0fTX1b9oTCkM95Fh2HJMpUAXhTniWWJ3y11WUCIFXhBaI 
Q6r2+LsiwKb748pd+qGdr+VVFoV+VUgCGs3ZaG74Ib9owT82Xia6QGvKf22gf52H 
u8rh8FOXn27ewOYAIsebVL0wvj+1cse0YMdK4paaCxI= 
|Version=1.0&amp;KeyFlag=1&amp;KeyNum=1&amp;EncryptAlgorithm=SEED-CBC&amp;SignAlgorithm=&amp;Data=8xF11oEY4%2b3CnJyOZ03wtuvAkE7xbxypyidNMeQ1TJdGj3IUxlM70pfOP8wTNevz%0aiXzGGeevJSMICWfst2csYKoVhx7eFvkPwQoDRrRgzDyW3a%2brmgK9zLa6y%2bVT28q/%0aIzO9nv8yE7785DoSri6vOAqz8BtxL92T1G9RB39qR86mFY1oBIXtIaDUbEEtadGW%0aE/G8x4LUrEBNZ%2bUfR77CBbiYs9N7qobwnQjhqnQl6p0jyW8pFvCJMFAMUh6RuLza%0axJ6ORTM1jqxmG5TO88z9njtT%2beBhg2HGewZBiXtxwb6tAJav5vbfd5v1KRtJBb6a%0afoPd4BtwzeHnnBkIc6OG6amNDT7eumn49pi1HyBw9hDZWEWTK0ZtSpbuEN9i0KkI%0aab40qU/oO8my%2b5APREdJftFKKchn/TTkR395zJ%2bD/OqwvOyWDM2nYOHm0efOPcBp%0af/A6uy72BOjkdSK642wiy31COLtWN1c1zedQ1Tt70ijmQT9Pzd0%2buY/hUxyVkrK1%0acE2zMBgDR6WP7DLBpO6wSCPRMdvsUT7RXqtlxWzTflOkcHchzA1pWc1BOwc0/nC7%0aPKkZynRjPUxRjmQnoCodLHoEiohYCN5flX44oTvenJPdCwdZOCNLP2ZiEINT/2bm%0aXdKd0fsstp0XxMeDgCwFsNKTjaCsjupGYKCYng9mlKejh41fWUYjkXtqDpXTtPbq%0av6006VMwXMHDeHNL%2b5mLJdNonRwkpZwycig5lhytqKpmGVsey5bxAkNwOeob7qeW%0akGmwk0sot83tLH30aKS75Eis/SUn1nrbEExOlK6HqXsbH0eKBEE/Vbo4v0itcdog%0af62JdHydlPIHAR4fxHTkYw%3d%3d%0a&amp;PubCert=|ISP|121.128.59.183|eusoulmate@|AEGIS_ISP_clovergd_20150907180625040757|]
INFO	[2015-09-07 18:06:25:40] <30233> Connect IP:[220.85.12.3] Port:[29760]
INFO	[2015-09-07 18:06:25:45] <30233> Socket Open OK
INFO	[2015-09-07 18:06:28:385] <30233> RecvMsg Length : [000084]
INFO	[2015-09-07 18:06:28:386] <30233> RecvMsg : [clovergd|0610|106265|38532722|10000|y|정상:20150907_060529_z01|20150907180627|0100|
]
INFO	[2015-09-07 18:06:28:386] <30233> Socket Close OK
INFO	[2015-09-07 18:06:28:386] <30233> RecvMsg Length Check OK
INFO	[2015-09-07 18:06:28:386] <30233> Send & Recv Msg End
INFO	[2015-09-07 18:06:28:386] <30233> Send & Recv Msg OK
INFO	[2015-09-07 18:06:28:386] <30233> Parse Msg Start
INFO	[2015-09-07 18:06:28:386] <30233> card-isp RECV MSG Parsing OK 
INFO	[2015-09-07 18:06:28:386] <30233> Parse Msg End
INFO	[2015-09-07 18:06:28:386] <30233> Msg Parsing OK
INFO	[2015-09-07 18:06:28:386] <30233> card Pay Result Value [
INFO	[2015-09-07 18:06:28:386] <30233> NetCancID:AEGIS_ISP_clovergd_20150907180625040757
INFO	[2015-09-07 18:06:28:386] <30233> rStoreId:clovergd
INFO	[2015-09-07 18:06:28:386] <30233> rBusiCd:0610
INFO	[2015-09-07 18:06:28:386] <30233> rOrdNo:20150907_060529_z01
INFO	[2015-09-07 18:06:28:386] <30233> rDealNo:106265
INFO	[2015-09-07 18:06:28:386] <30233> rApprNo:38532722
INFO	[2015-09-07 18:06:28:386] <30233> rProdNm:z01
INFO	[2015-09-07 18:06:28:386] <30233> rAmt:10000
INFO	[2015-09-07 18:06:28:386] <30233> rInstmt:00
INFO	[2015-09-07 18:06:28:386] <30233> rSuccYn:y
INFO	[2015-09-07 18:06:28:386] <30233> rResMsg:정상:20150907_060529_z01
INFO	[2015-09-07 18:06:28:386] <30233> rApprTm:20150907180627
INFO	[2015-09-07 18:06:28:386] <30233> rCardCd:0100
INFO	[2015-09-07 18:06:28:386] <30233> ]
INFO	[2015-09-07 18:06:28:386] <30233> END  정상:20150907_060529_z01 Transaction time:[3.35sec]
INFO	[2015-09-07 18:06:28:386] <30233> ===============================================================
