INFO	[2015-07-22 15:09:20:277] <10458> ===============================================================
INFO	[2015-07-22 15:09:20:277] <10458> START AgsPay40 php (OS:Linux2.6.18-348.4.1.el5,PHP:5.2.9p2)
INFO	[2015-07-22 15:09:20:277] <10458> virtual Pay Start!
INFO	[2015-07-22 15:09:20:277] <10458> AgsPayHome:../agspay
INFO	[2015-07-22 15:09:20:277] <10458> StoreId:clovergd
INFO	[2015-07-22 15:09:20:277] <10458> log:true
INFO	[2015-07-22 15:09:20:277] <10458> logLevel:INFO
INFO	[2015-07-22 15:09:20:277] <10458> UseNetCancel:true
INFO	[2015-07-22 15:09:20:277] <10458> Type:Pay
INFO	[2015-07-22 15:09:20:277] <10458> RecvLen:7
INFO	[2015-07-22 15:09:20:277] <10458> AuthTy:virtual
INFO	[2015-07-22 15:09:20:277] <10458> SubTy:vir_v
INFO	[2015-07-22 15:09:20:277] <10458> OrdNo:20150722_030833_h01
INFO	[2015-07-22 15:09:20:277] <10458> Amt:10000
INFO	[2015-07-22 15:09:20:277] <10458> UserEmail:kdhlove789@
INFO	[2015-07-22 15:09:20:277] <10458> ProdNm:아름다운학교
INFO	[2015-07-22 15:09:20:277] <10458> MallUrl:http://www.clovergarden.com
INFO	[2015-07-22 15:09:20:277] <10458> UserId:kdhlove789@nate.com
INFO	[2015-07-22 15:09:20:277] <10458> OrdNm:테스터
INFO	[2015-07-22 15:09:20:277] <10458> OrdPhone:010-5511-6166
INFO	[2015-07-22 15:09:20:277] <10458> OrdAddr:540
INFO	[2015-07-22 15:09:20:277] <10458> RcpNm:
INFO	[2015-07-22 15:09:20:277] <10458> RcpPhone:
INFO	[2015-07-22 15:09:20:277] <10458> DlvAddr:
INFO	[2015-07-22 15:09:20:277] <10458> Remark:
INFO	[2015-07-22 15:09:20:277] <10458> DeviId:9000400001
INFO	[2015-07-22 15:09:20:277] <10458> AuthYn:N;221.156.14.154
INFO	[2015-07-22 15:09:20:277] <10458> Instmt:
INFO	[2015-07-22 15:09:20:277] <10458> UserIp:221.156.14.154
INFO	[2015-07-22 15:09:20:277] <10458> partial_mm:
INFO	[2015-07-22 15:09:20:277] <10458> noIntMonth:
INFO	[2015-07-22 15:09:20:277] <10458> KVP_CURRENCY:WON
INFO	[2015-07-22 15:09:20:277] <10458> KVP_CARDCODE:
INFO	[2015-07-22 15:09:20:277] <10458> KVP_SESSIONKEY:
INFO	[2015-07-22 15:09:20:278] <10458> KVP_ENCDATA:
INFO	[2015-07-22 15:09:20:278] <10458> KVP_CONAME:
INFO	[2015-07-22 15:09:20:278] <10458> KVP_NOINT:
INFO	[2015-07-22 15:09:20:278] <10458> KVP_QUOTA:
INFO	[2015-07-22 15:09:20:278] <10458> CardNo:
INFO	[2015-07-22 15:09:20:278] <10458> MPI_CAVV:
INFO	[2015-07-22 15:09:20:278] <10458> MPI_ECI:
INFO	[2015-07-22 15:09:20:278] <10458> MPI_MD64:
INFO	[2015-07-22 15:09:20:278] <10458> ExpMon:
INFO	[2015-07-22 15:09:20:278] <10458> ExpYear:
INFO	[2015-07-22 15:09:20:278] <10458> Passwd:
INFO	[2015-07-22 15:09:20:278] <10458> SocId:
INFO	[2015-07-22 15:09:20:278] <10458> ICHE_OUTBANKNAME:
INFO	[2015-07-22 15:09:20:278] <10458> ICHE_OUTACCTNO:
INFO	[2015-07-22 15:09:20:278] <10458> ICHE_OUTBANKMASTER:
INFO	[2015-07-22 15:09:20:278] <10458> ICHE_AMOUNT:
INFO	[2015-07-22 15:09:20:278] <10458> HP_SERVERINFO:
INFO	[2015-07-22 15:09:20:278] <10458> HP_HANDPHONE:
INFO	[2015-07-22 15:09:20:278] <10458> HP_COMPANY:
INFO	[2015-07-22 15:09:20:278] <10458> HP_ID:
INFO	[2015-07-22 15:09:20:278] <10458> HP_SUBID:
INFO	[2015-07-22 15:09:20:278] <10458> HP_UNITType:
INFO	[2015-07-22 15:09:20:278] <10458> HP_IDEN:
INFO	[2015-07-22 15:09:20:278] <10458> HP_IPADDR:
INFO	[2015-07-22 15:09:20:278] <10458> ARS_NAME:
INFO	[2015-07-22 15:09:20:278] <10458> ARS_PHONE:
INFO	[2015-07-22 15:09:20:278] <10458> VIRTUAL_CENTERCD:11
INFO	[2015-07-22 15:09:20:278] <10458> VIRTUAL_DEPODT:
INFO	[2015-07-22 15:09:20:278] <10458> ZuminCode:1212121234567;192.168.0.7;
INFO	[2015-07-22 15:09:20:278] <10458> MallPage:
INFO	[2015-07-22 15:09:20:278] <10458> VIRTUAL_NO:79000120457812
INFO	[2015-07-22 15:09:20:278] <10458> ES_SENDNO:
INFO	[2015-07-22 15:09:20:278] <10458> ICHE_SOCKETYN:N
INFO	[2015-07-22 15:09:20:278] <10458> ICHE_POSMTID:
INFO	[2015-07-22 15:09:20:278] <10458> ICHE_FNBCMTID:
INFO	[2015-07-22 15:09:20:278] <10458> ICHE_APTRTS:
INFO	[2015-07-22 15:09:20:278] <10458> ICHE_REMARK1:
INFO	[2015-07-22 15:09:20:278] <10458> ICHE_REMARK2:
INFO	[2015-07-22 15:09:20:278] <10458> ICHE_ECWYN:
INFO	[2015-07-22 15:09:20:278] <10458> ICHE_ECWID:
INFO	[2015-07-22 15:09:20:278] <10458> ICHE_ECWAMT1:
INFO	[2015-07-22 15:09:20:278] <10458> ICHE_ECWAMT2:
INFO	[2015-07-22 15:09:20:278] <10458> ICHE_CASHYN:N
INFO	[2015-07-22 15:09:20:278] <10458> ICHE_CASHGUBUN_CD:
INFO	[2015-07-22 15:09:20:278] <10458> ICHE_CASHID_NO:
INFO	[2015-07-22 15:09:20:278] <10458> ICHEARS_SOCKETYN:N
INFO	[2015-07-22 15:09:20:278] <10458> ICHEARS_ADMNO:
INFO	[2015-07-22 15:09:20:278] <10458> ICHEARS_POSMTID:
INFO	[2015-07-22 15:09:20:278] <10458> ICHEARS_CENTERCD:
INFO	[2015-07-22 15:09:20:279] <10458> ICHEARS_HPNO:
INFO	[2015-07-22 15:09:20:279] <10458> Make NetCancel ID Start
INFO	[2015-07-22 15:09:20:279] <10458> AEGIS_VIR_clovergd_20150722150920279393
INFO	[2015-07-22 15:09:20:279] <10458> Make NetCancel ID End
INFO	[2015-07-22 15:09:20:279] <10458> Make NetCancelID OK
INFO	[2015-07-22 15:09:20:279] <10458> Make Msg Start
INFO	[2015-07-22 15:09:20:279] <10458> virtual Make MSG OK 
INFO	[2015-07-22 15:09:20:279] <10458> Make Msg End
INFO	[2015-07-22 15:09:20:279] <10458> Make Pay Msg OK
INFO	[2015-07-22 15:09:20:279] <10458> Send & Recv Msg Start
INFO	[2015-07-22 15:09:20:279] <10458> Send Data To PG Start [ 
INFO	[2015-07-22 15:09:20:279] <10458> 0:000211Vvir_n
INFO	[2015-07-22 15:09:20:279] <10458> 1:clovergd
INFO	[2015-07-22 15:09:20:279] <10458> 2:20150722_030833_h01
INFO	[2015-07-22 15:09:20:279] <10458> 3:11
INFO	[2015-07-22 15:09:20:279] <10458> 4:79000120457812
INFO	[2015-07-22 15:09:20:279] <10458> 5:10000
INFO	[2015-07-22 15:09:20:279] <10458> 6:
INFO	[2015-07-22 15:09:20:279] <10458> 7:테스터
INFO	[2015-07-22 15:09:20:279] <10458> 8:1212121234567;192.168.0.7;
INFO	[2015-07-22 15:09:20:279] <10458> 9:010-5511-6166
INFO	[2015-07-22 15:09:20:279] <10458> 10:kdhlove789@
INFO	[2015-07-22 15:09:20:279] <10458> 11:540
INFO	[2015-07-22 15:09:20:279] <10458> 12:
INFO	[2015-07-22 15:09:20:279] <10458> 13:
INFO	[2015-07-22 15:09:20:279] <10458> 14:
INFO	[2015-07-22 15:09:20:279] <10458> 15:아름다운학교
INFO	[2015-07-22 15:09:20:279] <10458> 16:
INFO	[2015-07-22 15:09:20:279] <10458> 17:http://www.clovergarden.com
INFO	[2015-07-22 15:09:20:279] <10458> 18:
INFO	[2015-07-22 15:09:20:279] <10458> 19:AEGIS_VIR_clovergd_20150722150920279393
INFO	[2015-07-22 15:09:20:279] <10458> 20:
INFO	[2015-07-22 15:09:20:279] <10458> ] Send Data To PG End 
INFO	[2015-07-22 15:09:20:279] <10458> SendMsg : [000211Vvir_n|clovergd|20150722_030833_h01|11|79000120457812|10000||테스터|1212121234567;192.168.0.7;|010-5511-6166|kdhlove789@|540||||아름다운학교||http://www.clovergarden.com||AEGIS_VIR_clovergd_20150722150920279393|]
INFO	[2015-07-22 15:09:20:279] <10458> Connect IP:[220.85.12.3] Port:[29760]
INFO	[2015-07-22 15:09:20:282] <10458> Socket Open OK
INFO	[2015-07-22 15:09:20:411] <10458> RecvMsg Length : [000067]
INFO	[2015-07-22 15:09:20:411] <10458> RecvMsg : [vir_n|clovergd|20150722150929|79000120457812|n|결과페이지 길이오류|]
INFO	[2015-07-22 15:09:20:411] <10458> Socket Close OK
INFO	[2015-07-22 15:09:20:411] <10458> RecvMsg Length Check OK
INFO	[2015-07-22 15:09:20:411] <10458> Send & Recv Msg End
INFO	[2015-07-22 15:09:20:411] <10458> Send & Recv Msg OK
INFO	[2015-07-22 15:09:20:411] <10458> Parse Msg Start
INFO	[2015-07-22 15:09:20:411] <10458> virtual RECV MSG Parsing OK 
INFO	[2015-07-22 15:09:20:411] <10458> Parse Msg End
INFO	[2015-07-22 15:09:20:411] <10458> Msg Parsing OK
INFO	[2015-07-22 15:09:20:411] <10458> virtual Pay Result Value [
INFO	[2015-07-22 15:09:20:411] <10458> NetCancID:AEGIS_VIR_clovergd_20150722150920279393
INFO	[2015-07-22 15:09:20:411] <10458> rAuthTy:vir_n
INFO	[2015-07-22 15:09:20:411] <10458> rStoreId:clovergd
INFO	[2015-07-22 15:09:20:411] <10458> rApprTm:20150722150929
INFO	[2015-07-22 15:09:20:411] <10458> rVirNo:79000120457812
INFO	[2015-07-22 15:09:20:411] <10458> rSuccYn:n
INFO	[2015-07-22 15:09:20:411] <10458> rResMsg:결과페이지 길이오류
INFO	[2015-07-22 15:09:20:411] <10458> rOrdNo:20150722_030833_h01
INFO	[2015-07-22 15:09:20:411] <10458> rProdNm:아름다운학교
INFO	[2015-07-22 15:09:20:411] <10458> rAmt:10000
INFO	[2015-07-22 15:09:20:411] <10458> ]
INFO	[2015-07-22 15:09:20:411] <10458> END  결과페이지 길이오류 Transaction time:[0.13sec]
INFO	[2015-07-22 15:09:20:411] <10458> ===============================================================
INFO	[2015-07-22 15:19:45:976] <10518> ===============================================================
INFO	[2015-07-22 15:19:45:976] <10518> START AgsPay40 php (OS:Linux2.6.18-348.4.1.el5,PHP:5.2.9p2)
INFO	[2015-07-22 15:19:45:976] <10518> virtual Pay Start!
INFO	[2015-07-22 15:19:45:976] <10518> AgsPayHome:../agspay
INFO	[2015-07-22 15:19:45:976] <10518> StoreId:clovergd
INFO	[2015-07-22 15:19:45:976] <10518> log:true
INFO	[2015-07-22 15:19:45:976] <10518> logLevel:INFO
INFO	[2015-07-22 15:19:45:976] <10518> UseNetCancel:true
INFO	[2015-07-22 15:19:45:976] <10518> Type:Pay
INFO	[2015-07-22 15:19:45:976] <10518> RecvLen:7
INFO	[2015-07-22 15:19:45:976] <10518> AuthTy:virtual
INFO	[2015-07-22 15:19:45:976] <10518> SubTy:vir_v
INFO	[2015-07-22 15:19:45:976] <10518> OrdNo:20150722_031858_g01
INFO	[2015-07-22 15:19:45:976] <10518> Amt:10000
INFO	[2015-07-22 15:19:45:976] <10518> UserEmail:kdhlove789@
INFO	[2015-07-22 15:19:45:976] <10518> ProdNm:느티나무어린이도서관
INFO	[2015-07-22 15:19:45:976] <10518> MallUrl:http://www.clovergarden.com
INFO	[2015-07-22 15:19:45:976] <10518> UserId:kdhlove789@nate.com
INFO	[2015-07-22 15:19:45:976] <10518> OrdNm:테스터
INFO	[2015-07-22 15:19:45:976] <10518> OrdPhone:010-5511-6166
INFO	[2015-07-22 15:19:45:976] <10518> OrdAddr:540
INFO	[2015-07-22 15:19:45:976] <10518> RcpNm:
INFO	[2015-07-22 15:19:45:976] <10518> RcpPhone:
INFO	[2015-07-22 15:19:45:976] <10518> DlvAddr:
INFO	[2015-07-22 15:19:45:976] <10518> Remark:
INFO	[2015-07-22 15:19:45:976] <10518> DeviId:9000400001
INFO	[2015-07-22 15:19:45:976] <10518> AuthYn:N;221.156.14.154
INFO	[2015-07-22 15:19:45:976] <10518> Instmt:
INFO	[2015-07-22 15:19:45:976] <10518> UserIp:221.156.14.154
INFO	[2015-07-22 15:19:45:976] <10518> partial_mm:
INFO	[2015-07-22 15:19:45:976] <10518> noIntMonth:
INFO	[2015-07-22 15:19:45:976] <10518> KVP_CURRENCY:WON
INFO	[2015-07-22 15:19:45:977] <10518> KVP_CARDCODE:
INFO	[2015-07-22 15:19:45:977] <10518> KVP_SESSIONKEY:
INFO	[2015-07-22 15:19:45:977] <10518> KVP_ENCDATA:
INFO	[2015-07-22 15:19:45:977] <10518> KVP_CONAME:
INFO	[2015-07-22 15:19:45:977] <10518> KVP_NOINT:
INFO	[2015-07-22 15:19:45:977] <10518> KVP_QUOTA:
INFO	[2015-07-22 15:19:45:977] <10518> CardNo:
INFO	[2015-07-22 15:19:45:977] <10518> MPI_CAVV:
INFO	[2015-07-22 15:19:45:977] <10518> MPI_ECI:
INFO	[2015-07-22 15:19:45:977] <10518> MPI_MD64:
INFO	[2015-07-22 15:19:45:977] <10518> ExpMon:
INFO	[2015-07-22 15:19:45:977] <10518> ExpYear:
INFO	[2015-07-22 15:19:45:977] <10518> Passwd:
INFO	[2015-07-22 15:19:45:977] <10518> SocId:
INFO	[2015-07-22 15:19:45:977] <10518> ICHE_OUTBANKNAME:
INFO	[2015-07-22 15:19:45:977] <10518> ICHE_OUTACCTNO:
INFO	[2015-07-22 15:19:45:977] <10518> ICHE_OUTBANKMASTER:
INFO	[2015-07-22 15:19:45:977] <10518> ICHE_AMOUNT:
INFO	[2015-07-22 15:19:45:977] <10518> HP_SERVERINFO:
INFO	[2015-07-22 15:19:45:977] <10518> HP_HANDPHONE:
INFO	[2015-07-22 15:19:45:977] <10518> HP_COMPANY:
INFO	[2015-07-22 15:19:45:977] <10518> HP_ID:
INFO	[2015-07-22 15:19:45:977] <10518> HP_SUBID:
INFO	[2015-07-22 15:19:45:977] <10518> HP_UNITType:
INFO	[2015-07-22 15:19:45:977] <10518> HP_IDEN:
INFO	[2015-07-22 15:19:45:977] <10518> HP_IPADDR:
INFO	[2015-07-22 15:19:45:977] <10518> ARS_NAME:
INFO	[2015-07-22 15:19:45:977] <10518> ARS_PHONE:
INFO	[2015-07-22 15:19:45:977] <10518> VIRTUAL_CENTERCD:20
INFO	[2015-07-22 15:19:45:977] <10518> VIRTUAL_DEPODT:
INFO	[2015-07-22 15:19:45:977] <10518> ZuminCode:1212121234567;192.168.0.7;
INFO	[2015-07-22 15:19:45:977] <10518> MallPage:
INFO	[2015-07-22 15:19:45:977] <10518> VIRTUAL_NO:26359773118702
INFO	[2015-07-22 15:19:45:977] <10518> ES_SENDNO:
INFO	[2015-07-22 15:19:45:977] <10518> ICHE_SOCKETYN:N
INFO	[2015-07-22 15:19:45:977] <10518> ICHE_POSMTID:
INFO	[2015-07-22 15:19:45:977] <10518> ICHE_FNBCMTID:
INFO	[2015-07-22 15:19:45:977] <10518> ICHE_APTRTS:
INFO	[2015-07-22 15:19:45:977] <10518> ICHE_REMARK1:
INFO	[2015-07-22 15:19:45:977] <10518> ICHE_REMARK2:
INFO	[2015-07-22 15:19:45:977] <10518> ICHE_ECWYN:
INFO	[2015-07-22 15:19:45:977] <10518> ICHE_ECWID:
INFO	[2015-07-22 15:19:45:977] <10518> ICHE_ECWAMT1:
INFO	[2015-07-22 15:19:45:977] <10518> ICHE_ECWAMT2:
INFO	[2015-07-22 15:19:45:978] <10518> ICHE_CASHYN:N
INFO	[2015-07-22 15:19:45:978] <10518> ICHE_CASHGUBUN_CD:
INFO	[2015-07-22 15:19:45:978] <10518> ICHE_CASHID_NO:
INFO	[2015-07-22 15:19:45:978] <10518> ICHEARS_SOCKETYN:N
INFO	[2015-07-22 15:19:45:978] <10518> ICHEARS_ADMNO:
INFO	[2015-07-22 15:19:45:978] <10518> ICHEARS_POSMTID:
INFO	[2015-07-22 15:19:45:978] <10518> ICHEARS_CENTERCD:
INFO	[2015-07-22 15:19:45:978] <10518> ICHEARS_HPNO:
INFO	[2015-07-22 15:19:45:978] <10518> Make NetCancel ID Start
INFO	[2015-07-22 15:19:45:978] <10518> AEGIS_VIR_clovergd_20150722151945978547
INFO	[2015-07-22 15:19:45:978] <10518> Make NetCancel ID End
INFO	[2015-07-22 15:19:45:978] <10518> Make NetCancelID OK
INFO	[2015-07-22 15:19:45:978] <10518> Make Msg Start
INFO	[2015-07-22 15:19:45:978] <10518> virtual Make MSG OK 
INFO	[2015-07-22 15:19:45:978] <10518> Make Msg End
INFO	[2015-07-22 15:19:45:978] <10518> Make Pay Msg OK
INFO	[2015-07-22 15:19:45:978] <10518> Send & Recv Msg Start
INFO	[2015-07-22 15:19:45:978] <10518> Send Data To PG Start [ 
INFO	[2015-07-22 15:19:45:978] <10518> 0:000219Vvir_n
INFO	[2015-07-22 15:19:45:978] <10518> 1:clovergd
INFO	[2015-07-22 15:19:45:978] <10518> 2:20150722_031858_g01
INFO	[2015-07-22 15:19:45:978] <10518> 3:20
INFO	[2015-07-22 15:19:45:978] <10518> 4:26359773118702
INFO	[2015-07-22 15:19:45:978] <10518> 5:10000
INFO	[2015-07-22 15:19:45:978] <10518> 6:
INFO	[2015-07-22 15:19:45:978] <10518> 7:테스터
INFO	[2015-07-22 15:19:45:978] <10518> 8:1212121234567;192.168.0.7;
INFO	[2015-07-22 15:19:45:978] <10518> 9:010-5511-6166
INFO	[2015-07-22 15:19:45:978] <10518> 10:kdhlove789@
INFO	[2015-07-22 15:19:45:978] <10518> 11:540
INFO	[2015-07-22 15:19:45:978] <10518> 12:
INFO	[2015-07-22 15:19:45:978] <10518> 13:
INFO	[2015-07-22 15:19:45:978] <10518> 14:
INFO	[2015-07-22 15:19:45:978] <10518> 15:느티나무어린이도서관
INFO	[2015-07-22 15:19:45:978] <10518> 16:
INFO	[2015-07-22 15:19:45:978] <10518> 17:http://www.clovergarden.com
INFO	[2015-07-22 15:19:45:978] <10518> 18:
INFO	[2015-07-22 15:19:45:978] <10518> 19:AEGIS_VIR_clovergd_20150722151945978547
INFO	[2015-07-22 15:19:45:978] <10518> 20:
INFO	[2015-07-22 15:19:45:978] <10518> ] Send Data To PG End 
INFO	[2015-07-22 15:19:45:978] <10518> SendMsg : [000219Vvir_n|clovergd|20150722_031858_g01|20|26359773118702|10000||테스터|1212121234567;192.168.0.7;|010-5511-6166|kdhlove789@|540||||느티나무어린이도서관||http://www.clovergarden.com||AEGIS_VIR_clovergd_20150722151945978547|]
INFO	[2015-07-22 15:19:45:978] <10518> Connect IP:[220.85.12.3] Port:[29760]
INFO	[2015-07-22 15:19:45:981] <10518> Socket Open OK
INFO	[2015-07-22 15:19:46:140] <10518> RecvMsg Length : [000067]
INFO	[2015-07-22 15:19:46:140] <10518> RecvMsg : [vir_n|clovergd|20150722151945|26359773118702|n|결과페이지 길이오류|]
INFO	[2015-07-22 15:19:46:140] <10518> Socket Close OK
INFO	[2015-07-22 15:19:46:140] <10518> RecvMsg Length Check OK
INFO	[2015-07-22 15:19:46:140] <10518> Send & Recv Msg End
INFO	[2015-07-22 15:19:46:140] <10518> Send & Recv Msg OK
INFO	[2015-07-22 15:19:46:140] <10518> Parse Msg Start
INFO	[2015-07-22 15:19:46:140] <10518> virtual RECV MSG Parsing OK 
INFO	[2015-07-22 15:19:46:140] <10518> Parse Msg End
INFO	[2015-07-22 15:19:46:140] <10518> Msg Parsing OK
INFO	[2015-07-22 15:19:46:140] <10518> virtual Pay Result Value [
INFO	[2015-07-22 15:19:46:141] <10518> NetCancID:AEGIS_VIR_clovergd_20150722151945978547
INFO	[2015-07-22 15:19:46:141] <10518> rAuthTy:vir_n
INFO	[2015-07-22 15:19:46:141] <10518> rStoreId:clovergd
INFO	[2015-07-22 15:19:46:141] <10518> rApprTm:20150722151945
INFO	[2015-07-22 15:19:46:141] <10518> rVirNo:26359773118702
INFO	[2015-07-22 15:19:46:141] <10518> rSuccYn:n
INFO	[2015-07-22 15:19:46:141] <10518> rResMsg:결과페이지 길이오류
INFO	[2015-07-22 15:19:46:141] <10518> rOrdNo:20150722_031858_g01
INFO	[2015-07-22 15:19:46:141] <10518> rProdNm:느티나무어린이도서관
INFO	[2015-07-22 15:19:46:141] <10518> rAmt:10000
INFO	[2015-07-22 15:19:46:141] <10518> ]
INFO	[2015-07-22 15:19:46:141] <10518> END  결과페이지 길이오류 Transaction time:[0.16sec]
INFO	[2015-07-22 15:19:46:141] <10518> ===============================================================
INFO	[2015-07-22 15:22:57:732] <10730> ===============================================================
INFO	[2015-07-22 15:22:57:732] <10730> START AgsPay40 php (OS:Linux2.6.18-348.4.1.el5,PHP:5.2.9p2)
INFO	[2015-07-22 15:22:57:732] <10730> virtual Pay Start!
INFO	[2015-07-22 15:22:57:732] <10730> AgsPayHome:../agspay
INFO	[2015-07-22 15:22:57:732] <10730> StoreId:clovergd
INFO	[2015-07-22 15:22:57:732] <10730> log:true
INFO	[2015-07-22 15:22:57:732] <10730> logLevel:INFO
INFO	[2015-07-22 15:22:57:732] <10730> UseNetCancel:true
INFO	[2015-07-22 15:22:57:732] <10730> Type:Pay
INFO	[2015-07-22 15:22:57:732] <10730> RecvLen:7
INFO	[2015-07-22 15:22:57:732] <10730> AuthTy:virtual
INFO	[2015-07-22 15:22:57:732] <10730> SubTy:vir_v
INFO	[2015-07-22 15:22:57:732] <10730> OrdNo:20150722_032215_g01
INFO	[2015-07-22 15:22:57:732] <10730> Amt:10000
INFO	[2015-07-22 15:22:57:732] <10730> UserEmail:kdhlove789@
INFO	[2015-07-22 15:22:57:732] <10730> ProdNm:느티나무어린이도서관
INFO	[2015-07-22 15:22:57:732] <10730> MallUrl:http://www.clovergarden.com
INFO	[2015-07-22 15:22:57:732] <10730> UserId:kdhlove789@nate.com
INFO	[2015-07-22 15:22:57:732] <10730> OrdNm:테스터
INFO	[2015-07-22 15:22:57:732] <10730> OrdPhone:01055116166-5511-6166
INFO	[2015-07-22 15:22:57:732] <10730> OrdAddr:540
INFO	[2015-07-22 15:22:57:732] <10730> RcpNm:
INFO	[2015-07-22 15:22:57:732] <10730> RcpPhone:
INFO	[2015-07-22 15:22:57:732] <10730> DlvAddr:
INFO	[2015-07-22 15:22:57:732] <10730> Remark:
INFO	[2015-07-22 15:22:57:732] <10730> DeviId:9000400001
INFO	[2015-07-22 15:22:57:732] <10730> AuthYn:N;221.156.14.154
INFO	[2015-07-22 15:22:57:732] <10730> Instmt:
INFO	[2015-07-22 15:22:57:733] <10730> UserIp:221.156.14.154
INFO	[2015-07-22 15:22:57:733] <10730> partial_mm:
INFO	[2015-07-22 15:22:57:733] <10730> noIntMonth:
INFO	[2015-07-22 15:22:57:733] <10730> KVP_CURRENCY:WON
INFO	[2015-07-22 15:22:57:733] <10730> KVP_CARDCODE:
INFO	[2015-07-22 15:22:57:733] <10730> KVP_SESSIONKEY:
INFO	[2015-07-22 15:22:57:733] <10730> KVP_ENCDATA:
INFO	[2015-07-22 15:22:57:733] <10730> KVP_CONAME:
INFO	[2015-07-22 15:22:57:733] <10730> KVP_NOINT:
INFO	[2015-07-22 15:22:57:733] <10730> KVP_QUOTA:
INFO	[2015-07-22 15:22:57:733] <10730> CardNo:
INFO	[2015-07-22 15:22:57:733] <10730> MPI_CAVV:
INFO	[2015-07-22 15:22:57:733] <10730> MPI_ECI:
INFO	[2015-07-22 15:22:57:733] <10730> MPI_MD64:
INFO	[2015-07-22 15:22:57:733] <10730> ExpMon:
INFO	[2015-07-22 15:22:57:733] <10730> ExpYear:
INFO	[2015-07-22 15:22:57:733] <10730> Passwd:
INFO	[2015-07-22 15:22:57:733] <10730> SocId:
INFO	[2015-07-22 15:22:57:733] <10730> ICHE_OUTBANKNAME:
INFO	[2015-07-22 15:22:57:733] <10730> ICHE_OUTACCTNO:
INFO	[2015-07-22 15:22:57:733] <10730> ICHE_OUTBANKMASTER:
INFO	[2015-07-22 15:22:57:733] <10730> ICHE_AMOUNT:
INFO	[2015-07-22 15:22:57:733] <10730> HP_SERVERINFO:
INFO	[2015-07-22 15:22:57:733] <10730> HP_HANDPHONE:
INFO	[2015-07-22 15:22:57:733] <10730> HP_COMPANY:
INFO	[2015-07-22 15:22:57:733] <10730> HP_ID:
INFO	[2015-07-22 15:22:57:733] <10730> HP_SUBID:
INFO	[2015-07-22 15:22:57:733] <10730> HP_UNITType:
INFO	[2015-07-22 15:22:57:733] <10730> HP_IDEN:
INFO	[2015-07-22 15:22:57:733] <10730> HP_IPADDR:
INFO	[2015-07-22 15:22:57:733] <10730> ARS_NAME:
INFO	[2015-07-22 15:22:57:733] <10730> ARS_PHONE:
INFO	[2015-07-22 15:22:57:733] <10730> VIRTUAL_CENTERCD:20
INFO	[2015-07-22 15:22:57:733] <10730> VIRTUAL_DEPODT:
INFO	[2015-07-22 15:22:57:733] <10730> ZuminCode:1212121234567;192.168.0.7;
INFO	[2015-07-22 15:22:57:733] <10730> MallPage:
INFO	[2015-07-22 15:22:57:733] <10730> VIRTUAL_NO:26359773118737
INFO	[2015-07-22 15:22:57:733] <10730> ES_SENDNO:
INFO	[2015-07-22 15:22:57:733] <10730> ICHE_SOCKETYN:N
INFO	[2015-07-22 15:22:57:733] <10730> ICHE_POSMTID:
INFO	[2015-07-22 15:22:57:733] <10730> ICHE_FNBCMTID:
INFO	[2015-07-22 15:22:57:733] <10730> ICHE_APTRTS:
INFO	[2015-07-22 15:22:57:733] <10730> ICHE_REMARK1:
INFO	[2015-07-22 15:22:57:733] <10730> ICHE_REMARK2:
INFO	[2015-07-22 15:22:57:733] <10730> ICHE_ECWYN:
INFO	[2015-07-22 15:22:57:733] <10730> ICHE_ECWID:
INFO	[2015-07-22 15:22:57:733] <10730> ICHE_ECWAMT1:
INFO	[2015-07-22 15:22:57:734] <10730> ICHE_ECWAMT2:
INFO	[2015-07-22 15:22:57:734] <10730> ICHE_CASHYN:N
INFO	[2015-07-22 15:22:57:734] <10730> ICHE_CASHGUBUN_CD:
INFO	[2015-07-22 15:22:57:734] <10730> ICHE_CASHID_NO:
INFO	[2015-07-22 15:22:57:734] <10730> ICHEARS_SOCKETYN:N
INFO	[2015-07-22 15:22:57:734] <10730> ICHEARS_ADMNO:
INFO	[2015-07-22 15:22:57:734] <10730> ICHEARS_POSMTID:
INFO	[2015-07-22 15:22:57:734] <10730> ICHEARS_CENTERCD:
INFO	[2015-07-22 15:22:57:734] <10730> ICHEARS_HPNO:
INFO	[2015-07-22 15:22:57:734] <10730> Make NetCancel ID Start
INFO	[2015-07-22 15:22:57:734] <10730> AEGIS_VIR_clovergd_20150722152257734377
INFO	[2015-07-22 15:22:57:734] <10730> Make NetCancel ID End
INFO	[2015-07-22 15:22:57:734] <10730> Make NetCancelID OK
INFO	[2015-07-22 15:22:57:734] <10730> Make Msg Start
INFO	[2015-07-22 15:22:57:734] <10730> virtual Make MSG OK 
INFO	[2015-07-22 15:22:57:734] <10730> Make Msg End
INFO	[2015-07-22 15:22:57:734] <10730> Make Pay Msg OK
INFO	[2015-07-22 15:22:57:734] <10730> Send & Recv Msg Start
INFO	[2015-07-22 15:22:57:734] <10730> Send Data To PG Start [ 
INFO	[2015-07-22 15:22:57:734] <10730> 0:000227Vvir_n
INFO	[2015-07-22 15:22:57:734] <10730> 1:clovergd
INFO	[2015-07-22 15:22:57:734] <10730> 2:20150722_032215_g01
INFO	[2015-07-22 15:22:57:734] <10730> 3:20
INFO	[2015-07-22 15:22:57:734] <10730> 4:26359773118737
INFO	[2015-07-22 15:22:57:734] <10730> 5:10000
INFO	[2015-07-22 15:22:57:734] <10730> 6:
INFO	[2015-07-22 15:22:57:734] <10730> 7:테스터
INFO	[2015-07-22 15:22:57:734] <10730> 8:1212121234567;192.168.0.7;
INFO	[2015-07-22 15:22:57:734] <10730> 9:01055116166-5511-6166
INFO	[2015-07-22 15:22:57:734] <10730> 10:kdhlove789@
INFO	[2015-07-22 15:22:57:734] <10730> 11:540
INFO	[2015-07-22 15:22:57:734] <10730> 12:
INFO	[2015-07-22 15:22:57:734] <10730> 13:
INFO	[2015-07-22 15:22:57:734] <10730> 14:
INFO	[2015-07-22 15:22:57:734] <10730> 15:느티나무어린이도서관
INFO	[2015-07-22 15:22:57:734] <10730> 16:
INFO	[2015-07-22 15:22:57:734] <10730> 17:http://www.clovergarden.com
INFO	[2015-07-22 15:22:57:734] <10730> 18:
INFO	[2015-07-22 15:22:57:734] <10730> 19:AEGIS_VIR_clovergd_20150722152257734377
INFO	[2015-07-22 15:22:57:734] <10730> 20:
INFO	[2015-07-22 15:22:57:734] <10730> ] Send Data To PG End 
INFO	[2015-07-22 15:22:57:734] <10730> SendMsg : [000227Vvir_n|clovergd|20150722_032215_g01|20|26359773118737|10000||테스터|1212121234567;192.168.0.7;|01055116166-5511-6166|kdhlove789@|540||||느티나무어린이도서관||http://www.clovergarden.com||AEGIS_VIR_clovergd_20150722152257734377|]
INFO	[2015-07-22 15:22:57:734] <10730> Connect IP:[220.85.12.3] Port:[29760]
INFO	[2015-07-22 15:22:57:737] <10730> Socket Open OK
INFO	[2015-07-22 15:22:57:869] <10730> RecvMsg Length : [000067]
INFO	[2015-07-22 15:22:57:869] <10730> RecvMsg : [vir_n|clovergd|20150722152307|26359773118737|n|결과페이지 길이오류|]
INFO	[2015-07-22 15:22:57:870] <10730> Socket Close OK
INFO	[2015-07-22 15:22:57:870] <10730> RecvMsg Length Check OK
INFO	[2015-07-22 15:22:57:870] <10730> Send & Recv Msg End
INFO	[2015-07-22 15:22:57:870] <10730> Send & Recv Msg OK
INFO	[2015-07-22 15:22:57:870] <10730> Parse Msg Start
INFO	[2015-07-22 15:22:57:870] <10730> virtual RECV MSG Parsing OK 
INFO	[2015-07-22 15:22:57:870] <10730> Parse Msg End
INFO	[2015-07-22 15:22:57:870] <10730> Msg Parsing OK
INFO	[2015-07-22 15:22:57:870] <10730> virtual Pay Result Value [
INFO	[2015-07-22 15:22:57:870] <10730> NetCancID:AEGIS_VIR_clovergd_20150722152257734377
INFO	[2015-07-22 15:22:57:870] <10730> rAuthTy:vir_n
INFO	[2015-07-22 15:22:57:870] <10730> rStoreId:clovergd
INFO	[2015-07-22 15:22:57:870] <10730> rApprTm:20150722152307
INFO	[2015-07-22 15:22:57:870] <10730> rVirNo:26359773118737
INFO	[2015-07-22 15:22:57:870] <10730> rSuccYn:n
INFO	[2015-07-22 15:22:57:870] <10730> rResMsg:결과페이지 길이오류
INFO	[2015-07-22 15:22:57:870] <10730> rOrdNo:20150722_032215_g01
INFO	[2015-07-22 15:22:57:870] <10730> rProdNm:느티나무어린이도서관
INFO	[2015-07-22 15:22:57:870] <10730> rAmt:10000
INFO	[2015-07-22 15:22:57:870] <10730> ]
INFO	[2015-07-22 15:22:57:870] <10730> END  결과페이지 길이오류 Transaction time:[0.14sec]
INFO	[2015-07-22 15:22:57:870] <10730> ===============================================================
INFO	[2015-07-22 15:24:12:984] <30039> ===============================================================
INFO	[2015-07-22 15:24:12:984] <30039> START AgsPay40 php (OS:Linux2.6.18-348.4.1.el5,PHP:5.2.9p2)
INFO	[2015-07-22 15:24:12:984] <30039> virtual Pay Start!
INFO	[2015-07-22 15:24:12:984] <30039> AgsPayHome:../agspay
INFO	[2015-07-22 15:24:12:984] <30039> StoreId:clovergd
INFO	[2015-07-22 15:24:12:984] <30039> log:true
INFO	[2015-07-22 15:24:12:984] <30039> logLevel:INFO
INFO	[2015-07-22 15:24:12:984] <30039> UseNetCancel:true
INFO	[2015-07-22 15:24:12:984] <30039> Type:Pay
INFO	[2015-07-22 15:24:12:984] <30039> RecvLen:7
INFO	[2015-07-22 15:24:12:984] <30039> AuthTy:virtual
INFO	[2015-07-22 15:24:12:984] <30039> SubTy:vir_v
INFO	[2015-07-22 15:24:12:984] <30039> OrdNo:20150722_032334_g01
INFO	[2015-07-22 15:24:12:984] <30039> Amt:10000
INFO	[2015-07-22 15:24:12:984] <30039> UserEmail:kdhlove789@
INFO	[2015-07-22 15:24:12:984] <30039> ProdNm:느티나무어린이도서관
INFO	[2015-07-22 15:24:12:984] <30039> MallUrl:http://www.clovergarden.com
INFO	[2015-07-22 15:24:12:984] <30039> UserId:kdhlove789@nate.com
INFO	[2015-07-22 15:24:12:984] <30039> OrdNm:테스터
INFO	[2015-07-22 15:24:12:984] <30039> OrdPhone:010-5511-6166
INFO	[2015-07-22 15:24:12:984] <30039> OrdAddr:540
INFO	[2015-07-22 15:24:12:984] <30039> RcpNm:
INFO	[2015-07-22 15:24:12:984] <30039> RcpPhone:
INFO	[2015-07-22 15:24:12:984] <30039> DlvAddr:
INFO	[2015-07-22 15:24:12:984] <30039> Remark:
INFO	[2015-07-22 15:24:12:985] <30039> DeviId:9000400001
INFO	[2015-07-22 15:24:12:985] <30039> AuthYn:N;221.156.14.154
INFO	[2015-07-22 15:24:12:985] <30039> Instmt:
INFO	[2015-07-22 15:24:12:985] <30039> UserIp:221.156.14.154
INFO	[2015-07-22 15:24:12:985] <30039> partial_mm:
INFO	[2015-07-22 15:24:12:985] <30039> noIntMonth:
INFO	[2015-07-22 15:24:12:985] <30039> KVP_CURRENCY:WON
INFO	[2015-07-22 15:24:12:985] <30039> KVP_CARDCODE:
INFO	[2015-07-22 15:24:12:985] <30039> KVP_SESSIONKEY:
INFO	[2015-07-22 15:24:12:985] <30039> KVP_ENCDATA:
INFO	[2015-07-22 15:24:12:985] <30039> KVP_CONAME:
INFO	[2015-07-22 15:24:12:985] <30039> KVP_NOINT:
INFO	[2015-07-22 15:24:12:985] <30039> KVP_QUOTA:
INFO	[2015-07-22 15:24:12:985] <30039> CardNo:
INFO	[2015-07-22 15:24:12:985] <30039> MPI_CAVV:
INFO	[2015-07-22 15:24:12:985] <30039> MPI_ECI:
INFO	[2015-07-22 15:24:12:985] <30039> MPI_MD64:
INFO	[2015-07-22 15:24:12:985] <30039> ExpMon:
INFO	[2015-07-22 15:24:12:985] <30039> ExpYear:
INFO	[2015-07-22 15:24:12:985] <30039> Passwd:
INFO	[2015-07-22 15:24:12:985] <30039> SocId:
INFO	[2015-07-22 15:24:12:985] <30039> ICHE_OUTBANKNAME:
INFO	[2015-07-22 15:24:12:985] <30039> ICHE_OUTACCTNO:
INFO	[2015-07-22 15:24:12:985] <30039> ICHE_OUTBANKMASTER:
INFO	[2015-07-22 15:24:12:985] <30039> ICHE_AMOUNT:
INFO	[2015-07-22 15:24:12:985] <30039> HP_SERVERINFO:
INFO	[2015-07-22 15:24:12:985] <30039> HP_HANDPHONE:
INFO	[2015-07-22 15:24:12:985] <30039> HP_COMPANY:
INFO	[2015-07-22 15:24:12:985] <30039> HP_ID:
INFO	[2015-07-22 15:24:12:985] <30039> HP_SUBID:
INFO	[2015-07-22 15:24:12:985] <30039> HP_UNITType:
INFO	[2015-07-22 15:24:12:985] <30039> HP_IDEN:
INFO	[2015-07-22 15:24:12:985] <30039> HP_IPADDR:
INFO	[2015-07-22 15:24:12:985] <30039> ARS_NAME:
INFO	[2015-07-22 15:24:12:985] <30039> ARS_PHONE:
INFO	[2015-07-22 15:24:12:985] <30039> VIRTUAL_CENTERCD:20
INFO	[2015-07-22 15:24:12:985] <30039> VIRTUAL_DEPODT:
INFO	[2015-07-22 15:24:12:985] <30039> ZuminCode:1212121234567;192.168.0.7;
INFO	[2015-07-22 15:24:12:985] <30039> MallPage:
INFO	[2015-07-22 15:24:12:985] <30039> VIRTUAL_NO:26359773118745
INFO	[2015-07-22 15:24:12:985] <30039> ES_SENDNO:
INFO	[2015-07-22 15:24:12:985] <30039> ICHE_SOCKETYN:N
INFO	[2015-07-22 15:24:12:985] <30039> ICHE_POSMTID:
INFO	[2015-07-22 15:24:12:985] <30039> ICHE_FNBCMTID:
INFO	[2015-07-22 15:24:12:985] <30039> ICHE_APTRTS:
INFO	[2015-07-22 15:24:12:985] <30039> ICHE_REMARK1:
INFO	[2015-07-22 15:24:12:985] <30039> ICHE_REMARK2:
INFO	[2015-07-22 15:24:12:985] <30039> ICHE_ECWYN:
INFO	[2015-07-22 15:24:12:986] <30039> ICHE_ECWID:
INFO	[2015-07-22 15:24:12:986] <30039> ICHE_ECWAMT1:
INFO	[2015-07-22 15:24:12:986] <30039> ICHE_ECWAMT2:
INFO	[2015-07-22 15:24:12:986] <30039> ICHE_CASHYN:N
INFO	[2015-07-22 15:24:12:986] <30039> ICHE_CASHGUBUN_CD:
INFO	[2015-07-22 15:24:12:986] <30039> ICHE_CASHID_NO:
INFO	[2015-07-22 15:24:12:986] <30039> ICHEARS_SOCKETYN:N
INFO	[2015-07-22 15:24:12:986] <30039> ICHEARS_ADMNO:
INFO	[2015-07-22 15:24:12:986] <30039> ICHEARS_POSMTID:
INFO	[2015-07-22 15:24:12:986] <30039> ICHEARS_CENTERCD:
INFO	[2015-07-22 15:24:12:986] <30039> ICHEARS_HPNO:
INFO	[2015-07-22 15:24:12:986] <30039> Make NetCancel ID Start
INFO	[2015-07-22 15:24:12:986] <30039> AEGIS_VIR_clovergd_20150722152412986807
INFO	[2015-07-22 15:24:12:986] <30039> Make NetCancel ID End
INFO	[2015-07-22 15:24:12:986] <30039> Make NetCancelID OK
INFO	[2015-07-22 15:24:12:986] <30039> Make Msg Start
INFO	[2015-07-22 15:24:12:986] <30039> virtual Make MSG OK 
INFO	[2015-07-22 15:24:12:986] <30039> Make Msg End
INFO	[2015-07-22 15:24:12:986] <30039> Make Pay Msg OK
INFO	[2015-07-22 15:24:12:986] <30039> Send & Recv Msg Start
INFO	[2015-07-22 15:24:12:986] <30039> Send Data To PG Start [ 
INFO	[2015-07-22 15:24:12:986] <30039> 0:000219Vvir_n
INFO	[2015-07-22 15:24:12:986] <30039> 1:clovergd
INFO	[2015-07-22 15:24:12:986] <30039> 2:20150722_032334_g01
INFO	[2015-07-22 15:24:12:986] <30039> 3:20
INFO	[2015-07-22 15:24:12:986] <30039> 4:26359773118745
INFO	[2015-07-22 15:24:12:986] <30039> 5:10000
INFO	[2015-07-22 15:24:12:986] <30039> 6:
INFO	[2015-07-22 15:24:12:986] <30039> 7:테스터
INFO	[2015-07-22 15:24:12:986] <30039> 8:1212121234567;192.168.0.7;
INFO	[2015-07-22 15:24:12:986] <30039> 9:010-5511-6166
INFO	[2015-07-22 15:24:12:986] <30039> 10:kdhlove789@
INFO	[2015-07-22 15:24:12:986] <30039> 11:540
INFO	[2015-07-22 15:24:12:986] <30039> 12:
INFO	[2015-07-22 15:24:12:986] <30039> 13:
INFO	[2015-07-22 15:24:12:986] <30039> 14:
INFO	[2015-07-22 15:24:12:986] <30039> 15:느티나무어린이도서관
INFO	[2015-07-22 15:24:12:986] <30039> 16:
INFO	[2015-07-22 15:24:12:986] <30039> 17:http://www.clovergarden.com
INFO	[2015-07-22 15:24:12:986] <30039> 18:
INFO	[2015-07-22 15:24:12:986] <30039> 19:AEGIS_VIR_clovergd_20150722152412986807
INFO	[2015-07-22 15:24:12:986] <30039> 20:
INFO	[2015-07-22 15:24:12:986] <30039> ] Send Data To PG End 
INFO	[2015-07-22 15:24:12:986] <30039> SendMsg : [000219Vvir_n|clovergd|20150722_032334_g01|20|26359773118745|10000||테스터|1212121234567;192.168.0.7;|010-5511-6166|kdhlove789@|540||||느티나무어린이도서관||http://www.clovergarden.com||AEGIS_VIR_clovergd_20150722152412986807|]
INFO	[2015-07-22 15:24:12:986] <30039> Connect IP:[220.85.12.3] Port:[29760]
INFO	[2015-07-22 15:24:12:989] <30039> Socket Open OK
INFO	[2015-07-22 15:24:13:155] <30039> RecvMsg Length : [000067]
INFO	[2015-07-22 15:24:13:155] <30039> RecvMsg : [vir_n|clovergd|20150722152412|26359773118745|n|결과페이지 길이오류|]
INFO	[2015-07-22 15:24:13:155] <30039> Socket Close OK
INFO	[2015-07-22 15:24:13:155] <30039> RecvMsg Length Check OK
INFO	[2015-07-22 15:24:13:155] <30039> Send & Recv Msg End
INFO	[2015-07-22 15:24:13:155] <30039> Send & Recv Msg OK
INFO	[2015-07-22 15:24:13:155] <30039> Parse Msg Start
INFO	[2015-07-22 15:24:13:155] <30039> virtual RECV MSG Parsing OK 
INFO	[2015-07-22 15:24:13:155] <30039> Parse Msg End
INFO	[2015-07-22 15:24:13:155] <30039> Msg Parsing OK
INFO	[2015-07-22 15:24:13:155] <30039> virtual Pay Result Value [
INFO	[2015-07-22 15:24:13:155] <30039> NetCancID:AEGIS_VIR_clovergd_20150722152412986807
INFO	[2015-07-22 15:24:13:155] <30039> rAuthTy:vir_n
INFO	[2015-07-22 15:24:13:155] <30039> rStoreId:clovergd
INFO	[2015-07-22 15:24:13:155] <30039> rApprTm:20150722152412
INFO	[2015-07-22 15:24:13:155] <30039> rVirNo:26359773118745
INFO	[2015-07-22 15:24:13:155] <30039> rSuccYn:n
INFO	[2015-07-22 15:24:13:155] <30039> rResMsg:결과페이지 길이오류
INFO	[2015-07-22 15:24:13:155] <30039> rOrdNo:20150722_032334_g01
INFO	[2015-07-22 15:24:13:155] <30039> rProdNm:느티나무어린이도서관
INFO	[2015-07-22 15:24:13:155] <30039> rAmt:10000
INFO	[2015-07-22 15:24:13:155] <30039> ]
INFO	[2015-07-22 15:24:13:156] <30039> END  결과페이지 길이오류 Transaction time:[0.18sec]
INFO	[2015-07-22 15:24:13:156] <30039> ===============================================================
