INFO	[2015-03-24 13:06:13:955] <11465> ===============================================================
INFO	[2015-03-24 13:06:13:955] <11465> START AgsPay40 php (OS:Linux2.6.18-348.4.1.el5,PHP:5.2.9p2)
INFO	[2015-03-24 13:06:13:955] <11465> card Pay Start!
INFO	[2015-03-24 13:06:13:955] <11465> AgsPayHome:../agspay
INFO	[2015-03-24 13:06:13:955] <11465> StoreId:clovergd
INFO	[2015-03-24 13:06:13:955] <11465> log:true
INFO	[2015-03-24 13:06:13:955] <11465> logLevel:INFO
INFO	[2015-03-24 13:06:13:955] <11465> UseNetCancel:true
INFO	[2015-03-24 13:06:13:955] <11465> Type:Pay
INFO	[2015-03-24 13:06:13:955] <11465> RecvLen:7
INFO	[2015-03-24 13:06:13:955] <11465> AuthTy:card
INFO	[2015-03-24 13:06:13:955] <11465> SubTy:isp
INFO	[2015-03-24 13:06:13:955] <11465> OrdNo:20150324_010252_
INFO	[2015-03-24 13:06:13:955] <11465> Amt:1000
INFO	[2015-03-24 13:06:13:955] <11465> UserEmail:eusoulmate@
INFO	[2015-03-24 13:06:13:955] <11465> ProdNm:낙태반대운동연합
INFO	[2015-03-24 13:06:13:955] <11465> MallUrl:http://www.clovergarden.com
INFO	[2015-03-24 13:06:13:955] <11465> UserId:test
INFO	[2015-03-24 13:06:13:955] <11465> OrdNm:이유진
INFO	[2015-03-24 13:06:13:955] <11465> OrdPhone:010-9147-3878
INFO	[2015-03-24 13:06:13:955] <11465> OrdAddr:
INFO	[2015-03-24 13:06:13:955] <11465> RcpNm:
INFO	[2015-03-24 13:06:13:955] <11465> RcpPhone:
INFO	[2015-03-24 13:06:13:955] <11465> DlvAddr:
INFO	[2015-03-24 13:06:13:955] <11465> Remark:
INFO	[2015-03-24 13:06:13:955] <11465> DeviId:9000400001
INFO	[2015-03-24 13:06:13:955] <11465> AuthYn:N;121.128.59.183
INFO	[2015-03-24 13:06:13:955] <11465> Instmt:
INFO	[2015-03-24 13:06:13:955] <11465> UserIp:121.128.59.183
INFO	[2015-03-24 13:06:13:955] <11465> partial_mm:00
INFO	[2015-03-24 13:06:13:955] <11465> noIntMonth:
INFO	[2015-03-24 13:06:13:955] <11465> KVP_CURRENCY:WON
INFO	[2015-03-24 13:06:13:955] <11465> KVP_CARDCODE:000100202233081;121.128.59.183;N;;1000;;;;
INFO	[2015-03-24 13:06:13:956] <11465> KVP_SESSIONKEY:i4Y9crdi9aKiu9QQlAwPQ2D3AeaOOfS0Xb4Y5mRfELK22ESkd7saFgvY57EEKVZo 
wXyk06TkYMmvbSC96rQcJl7nPKv3alEVnWfjYTVQYMWaJCGV/Xr2/Y+0RBz1n83G 
1kRjYUpR6vPe/ScsSh7+O5fRfKe6m03EC2L0PgSRIfY= 

INFO	[2015-03-24 13:06:13:956] <11465> KVP_ENCDATA:Version=1.0&amp;KeyFlag=1&amp;KeyNum=1&amp;EncryptAlgorithm=SEED-CBC&amp;SignAlgorithm=&amp;Data=R950IP7/j8foek2KdzoBrds4TkvwSk1qLmVRDAfuyLORII2jj6BEd9KkVoulOwX4%0apZz/NWvZo/PDLFvNvHlwXcu1hiFI4PZKYKPNJAcNCHdfMGJmfGjHx9kRqqpheWxf%0atgIgaXwvRmPlM9ebssjd9r/WcA8K4/d1rl6HgTssPHYjxT270E2L8xlZpbTJIQ6x%0axuy8TLUskCXnCE%2b7sy9unKjDE28l8kHGK9g7QcUo/Skyej38NeUPTrC13JjgQNmj%0a9CdQri3Dq%2bwvBGYki3pZWKFezIBS/cBwVRze3Hr0s2g7u3d7sNUv0w9eiyLA60v3%0a0B%2bPug%2bTzqTAhoCNl7b%2bp%2bWdHbEws%2b5QW5L/ikh0D58IYS9SaX92NdAVwTFbuKWu%0ajdXSdkAXZqWjrw3sfEebjK%2b7ZW7ETSzlFf7QLX9NPt9jhNIICas7lsXl/s5WRcb1%0aETYY3f%2bx1NZkKMCdsOMHdLkbNLfUn3tkLbrCHTgV1BCHDPddSeWEGhqUBSCS7Vxe%0adJwMTguI5YtB3Tm1Iz73CX2V4n2JVanulCXixU0PlUTitxQweFeZLoBBwqSTPHry%0ao1YrHsggV7BmSRIqJ2i%2bDZgQClKKEc9Eo4abicwvX6WPeKe4KsLuMZoGRsU4x5yj%0ao/fIlS4WdodN4/xrBtDrE4ZGxEerfBFOJONbLy4rB5EN5LNg0xYUuBrDyPISc%2be/%0aBHZ/Iohh6JGgkxkBwMsR3WF4t%2buwOAekTp7VvVSzVn%2bhDN3zG32B/c3RsyD3X4L2%0aAN51sSuU/3ZC1FX35dtFDNqaWv%2bi%2bZKNwisfggabxkclfMVW2mQRcmtvtr/96aKW%0aas1VHrNoTpGqevIbb8BU4MsHvZ1EFE1l3GOKug%2bLr1zo0jtwMQuAn%2bD5TpIwCfJ6%0apRqyD7yaadscVC8Sw9EDeQ%3d%3d%0a&amp;PubCert=
INFO	[2015-03-24 13:06:13:956] <11465> KVP_CONAME:ISP
INFO	[2015-03-24 13:06:13:956] <11465> KVP_NOINT:0
INFO	[2015-03-24 13:06:13:956] <11465> KVP_QUOTA:00
INFO	[2015-03-24 13:06:13:956] <11465> CardNo:
INFO	[2015-03-24 13:06:13:956] <11465> MPI_CAVV:
INFO	[2015-03-24 13:06:13:956] <11465> MPI_ECI:
INFO	[2015-03-24 13:06:13:956] <11465> MPI_MD64:
INFO	[2015-03-24 13:06:13:956] <11465> ExpMon:
INFO	[2015-03-24 13:06:13:956] <11465> ExpYear:
INFO	[2015-03-24 13:06:13:956] <11465> Passwd:
INFO	[2015-03-24 13:06:13:956] <11465> SocId:
INFO	[2015-03-24 13:06:13:956] <11465> ICHE_OUTBANKNAME:
INFO	[2015-03-24 13:06:13:956] <11465> ICHE_OUTACCTNO:
INFO	[2015-03-24 13:06:13:956] <11465> ICHE_OUTBANKMASTER:
INFO	[2015-03-24 13:06:13:956] <11465> ICHE_AMOUNT:
INFO	[2015-03-24 13:06:13:956] <11465> HP_SERVERINFO:
INFO	[2015-03-24 13:06:13:956] <11465> HP_HANDPHONE:
INFO	[2015-03-24 13:06:13:956] <11465> HP_COMPANY:
INFO	[2015-03-24 13:06:13:956] <11465> HP_ID:
INFO	[2015-03-24 13:06:13:956] <11465> HP_SUBID:
INFO	[2015-03-24 13:06:13:956] <11465> HP_UNITType:
INFO	[2015-03-24 13:06:13:956] <11465> HP_IDEN:
INFO	[2015-03-24 13:06:13:956] <11465> HP_IPADDR:
INFO	[2015-03-24 13:06:13:956] <11465> ARS_NAME:
INFO	[2015-03-24 13:06:13:956] <11465> ARS_PHONE:
INFO	[2015-03-24 13:06:13:956] <11465> VIRTUAL_CENTERCD:99
INFO	[2015-03-24 13:06:13:956] <11465> VIRTUAL_DEPODT:
INFO	[2015-03-24 13:06:13:956] <11465> ZuminCode:
INFO	[2015-03-24 13:06:13:956] <11465> MallPage:
INFO	[2015-03-24 13:06:13:956] <11465> VIRTUAL_NO:
INFO	[2015-03-24 13:06:13:956] <11465> ES_SENDNO:
INFO	[2015-03-24 13:06:13:956] <11465> ICHE_SOCKETYN:Y
INFO	[2015-03-24 13:06:13:956] <11465> ICHE_POSMTID:
INFO	[2015-03-24 13:06:13:956] <11465> ICHE_FNBCMTID:
INFO	[2015-03-24 13:06:13:956] <11465> ICHE_APTRTS:
INFO	[2015-03-24 13:06:13:956] <11465> ICHE_REMARK1:
INFO	[2015-03-24 13:06:13:956] <11465> ICHE_REMARK2:
INFO	[2015-03-24 13:06:13:956] <11465> ICHE_ECWYN:
INFO	[2015-03-24 13:06:13:956] <11465> ICHE_ECWID:
INFO	[2015-03-24 13:06:13:956] <11465> ICHE_ECWAMT1:
INFO	[2015-03-24 13:06:13:956] <11465> ICHE_ECWAMT2:
INFO	[2015-03-24 13:06:13:956] <11465> ICHE_CASHYN:N
INFO	[2015-03-24 13:06:13:956] <11465> ICHE_CASHGUBUN_CD:
INFO	[2015-03-24 13:06:13:956] <11465> ICHE_CASHID_NO:
INFO	[2015-03-24 13:06:13:956] <11465> ICHEARS_SOCKETYN:Y
INFO	[2015-03-24 13:06:13:956] <11465> ICHEARS_ADMNO:
INFO	[2015-03-24 13:06:13:956] <11465> ICHEARS_POSMTID:
INFO	[2015-03-24 13:06:13:957] <11465> ICHEARS_CENTERCD:
INFO	[2015-03-24 13:06:13:957] <11465> ICHEARS_HPNO:
INFO	[2015-03-24 13:06:13:957] <11465> Make NetCancel ID Start
INFO	[2015-03-24 13:06:13:957] <11465> AEGIS_ISP_clovergd_20150324130613957410
INFO	[2015-03-24 13:06:13:957] <11465> Make NetCancel ID End
INFO	[2015-03-24 13:06:13:957] <11465> Make NetCancelID OK
INFO	[2015-03-24 13:06:13:957] <11465> Make Msg Start
INFO	[2015-03-24 13:06:13:957] <11465> card-isp Make MSG OK 
INFO	[2015-03-24 13:06:13:957] <11465> Make Msg End
INFO	[2015-03-24 13:06:13:957] <11465> Make Pay Msg OK
INFO	[2015-03-24 13:06:13:957] <11465> Send & Recv Msg Start
INFO	[2015-03-24 13:06:13:957] <11465> Send Data To PG Start [ 
INFO	[2015-03-24 13:06:13:957] <11465> 0:0015152plug15
INFO	[2015-03-24 13:06:13:957] <11465> 1:clovergd
INFO	[2015-03-24 13:06:13:957] <11465> 2:test
INFO	[2015-03-24 13:06:13:957] <11465> 3:1000
INFO	[2015-03-24 13:06:13:957] <11465> 4:20150324_010252_
INFO	[2015-03-24 13:06:13:957] <11465> 5:9000400001
INFO	[2015-03-24 13:06:13:957] <11465> 6:
INFO	[2015-03-24 13:06:13:957] <11465> 7:
INFO	[2015-03-24 13:06:13:957] <11465> 8:
INFO	[2015-03-24 13:06:13:957] <11465> 9:이유진
INFO	[2015-03-24 13:06:13:957] <11465> 10:010-9147-3878
INFO	[2015-03-24 13:06:13:957] <11465> 11:
INFO	[2015-03-24 13:06:13:957] <11465> 12:낙태반대운동연합
INFO	[2015-03-24 13:06:13:957] <11465> 13:WON
INFO	[2015-03-24 13:06:13:957] <11465> 14:00
INFO	[2015-03-24 13:06:13:957] <11465> 15:
INFO	[2015-03-24 13:06:13:957] <11465> 16:000100202233081;121.128.59.183;N;;1000;;;;
INFO	[2015-03-24 13:06:13:957] <11465> 17:i4Y9crdi9aKiu9QQlAwPQ2D3AeaOOfS0Xb4Y5mRfELK22ESkd7saFgvY57EEKVZo 
wXyk06TkYMmvbSC96rQcJl7nPKv3alEVnWfjYTVQYMWaJCGV/Xr2/Y+0RBz1n83G 
1kRjYUpR6vPe/ScsSh7+O5fRfKe6m03EC2L0PgSRIfY= 

INFO	[2015-03-24 13:06:13:957] <11465> 18:Version=1.0&amp;KeyFlag=1&amp;KeyNum=1&amp;EncryptAlgorithm=SEED-CBC&amp;SignAlgorithm=&amp;Data=R950IP7/j8foek2KdzoBrds4TkvwSk1qLmVRDAfuyLORII2jj6BEd9KkVoulOwX4%0apZz/NWvZo/PDLFvNvHlwXcu1hiFI4PZKYKPNJAcNCHdfMGJmfGjHx9kRqqpheWxf%0atgIgaXwvRmPlM9ebssjd9r/WcA8K4/d1rl6HgTssPHYjxT270E2L8xlZpbTJIQ6x%0axuy8TLUskCXnCE%2b7sy9unKjDE28l8kHGK9g7QcUo/Skyej38NeUPTrC13JjgQNmj%0a9CdQri3Dq%2bwvBGYki3pZWKFezIBS/cBwVRze3Hr0s2g7u3d7sNUv0w9eiyLA60v3%0a0B%2bPug%2bTzqTAhoCNl7b%2bp%2bWdHbEws%2b5QW5L/ikh0D58IYS9SaX92NdAVwTFbuKWu%0ajdXSdkAXZqWjrw3sfEebjK%2b7ZW7ETSzlFf7QLX9NPt9jhNIICas7lsXl/s5WRcb1%0aETYY3f%2bx1NZkKMCdsOMHdLkbNLfUn3tkLbrCHTgV1BCHDPddSeWEGhqUBSCS7Vxe%0adJwMTguI5YtB3Tm1Iz73CX2V4n2JVanulCXixU0PlUTitxQweFeZLoBBwqSTPHry%0ao1YrHsggV7BmSRIqJ2i%2bDZgQClKKEc9Eo4abicwvX6WPeKe4KsLuMZoGRsU4x5yj%0ao/fIlS4WdodN4/xrBtDrE4ZGxEerfBFOJONbLy4rB5EN5LNg0xYUuBrDyPISc%2be/%0aBHZ/Iohh6JGgkxkBwMsR3WF4t%2buwOAekTp7VvVSzVn%2bhDN3zG32B/c3RsyD3X4L2%0aAN51sSuU/3ZC1FX35dtFDNqaWv%2bi%2bZKNwisfggabxkclfMVW2mQRcmtvtr/96aKW%0aas1VHrNoTpGqevIbb8BU4MsHvZ1EFE1l3GOKug%2bLr1zo0jtwMQuAn%2bD5TpIwCfJ6%0apRqyD7yaadscVC8Sw9EDeQ%3d%3d%0a&amp;PubCert=
INFO	[2015-03-24 13:06:13:957] <11465> 19:ISP
INFO	[2015-03-24 13:06:13:957] <11465> 20:121.128.59.183
INFO	[2015-03-24 13:06:13:957] <11465> 21:eusoulmate@
INFO	[2015-03-24 13:06:13:957] <11465> 22:AEGIS_ISP_clovergd_20150324130613957410
INFO	[2015-03-24 13:06:13:957] <11465> 23:
INFO	[2015-03-24 13:06:13:957] <11465> ] Send Data To PG End 
INFO	[2015-03-24 13:06:13:957] <11465> SendMsg : [0015152plug15|clovergd|test|1000|20150324_010252_|9000400001||||이유진|010-9147-3878||낙태반대운동연합|WON|00||000100202233081;121.128.59.183;N;;1000;;;;|i4Y9crdi9aKiu9QQlAwPQ2D3AeaOOfS0Xb4Y5mRfELK22ESkd7saFgvY57EEKVZo 
wXyk06TkYMmvbSC96rQcJl7nPKv3alEVnWfjYTVQYMWaJCGV/Xr2/Y+0RBz1n83G 
1kRjYUpR6vPe/ScsSh7+O5fRfKe6m03EC2L0PgSRIfY= 
|Version=1.0&amp;KeyFlag=1&amp;KeyNum=1&amp;EncryptAlgorithm=SEED-CBC&amp;SignAlgorithm=&amp;Data=R950IP7/j8foek2KdzoBrds4TkvwSk1qLmVRDAfuyLORII2jj6BEd9KkVoulOwX4%0apZz/NWvZo/PDLFvNvHlwXcu1hiFI4PZKYKPNJAcNCHdfMGJmfGjHx9kRqqpheWxf%0atgIgaXwvRmPlM9ebssjd9r/WcA8K4/d1rl6HgTssPHYjxT270E2L8xlZpbTJIQ6x%0axuy8TLUskCXnCE%2b7sy9unKjDE28l8kHGK9g7QcUo/Skyej38NeUPTrC13JjgQNmj%0a9CdQri3Dq%2bwvBGYki3pZWKFezIBS/cBwVRze3Hr0s2g7u3d7sNUv0w9eiyLA60v3%0a0B%2bPug%2bTzqTAhoCNl7b%2bp%2bWdHbEws%2b5QW5L/ikh0D58IYS9SaX92NdAVwTFbuKWu%0ajdXSdkAXZqWjrw3sfEebjK%2b7ZW7ETSzlFf7QLX9NPt9jhNIICas7lsXl/s5WRcb1%0aETYY3f%2bx1NZkKMCdsOMHdLkbNLfUn3tkLbrCHTgV1BCHDPddSeWEGhqUBSCS7Vxe%0adJwMTguI5YtB3Tm1Iz73CX2V4n2JVanulCXixU0PlUTitxQweFeZLoBBwqSTPHry%0ao1YrHsggV7BmSRIqJ2i%2bDZgQClKKEc9Eo4abicwvX6WPeKe4KsLuMZoGRsU4x5yj%0ao/fIlS4WdodN4/xrBtDrE4ZGxEerfBFOJONbLy4rB5EN5LNg0xYUuBrDyPISc%2be/%0aBHZ/Iohh6JGgkxkBwMsR3WF4t%2buwOAekTp7VvVSzVn%2bhDN3zG32B/c3RsyD3X4L2%0aAN51sSuU/3ZC1FX35dtFDNqaWv%2bi%2bZKNwisfggabxkclfMVW2mQRcmtvtr/96aKW%0aas1VHrNoTpGqevIbb8BU4MsHvZ1EFE1l3GOKug%2bLr1zo0jtwMQuAn%2bD5TpIwCfJ6%0apRqyD7yaadscVC8Sw9EDeQ%3d%3d%0a&amp;PubCert=|ISP|121.128.59.183|eusoulmate@|AEGIS_ISP_clovergd_20150324130613957410|]
INFO	[2015-03-24 13:06:13:957] <11465> Connect IP:[220.85.12.3] Port:[29760]
INFO	[2015-03-24 13:06:13:961] <11465> Socket Open OK
INFO	[2015-03-24 13:06:16:867] <11465> RecvMsg Length : [000080]
INFO	[2015-03-24 13:06:16:867] <11465> RecvMsg : [clovergd|0610|103441|45429915|1000|y|정상:20150324_010252_|20150324130120|0100|
]
INFO	[2015-03-24 13:06:16:867] <11465> Socket Close OK
INFO	[2015-03-24 13:06:16:867] <11465> RecvMsg Length Check OK
INFO	[2015-03-24 13:06:16:867] <11465> Send & Recv Msg End
INFO	[2015-03-24 13:06:16:867] <11465> Send & Recv Msg OK
INFO	[2015-03-24 13:06:16:867] <11465> Parse Msg Start
INFO	[2015-03-24 13:06:16:868] <11465> card-isp RECV MSG Parsing OK 
INFO	[2015-03-24 13:06:16:868] <11465> Parse Msg End
INFO	[2015-03-24 13:06:16:868] <11465> Msg Parsing OK
INFO	[2015-03-24 13:06:16:868] <11465> card Pay Result Value [
INFO	[2015-03-24 13:06:16:868] <11465> NetCancID:AEGIS_ISP_clovergd_20150324130613957410
INFO	[2015-03-24 13:06:16:868] <11465> rStoreId:clovergd
INFO	[2015-03-24 13:06:16:868] <11465> rBusiCd:0610
INFO	[2015-03-24 13:06:16:868] <11465> rOrdNo:20150324_010252_
INFO	[2015-03-24 13:06:16:868] <11465> rDealNo:103441
INFO	[2015-03-24 13:06:16:868] <11465> rApprNo:45429915
INFO	[2015-03-24 13:06:16:868] <11465> rProdNm:낙태반대운동연합
INFO	[2015-03-24 13:06:16:868] <11465> rAmt:1000
INFO	[2015-03-24 13:06:16:868] <11465> rInstmt:00
INFO	[2015-03-24 13:06:16:868] <11465> rSuccYn:y
INFO	[2015-03-24 13:06:16:868] <11465> rResMsg:정상:20150324_010252_
INFO	[2015-03-24 13:06:16:868] <11465> rApprTm:20150324130120
INFO	[2015-03-24 13:06:16:868] <11465> rCardCd:0100
INFO	[2015-03-24 13:06:16:868] <11465> ]
INFO	[2015-03-24 13:06:16:868] <11465> END  정상:20150324_010252_ Transaction time:[2.91sec]
INFO	[2015-03-24 13:06:16:868] <11465> ===============================================================
