INFO	[2015-04-06 00:01:15:158] <30782> ===============================================================
INFO	[2015-04-06 00:01:15:158] <30782> START AgsPay40 php (OS:Linux2.6.18-348.4.1.el5,PHP:5.2.9p2)
INFO	[2015-04-06 00:01:15:158] <30782> card Pay Start!
INFO	[2015-04-06 00:01:15:158] <30782> AgsPayHome:../agspay
INFO	[2015-04-06 00:01:15:158] <30782> StoreId:clovergd
INFO	[2015-04-06 00:01:15:158] <30782> log:true
INFO	[2015-04-06 00:01:15:158] <30782> logLevel:INFO
INFO	[2015-04-06 00:01:15:158] <30782> UseNetCancel:true
INFO	[2015-04-06 00:01:15:158] <30782> Type:Pay
INFO	[2015-04-06 00:01:15:158] <30782> RecvLen:7
INFO	[2015-04-06 00:01:15:158] <30782> AuthTy:card
INFO	[2015-04-06 00:01:15:158] <30782> SubTy:isp
INFO	[2015-04-06 00:01:15:158] <30782> OrdNo:20150405_115919_i01
INFO	[2015-04-06 00:01:15:158] <30782> Amt:1000
INFO	[2015-04-06 00:01:15:158] <30782> UserEmail:to_shin@nate.com@
INFO	[2015-04-06 00:01:15:158] <30782> ProdNm:안산평화의집
INFO	[2015-04-06 00:01:15:158] <30782> MallUrl:http://www.clovergarden.com
INFO	[2015-04-06 00:01:15:158] <30782> UserId:
INFO	[2015-04-06 00:01:15:158] <30782> OrdNm:12313
INFO	[2015-04-06 00:01:15:158] <30782> OrdPhone:123-123-123
INFO	[2015-04-06 00:01:15:158] <30782> OrdAddr:
INFO	[2015-04-06 00:01:15:158] <30782> RcpNm:
INFO	[2015-04-06 00:01:15:158] <30782> RcpPhone:
INFO	[2015-04-06 00:01:15:158] <30782> DlvAddr:
INFO	[2015-04-06 00:01:15:158] <30782> Remark:
INFO	[2015-04-06 00:01:15:158] <30782> DeviId:9000400001
INFO	[2015-04-06 00:01:15:158] <30782> AuthYn:N;121.168.57.33
INFO	[2015-04-06 00:01:15:158] <30782> Instmt:
INFO	[2015-04-06 00:01:15:158] <30782> UserIp:121.168.57.33
INFO	[2015-04-06 00:01:15:158] <30782> partial_mm:00
INFO	[2015-04-06 00:01:15:158] <30782> noIntMonth:
INFO	[2015-04-06 00:01:15:158] <30782> KVP_CURRENCY:WON
INFO	[2015-04-06 00:01:15:159] <30782> KVP_CARDCODE:040100030369931;121.168.57.33;N;;1000;;;;
INFO	[2015-04-06 00:01:15:159] <30782> KVP_SESSIONKEY:EarJF+n9eUUCslVD2EjzZMcHQF5F56R1HOv4PwXl3tu96G755osJ70a5K19yhpk31mcT9ay09tSqrHn2SHCpf5LK9uCyohCHDsDBjvWd+62KGNayWqTZu6co6T15yOvgks6Ou4okEC9Z7LwVqBCbFHPtYezRmBUuLx6eI5mm13A=
INFO	[2015-04-06 00:01:15:159] <30782> KVP_ENCDATA:cdata=8SSSGeJF7eHp8uncSdhas8dJ3OZ6FHZeZZbs7DV8gtc/2SRmn5byUSkl0wvdsL0HGn5rWcZeMpj8XXk5q+33D13luCzifnYvyHxZcKx9Z+3KT3FLs1wEgUFD6Sbs+G1fC5ersLWd2YmV5dEI9DYEcMwZqJ4PRorWejFfFhGdpK2gsGsnRdEnIzSslc9MYx95gOFnB+fJXri3+9XZm3fX78zW4S/mqXF42XgljYkePIGF/huhNjt1UmHJTxYeunkFhaKK6CtBlV9WFw4r0Cuk/gQY7XlFcvPMcyRXKTBpYmVVOW4CFPCQcHifIhNdtfQizKyWLQxpNGZktPbsI16Hd85UONP6jrS517NeJoZ9sulC+xxB5Mr2TmTfIJKXBb0pyCUNPnRM8py+CgQF8Y6oLjedjXSMdrBLhI8IdK97mMgJbrq0MiudkioPl9224fgiCqN9t0c+BxSHtdGvUDWa7ukNhYTq/FSrdBGBwY2ZACs=
INFO	[2015-04-06 00:01:15:159] <30782> KVP_CONAME:ISP
INFO	[2015-04-06 00:01:15:159] <30782> KVP_NOINT:0
INFO	[2015-04-06 00:01:15:159] <30782> KVP_QUOTA:00
INFO	[2015-04-06 00:01:15:159] <30782> CardNo:
INFO	[2015-04-06 00:01:15:159] <30782> MPI_CAVV:
INFO	[2015-04-06 00:01:15:159] <30782> MPI_ECI:
INFO	[2015-04-06 00:01:15:159] <30782> MPI_MD64:
INFO	[2015-04-06 00:01:15:159] <30782> ExpMon:
INFO	[2015-04-06 00:01:15:159] <30782> ExpYear:
INFO	[2015-04-06 00:01:15:159] <30782> Passwd:
INFO	[2015-04-06 00:01:15:159] <30782> SocId:
INFO	[2015-04-06 00:01:15:159] <30782> ICHE_OUTBANKNAME:
INFO	[2015-04-06 00:01:15:159] <30782> ICHE_OUTACCTNO:
INFO	[2015-04-06 00:01:15:159] <30782> ICHE_OUTBANKMASTER:
INFO	[2015-04-06 00:01:15:159] <30782> ICHE_AMOUNT:
INFO	[2015-04-06 00:01:15:159] <30782> HP_SERVERINFO:
INFO	[2015-04-06 00:01:15:159] <30782> HP_HANDPHONE:
INFO	[2015-04-06 00:01:15:159] <30782> HP_COMPANY:
INFO	[2015-04-06 00:01:15:159] <30782> HP_ID:
INFO	[2015-04-06 00:01:15:159] <30782> HP_SUBID:
INFO	[2015-04-06 00:01:15:159] <30782> HP_UNITType:
INFO	[2015-04-06 00:01:15:159] <30782> HP_IDEN:
INFO	[2015-04-06 00:01:15:159] <30782> HP_IPADDR:
INFO	[2015-04-06 00:01:15:159] <30782> ARS_NAME:
INFO	[2015-04-06 00:01:15:159] <30782> ARS_PHONE:
INFO	[2015-04-06 00:01:15:159] <30782> VIRTUAL_CENTERCD:99
INFO	[2015-04-06 00:01:15:159] <30782> VIRTUAL_DEPODT:
INFO	[2015-04-06 00:01:15:159] <30782> ZuminCode:
INFO	[2015-04-06 00:01:15:159] <30782> MallPage:
INFO	[2015-04-06 00:01:15:159] <30782> VIRTUAL_NO:
INFO	[2015-04-06 00:01:15:159] <30782> ES_SENDNO:
INFO	[2015-04-06 00:01:15:159] <30782> ICHE_SOCKETYN:Y
INFO	[2015-04-06 00:01:15:159] <30782> ICHE_POSMTID:
INFO	[2015-04-06 00:01:15:159] <30782> ICHE_FNBCMTID:
INFO	[2015-04-06 00:01:15:159] <30782> ICHE_APTRTS:
INFO	[2015-04-06 00:01:15:159] <30782> ICHE_REMARK1:
INFO	[2015-04-06 00:01:15:159] <30782> ICHE_REMARK2:
INFO	[2015-04-06 00:01:15:159] <30782> ICHE_ECWYN:
INFO	[2015-04-06 00:01:15:159] <30782> ICHE_ECWID:
INFO	[2015-04-06 00:01:15:159] <30782> ICHE_ECWAMT1:
INFO	[2015-04-06 00:01:15:159] <30782> ICHE_ECWAMT2:
INFO	[2015-04-06 00:01:15:159] <30782> ICHE_CASHYN:N
INFO	[2015-04-06 00:01:15:159] <30782> ICHE_CASHGUBUN_CD:
INFO	[2015-04-06 00:01:15:159] <30782> ICHE_CASHID_NO:
INFO	[2015-04-06 00:01:15:159] <30782> ICHEARS_SOCKETYN:Y
INFO	[2015-04-06 00:01:15:160] <30782> ICHEARS_ADMNO:
INFO	[2015-04-06 00:01:15:160] <30782> ICHEARS_POSMTID:
INFO	[2015-04-06 00:01:15:160] <30782> ICHEARS_CENTERCD:
INFO	[2015-04-06 00:01:15:160] <30782> ICHEARS_HPNO:
INFO	[2015-04-06 00:01:15:160] <30782> Make NetCancel ID Start
INFO	[2015-04-06 00:01:15:160] <30782> AEGIS_ISP_clovergd_20150406000115160507
INFO	[2015-04-06 00:01:15:160] <30782> Make NetCancel ID End
INFO	[2015-04-06 00:01:15:160] <30782> Make NetCancelID OK
INFO	[2015-04-06 00:01:15:160] <30782> Make Msg Start
INFO	[2015-04-06 00:01:15:160] <30782> card-isp Make MSG OK 
INFO	[2015-04-06 00:01:15:160] <30782> Make Msg End
INFO	[2015-04-06 00:01:15:160] <30782> Make Pay Msg OK
INFO	[2015-04-06 00:01:15:160] <30782> Send & Recv Msg Start
INFO	[2015-04-06 00:01:15:160] <30782> Send Data To PG Start [ 
INFO	[2015-04-06 00:01:15:160] <30782> 0:0008872plug15
INFO	[2015-04-06 00:01:15:160] <30782> 1:clovergd
INFO	[2015-04-06 00:01:15:160] <30782> 2:
INFO	[2015-04-06 00:01:15:160] <30782> 3:1000
INFO	[2015-04-06 00:01:15:160] <30782> 4:20150405_115919_i01
INFO	[2015-04-06 00:01:15:160] <30782> 5:9000400001
INFO	[2015-04-06 00:01:15:160] <30782> 6:
INFO	[2015-04-06 00:01:15:160] <30782> 7:
INFO	[2015-04-06 00:01:15:160] <30782> 8:
INFO	[2015-04-06 00:01:15:160] <30782> 9:12313
INFO	[2015-04-06 00:01:15:160] <30782> 10:123-123-123
INFO	[2015-04-06 00:01:15:160] <30782> 11:
INFO	[2015-04-06 00:01:15:160] <30782> 12:안산평화의집
INFO	[2015-04-06 00:01:15:160] <30782> 13:WON
INFO	[2015-04-06 00:01:15:160] <30782> 14:00
INFO	[2015-04-06 00:01:15:160] <30782> 15:
INFO	[2015-04-06 00:01:15:160] <30782> 16:040100030369931;121.168.57.33;N;;1000;;;;
INFO	[2015-04-06 00:01:15:160] <30782> 17:EarJF+n9eUUCslVD2EjzZMcHQF5F56R1HOv4PwXl3tu96G755osJ70a5K19yhpk31mcT9ay09tSqrHn2SHCpf5LK9uCyohCHDsDBjvWd+62KGNayWqTZu6co6T15yOvgks6Ou4okEC9Z7LwVqBCbFHPtYezRmBUuLx6eI5mm13A=
INFO	[2015-04-06 00:01:15:160] <30782> 18:cdata=8SSSGeJF7eHp8uncSdhas8dJ3OZ6FHZeZZbs7DV8gtc/2SRmn5byUSkl0wvdsL0HGn5rWcZeMpj8XXk5q+33D13luCzifnYvyHxZcKx9Z+3KT3FLs1wEgUFD6Sbs+G1fC5ersLWd2YmV5dEI9DYEcMwZqJ4PRorWejFfFhGdpK2gsGsnRdEnIzSslc9MYx95gOFnB+fJXri3+9XZm3fX78zW4S/mqXF42XgljYkePIGF/huhNjt1UmHJTxYeunkFhaKK6CtBlV9WFw4r0Cuk/gQY7XlFcvPMcyRXKTBpYmVVOW4CFPCQcHifIhNdtfQizKyWLQxpNGZktPbsI16Hd85UONP6jrS517NeJoZ9sulC+xxB5Mr2TmTfIJKXBb0pyCUNPnRM8py+CgQF8Y6oLjedjXSMdrBLhI8IdK97mMgJbrq0MiudkioPl9224fgiCqN9t0c+BxSHtdGvUDWa7ukNhYTq/FSrdBGBwY2ZACs=
INFO	[2015-04-06 00:01:15:160] <30782> 19:ISP
INFO	[2015-04-06 00:01:15:160] <30782> 20:121.168.57.33
INFO	[2015-04-06 00:01:15:160] <30782> 21:to_shin@nate.com@
INFO	[2015-04-06 00:01:15:160] <30782> 22:AEGIS_ISP_clovergd_20150406000115160507
INFO	[2015-04-06 00:01:15:160] <30782> 23:
INFO	[2015-04-06 00:01:15:160] <30782> ] Send Data To PG End 
INFO	[2015-04-06 00:01:15:160] <30782> SendMsg : [0008872plug15|clovergd||1000|20150405_115919_i01|9000400001||||12313|123-123-123||안산평화의집|WON|00||040100030369931;121.168.57.33;N;;1000;;;;|EarJF+n9eUUCslVD2EjzZMcHQF5F56R1HOv4PwXl3tu96G755osJ70a5K19yhpk31mcT9ay09tSqrHn2SHCpf5LK9uCyohCHDsDBjvWd+62KGNayWqTZu6co6T15yOvgks6Ou4okEC9Z7LwVqBCbFHPtYezRmBUuLx6eI5mm13A=|cdata=8SSSGeJF7eHp8uncSdhas8dJ3OZ6FHZeZZbs7DV8gtc/2SRmn5byUSkl0wvdsL0HGn5rWcZeMpj8XXk5q+33D13luCzifnYvyHxZcKx9Z+3KT3FLs1wEgUFD6Sbs+G1fC5ersLWd2YmV5dEI9DYEcMwZqJ4PRorWejFfFhGdpK2gsGsnRdEnIzSslc9MYx95gOFnB+fJXri3+9XZm3fX78zW4S/mqXF42XgljYkePIGF/huhNjt1UmHJTxYeunkFhaKK6CtBlV9WFw4r0Cuk/gQY7XlFcvPMcyRXKTBpYmVVOW4CFPCQcHifIhNdtfQizKyWLQxpNGZktPbsI16Hd85UONP6jrS517NeJoZ9sulC+xxB5Mr2TmTfIJKXBb0pyCUNPnRM8py+CgQF8Y6oLjedjXSMdrBLhI8IdK97mMgJbrq0MiudkioPl9224fgiCqN9t0c+BxSHtdGvUDWa7ukNhYTq/FSrdBGBwY2ZACs=|ISP|121.168.57.33|to_shin@nate.com@|AEGIS_ISP_clovergd_20150406000115160507|]
INFO	[2015-04-06 00:01:15:160] <30782> Connect IP:[220.85.12.3] Port:[29760]
INFO	[2015-04-06 00:01:15:163] <30782> Socket Open OK
INFO	[2015-04-06 00:01:17:382] <30782> RecvMsg Length : [000083]
INFO	[2015-04-06 00:01:17:382] <30782> RecvMsg : [clovergd|0610|105403|51710122|1000|y|정상:20150405_115919_i01|20150405235608|0100|
]
INFO	[2015-04-06 00:01:17:382] <30782> Socket Close OK
INFO	[2015-04-06 00:01:17:382] <30782> RecvMsg Length Check OK
INFO	[2015-04-06 00:01:17:382] <30782> Send & Recv Msg End
INFO	[2015-04-06 00:01:17:382] <30782> Send & Recv Msg OK
INFO	[2015-04-06 00:01:17:382] <30782> Parse Msg Start
INFO	[2015-04-06 00:01:17:382] <30782> card-isp RECV MSG Parsing OK 
INFO	[2015-04-06 00:01:17:382] <30782> Parse Msg End
INFO	[2015-04-06 00:01:17:382] <30782> Msg Parsing OK
INFO	[2015-04-06 00:01:17:382] <30782> card Pay Result Value [
INFO	[2015-04-06 00:01:17:382] <30782> NetCancID:AEGIS_ISP_clovergd_20150406000115160507
INFO	[2015-04-06 00:01:17:382] <30782> rStoreId:clovergd
INFO	[2015-04-06 00:01:17:382] <30782> rBusiCd:0610
INFO	[2015-04-06 00:01:17:382] <30782> rOrdNo:20150405_115919_i01
INFO	[2015-04-06 00:01:17:382] <30782> rDealNo:105403
INFO	[2015-04-06 00:01:17:382] <30782> rApprNo:51710122
INFO	[2015-04-06 00:01:17:382] <30782> rProdNm:안산평화의집
INFO	[2015-04-06 00:01:17:382] <30782> rAmt:1000
INFO	[2015-04-06 00:01:17:382] <30782> rInstmt:00
INFO	[2015-04-06 00:01:17:382] <30782> rSuccYn:y
INFO	[2015-04-06 00:01:17:382] <30782> rResMsg:정상:20150405_115919_i01
INFO	[2015-04-06 00:01:17:382] <30782> rApprTm:20150405235608
INFO	[2015-04-06 00:01:17:382] <30782> rCardCd:0100
INFO	[2015-04-06 00:01:17:382] <30782> ]
INFO	[2015-04-06 00:01:17:382] <30782> END  정상:20150405_115919_i01 Transaction time:[2.22sec]
INFO	[2015-04-06 00:01:17:382] <30782> ===============================================================
INFO	[2015-04-06 00:14:02:934] <30616> ===============================================================
INFO	[2015-04-06 00:14:02:934] <30616> START AgsPay40 php (OS:Linux2.6.18-348.4.1.el5,PHP:5.2.9p2)
INFO	[2015-04-06 00:14:02:934] <30616> card Pay Start!
INFO	[2015-04-06 00:14:02:934] <30616> AgsPayHome:../agspay
INFO	[2015-04-06 00:14:02:934] <30616> StoreId:clovergd
INFO	[2015-04-06 00:14:02:934] <30616> log:true
INFO	[2015-04-06 00:14:02:934] <30616> logLevel:INFO
INFO	[2015-04-06 00:14:02:934] <30616> UseNetCancel:true
INFO	[2015-04-06 00:14:02:934] <30616> Type:Pay
INFO	[2015-04-06 00:14:02:934] <30616> RecvLen:7
INFO	[2015-04-06 00:14:02:934] <30616> AuthTy:card
INFO	[2015-04-06 00:14:02:934] <30616> SubTy:isp
INFO	[2015-04-06 00:14:02:934] <30616> OrdNo:20150406_121250_h01
INFO	[2015-04-06 00:14:02:934] <30616> Amt:1000
INFO	[2015-04-06 00:14:02:934] <30616> UserEmail:master@
INFO	[2015-04-06 00:14:02:934] <30616> ProdNm:아름다운학교
INFO	[2015-04-06 00:14:02:934] <30616> MallUrl:http://www.clovergarden.com
INFO	[2015-04-06 00:14:02:934] <30616> UserId:master@clovergarden.co.kr
INFO	[2015-04-06 00:14:02:934] <30616> OrdNm:관리자
INFO	[2015-04-06 00:14:02:934] <30616> OrdPhone:010-3025-7920
INFO	[2015-04-06 00:14:02:934] <30616> OrdAddr:
INFO	[2015-04-06 00:14:02:934] <30616> RcpNm:
INFO	[2015-04-06 00:14:02:934] <30616> RcpPhone:
INFO	[2015-04-06 00:14:02:934] <30616> DlvAddr:
INFO	[2015-04-06 00:14:02:934] <30616> Remark:
INFO	[2015-04-06 00:14:02:934] <30616> DeviId:9000400001
INFO	[2015-04-06 00:14:02:934] <30616> AuthYn:N;121.168.57.33
INFO	[2015-04-06 00:14:02:934] <30616> Instmt:
INFO	[2015-04-06 00:14:02:934] <30616> UserIp:121.168.57.33
INFO	[2015-04-06 00:14:02:934] <30616> partial_mm:00
INFO	[2015-04-06 00:14:02:934] <30616> noIntMonth:
INFO	[2015-04-06 00:14:02:934] <30616> KVP_CURRENCY:WON
INFO	[2015-04-06 00:14:02:934] <30616> KVP_CARDCODE:040100030369931;121.168.57.33;N;;1000;;;;
INFO	[2015-04-06 00:14:02:934] <30616> KVP_SESSIONKEY:D9QzPmnTKpgaQ4eQMdFZV4KLAo8wgpshz6+Uc3qjzbPE/OxxzNIqhFWxYGln5efehyM4xgMUmtsQHVxFB3DuSR/7nXQQEUBQyVDQ5WMcP5sCCvD1WukpSowMnC2ypOKFEaUSs6avK+5/AWZWjTFtRTJV+Gd4EjtWJq2YXw4BeTs=
INFO	[2015-04-06 00:14:02:934] <30616> KVP_ENCDATA:cdata=bOr9qVTP6sr7SuqlSB0KghRI2y1SyEEalriFy2fNnikUeJUukDlhVjpNzlojrfIeGYiZRtvklLkoB0b/N1OHI29LpE4tFzCWDMZGjKaXU5mjKN9Mtogjjhuh6nznnwMk06Rk9ILUoBOeqLvviTRG6d7vK8JQWlPFs7DIYVq4EDs4c0alcAfvyZFvHeuUswv7L9vfuXOJBXERe6wWAL4UXF2OYy55GxOQaUFp+AhcUeLasMkZ+JKuH5vwSCagrWTNPKJ5WIZrv7d09pwRcn6F2/VkdSNec9rY72l/SdOGIvT38xAvlTYTeoCkaXNB9++cByeuZtKUFdOG/1sjefBCNzAHwKOJyVXjiRh0mhLOZpWP1kVE7LAz9HHMOs+sj3pXizMR7MERgd0BWrtevTiv38IuLKlUwlp+vm9/dulqT4uZuHIMhCeU0dg53QwuZk8EtqrBf7pLAov0qPdCVhdC/wnI3ZsfB/zyT9esvglSrIs=
INFO	[2015-04-06 00:14:02:934] <30616> KVP_CONAME:ISP
INFO	[2015-04-06 00:14:02:935] <30616> KVP_NOINT:0
INFO	[2015-04-06 00:14:02:935] <30616> KVP_QUOTA:00
INFO	[2015-04-06 00:14:02:935] <30616> CardNo:
INFO	[2015-04-06 00:14:02:935] <30616> MPI_CAVV:
INFO	[2015-04-06 00:14:02:935] <30616> MPI_ECI:
INFO	[2015-04-06 00:14:02:935] <30616> MPI_MD64:
INFO	[2015-04-06 00:14:02:935] <30616> ExpMon:
INFO	[2015-04-06 00:14:02:935] <30616> ExpYear:
INFO	[2015-04-06 00:14:02:935] <30616> Passwd:
INFO	[2015-04-06 00:14:02:935] <30616> SocId:
INFO	[2015-04-06 00:14:02:935] <30616> ICHE_OUTBANKNAME:
INFO	[2015-04-06 00:14:02:935] <30616> ICHE_OUTACCTNO:
INFO	[2015-04-06 00:14:02:935] <30616> ICHE_OUTBANKMASTER:
INFO	[2015-04-06 00:14:02:935] <30616> ICHE_AMOUNT:
INFO	[2015-04-06 00:14:02:935] <30616> HP_SERVERINFO:
INFO	[2015-04-06 00:14:02:935] <30616> HP_HANDPHONE:
INFO	[2015-04-06 00:14:02:935] <30616> HP_COMPANY:
INFO	[2015-04-06 00:14:02:935] <30616> HP_ID:
INFO	[2015-04-06 00:14:02:935] <30616> HP_SUBID:
INFO	[2015-04-06 00:14:02:935] <30616> HP_UNITType:
INFO	[2015-04-06 00:14:02:935] <30616> HP_IDEN:
INFO	[2015-04-06 00:14:02:935] <30616> HP_IPADDR:
INFO	[2015-04-06 00:14:02:935] <30616> ARS_NAME:
INFO	[2015-04-06 00:14:02:935] <30616> ARS_PHONE:
INFO	[2015-04-06 00:14:02:935] <30616> VIRTUAL_CENTERCD:99
INFO	[2015-04-06 00:14:02:935] <30616> VIRTUAL_DEPODT:
INFO	[2015-04-06 00:14:02:935] <30616> ZuminCode:
INFO	[2015-04-06 00:14:02:935] <30616> MallPage:
INFO	[2015-04-06 00:14:02:935] <30616> VIRTUAL_NO:
INFO	[2015-04-06 00:14:02:935] <30616> ES_SENDNO:
INFO	[2015-04-06 00:14:02:935] <30616> ICHE_SOCKETYN:Y
INFO	[2015-04-06 00:14:02:935] <30616> ICHE_POSMTID:
INFO	[2015-04-06 00:14:02:935] <30616> ICHE_FNBCMTID:
INFO	[2015-04-06 00:14:02:935] <30616> ICHE_APTRTS:
INFO	[2015-04-06 00:14:02:935] <30616> ICHE_REMARK1:
INFO	[2015-04-06 00:14:02:935] <30616> ICHE_REMARK2:
INFO	[2015-04-06 00:14:02:935] <30616> ICHE_ECWYN:
INFO	[2015-04-06 00:14:02:935] <30616> ICHE_ECWID:
INFO	[2015-04-06 00:14:02:935] <30616> ICHE_ECWAMT1:
INFO	[2015-04-06 00:14:02:935] <30616> ICHE_ECWAMT2:
INFO	[2015-04-06 00:14:02:935] <30616> ICHE_CASHYN:N
INFO	[2015-04-06 00:14:02:935] <30616> ICHE_CASHGUBUN_CD:
INFO	[2015-04-06 00:14:02:935] <30616> ICHE_CASHID_NO:
INFO	[2015-04-06 00:14:02:935] <30616> ICHEARS_SOCKETYN:Y
INFO	[2015-04-06 00:14:02:935] <30616> ICHEARS_ADMNO:
INFO	[2015-04-06 00:14:02:935] <30616> ICHEARS_POSMTID:
INFO	[2015-04-06 00:14:02:935] <30616> ICHEARS_CENTERCD:
INFO	[2015-04-06 00:14:02:935] <30616> ICHEARS_HPNO:
INFO	[2015-04-06 00:14:02:936] <30616> Make NetCancel ID Start
INFO	[2015-04-06 00:14:02:936] <30616> AEGIS_ISP_clovergd_20150406001402936806
INFO	[2015-04-06 00:14:02:936] <30616> Make NetCancel ID End
INFO	[2015-04-06 00:14:02:936] <30616> Make NetCancelID OK
INFO	[2015-04-06 00:14:02:936] <30616> Make Msg Start
INFO	[2015-04-06 00:14:02:936] <30616> card-isp Make MSG OK 
INFO	[2015-04-06 00:14:02:936] <30616> Make Msg End
INFO	[2015-04-06 00:14:02:936] <30616> Make Pay Msg OK
INFO	[2015-04-06 00:14:02:936] <30616> Send & Recv Msg Start
INFO	[2015-04-06 00:14:02:936] <30616> Send Data To PG Start [ 
INFO	[2015-04-06 00:14:02:936] <30616> 0:0009052plug15
INFO	[2015-04-06 00:14:02:936] <30616> 1:clovergd
INFO	[2015-04-06 00:14:02:936] <30616> 2:master@clovergarden.co.kr
INFO	[2015-04-06 00:14:02:936] <30616> 3:1000
INFO	[2015-04-06 00:14:02:936] <30616> 4:20150406_121250_h01
INFO	[2015-04-06 00:14:02:936] <30616> 5:9000400001
INFO	[2015-04-06 00:14:02:936] <30616> 6:
INFO	[2015-04-06 00:14:02:936] <30616> 7:
INFO	[2015-04-06 00:14:02:936] <30616> 8:
INFO	[2015-04-06 00:14:02:936] <30616> 9:관리자
INFO	[2015-04-06 00:14:02:936] <30616> 10:010-3025-7920
INFO	[2015-04-06 00:14:02:936] <30616> 11:
INFO	[2015-04-06 00:14:02:936] <30616> 12:아름다운학교
INFO	[2015-04-06 00:14:02:936] <30616> 13:WON
INFO	[2015-04-06 00:14:02:936] <30616> 14:00
INFO	[2015-04-06 00:14:02:936] <30616> 15:
INFO	[2015-04-06 00:14:02:936] <30616> 16:040100030369931;121.168.57.33;N;;1000;;;;
INFO	[2015-04-06 00:14:02:936] <30616> 17:D9QzPmnTKpgaQ4eQMdFZV4KLAo8wgpshz6+Uc3qjzbPE/OxxzNIqhFWxYGln5efehyM4xgMUmtsQHVxFB3DuSR/7nXQQEUBQyVDQ5WMcP5sCCvD1WukpSowMnC2ypOKFEaUSs6avK+5/AWZWjTFtRTJV+Gd4EjtWJq2YXw4BeTs=
INFO	[2015-04-06 00:14:02:936] <30616> 18:cdata=bOr9qVTP6sr7SuqlSB0KghRI2y1SyEEalriFy2fNnikUeJUukDlhVjpNzlojrfIeGYiZRtvklLkoB0b/N1OHI29LpE4tFzCWDMZGjKaXU5mjKN9Mtogjjhuh6nznnwMk06Rk9ILUoBOeqLvviTRG6d7vK8JQWlPFs7DIYVq4EDs4c0alcAfvyZFvHeuUswv7L9vfuXOJBXERe6wWAL4UXF2OYy55GxOQaUFp+AhcUeLasMkZ+JKuH5vwSCagrWTNPKJ5WIZrv7d09pwRcn6F2/VkdSNec9rY72l/SdOGIvT38xAvlTYTeoCkaXNB9++cByeuZtKUFdOG/1sjefBCNzAHwKOJyVXjiRh0mhLOZpWP1kVE7LAz9HHMOs+sj3pXizMR7MERgd0BWrtevTiv38IuLKlUwlp+vm9/dulqT4uZuHIMhCeU0dg53QwuZk8EtqrBf7pLAov0qPdCVhdC/wnI3ZsfB/zyT9esvglSrIs=
INFO	[2015-04-06 00:14:02:936] <30616> 19:ISP
INFO	[2015-04-06 00:14:02:936] <30616> 20:121.168.57.33
INFO	[2015-04-06 00:14:02:936] <30616> 21:master@
INFO	[2015-04-06 00:14:02:936] <30616> 22:AEGIS_ISP_clovergd_20150406001402936806
INFO	[2015-04-06 00:14:02:936] <30616> 23:
INFO	[2015-04-06 00:14:02:936] <30616> ] Send Data To PG End 
INFO	[2015-04-06 00:14:02:936] <30616> SendMsg : [0009052plug15|clovergd|master@clovergarden.co.kr|1000|20150406_121250_h01|9000400001||||관리자|010-3025-7920||아름다운학교|WON|00||040100030369931;121.168.57.33;N;;1000;;;;|D9QzPmnTKpgaQ4eQMdFZV4KLAo8wgpshz6+Uc3qjzbPE/OxxzNIqhFWxYGln5efehyM4xgMUmtsQHVxFB3DuSR/7nXQQEUBQyVDQ5WMcP5sCCvD1WukpSowMnC2ypOKFEaUSs6avK+5/AWZWjTFtRTJV+Gd4EjtWJq2YXw4BeTs=|cdata=bOr9qVTP6sr7SuqlSB0KghRI2y1SyEEalriFy2fNnikUeJUukDlhVjpNzlojrfIeGYiZRtvklLkoB0b/N1OHI29LpE4tFzCWDMZGjKaXU5mjKN9Mtogjjhuh6nznnwMk06Rk9ILUoBOeqLvviTRG6d7vK8JQWlPFs7DIYVq4EDs4c0alcAfvyZFvHeuUswv7L9vfuXOJBXERe6wWAL4UXF2OYy55GxOQaUFp+AhcUeLasMkZ+JKuH5vwSCagrWTNPKJ5WIZrv7d09pwRcn6F2/VkdSNec9rY72l/SdOGIvT38xAvlTYTeoCkaXNB9++cByeuZtKUFdOG/1sjefBCNzAHwKOJyVXjiRh0mhLOZpWP1kVE7LAz9HHMOs+sj3pXizMR7MERgd0BWrtevTiv38IuLKlUwlp+vm9/dulqT4uZuHIMhCeU0dg53QwuZk8EtqrBf7pLAov0qPdCVhdC/wnI3ZsfB/zyT9esvglSrIs=|ISP|121.168.57.33|master@|AEGIS_ISP_clovergd_20150406001402936806|]
INFO	[2015-04-06 00:14:02:936] <30616> Connect IP:[220.85.12.3] Port:[29760]
INFO	[2015-04-06 00:14:02:939] <30616> Socket Open OK
INFO	[2015-04-06 00:14:05:412] <30616> RecvMsg Length : [000083]
INFO	[2015-04-06 00:14:05:412] <30616> RecvMsg : [clovergd|0610|100120|51718357|1000|y|정상:20150406_121250_h01|20150406001404|0100|
]
INFO	[2015-04-06 00:14:05:412] <30616> Socket Close OK
INFO	[2015-04-06 00:14:05:412] <30616> RecvMsg Length Check OK
INFO	[2015-04-06 00:14:05:412] <30616> Send & Recv Msg End
INFO	[2015-04-06 00:14:05:412] <30616> Send & Recv Msg OK
INFO	[2015-04-06 00:14:05:412] <30616> Parse Msg Start
INFO	[2015-04-06 00:14:05:412] <30616> card-isp RECV MSG Parsing OK 
INFO	[2015-04-06 00:14:05:412] <30616> Parse Msg End
INFO	[2015-04-06 00:14:05:412] <30616> Msg Parsing OK
INFO	[2015-04-06 00:14:05:412] <30616> card Pay Result Value [
INFO	[2015-04-06 00:14:05:412] <30616> NetCancID:AEGIS_ISP_clovergd_20150406001402936806
INFO	[2015-04-06 00:14:05:412] <30616> rStoreId:clovergd
INFO	[2015-04-06 00:14:05:412] <30616> rBusiCd:0610
INFO	[2015-04-06 00:14:05:412] <30616> rOrdNo:20150406_121250_h01
INFO	[2015-04-06 00:14:05:413] <30616> rDealNo:100120
INFO	[2015-04-06 00:14:05:413] <30616> rApprNo:51718357
INFO	[2015-04-06 00:14:05:413] <30616> rProdNm:아름다운학교
INFO	[2015-04-06 00:14:05:413] <30616> rAmt:1000
INFO	[2015-04-06 00:14:05:413] <30616> rInstmt:00
INFO	[2015-04-06 00:14:05:413] <30616> rSuccYn:y
INFO	[2015-04-06 00:14:05:413] <30616> rResMsg:정상:20150406_121250_h01
INFO	[2015-04-06 00:14:05:413] <30616> rApprTm:20150406001404
INFO	[2015-04-06 00:14:05:413] <30616> rCardCd:0100
INFO	[2015-04-06 00:14:05:413] <30616> ]
INFO	[2015-04-06 00:14:05:413] <30616> END  정상:20150406_121250_h01 Transaction time:[2.48sec]
INFO	[2015-04-06 00:14:05:413] <30616> ===============================================================
